2024-03-22T15:54:34.434169+0545 - [Info]: ####### CONNECTION --> Starting ORACLE Jobs #######
2024-03-22T15:54:34.434169+0545 - ~~~~~~~~~~~~~~~~~~~~~~~~~~~~~~~~~~~~~~~~~~~~~~~~~~~~~~~~~~~~~~~~~~~~~~~~~~~~~~~~~~~~~~~~~~~~~~~~~~~~
2024-03-22T15:54:34.624466+0545 - [Info]: Connection has been established sucessfully
2024-03-22T15:54:34.624466+0545 - ~~~~~~~~~~~~~~~~~~~~~~~~~~~~~~~~~~~~~~~~~~~~~~~~~~~~~~~~~~~~~~~~~~~~~~~~~~~~~~~~~~~~~~~~~~~~~~~~~~~~
2024-03-22T15:54:34.630723+0545 - [Info]: Fetching ALL data SUCCESSFUL
2024-03-22T15:54:34.630723+0545 - ~~~~~~~~~~~~~~~~~~~~~~~~~~~~~~~~~~~~~~~~~~~~~~~~~~~~~~~~~~~~~~~~~~~~~~~~~~~~~~~~~~~~~~~~~~~~~~~~~~~~
2024-03-22T15:54:34.631495+0545 - [Info]: Column Fetching has been SUCCESSFUL
2024-03-22T15:54:34.631495+0545 - ~~~~~~~~~~~~~~~~~~~~~~~~~~~~~~~~~~~~~~~~~~~~~~~~~~~~~~~~~~~~~~~~~~~~~~~~~~~~~~~~~~~~~~~~~~~~~~~~~~~~
2024-03-22T15:54:34.633455+0545 - [Info]: ####### CONNECTION --> Starting SNOWFLAKE Jobs #######
2024-03-22T15:54:34.633580+0545 - ~~~~~~~~~~~~~~~~~~~~~~~~~~~~~~~~~~~~~~~~~~~~~~~~~~~~~~~~~~~~~~~~~~~~~~~~~~~~~~~~~~~~~~~~~~~~~~~~~~~~
2024-03-22T15:54:35.510952+0545 - [Info]: Snowflake has been connected successfully
2024-03-22T15:54:35.510952+0545 - ~~~~~~~~~~~~~~~~~~~~~~~~~~~~~~~~~~~~~~~~~~~~~~~~~~~~~~~~~~~~~~~~~~~~~~~~~~~~~~~~~~~~~~~~~~~~~~~~~~~~
2024-03-22T15:54:35.660761+0545 - [Info]: Query has been executed successfully: 
    CREATE STAGE IF NOT EXISTS RAW_STAGE
    COMMENT = 'Internal Stage for storing CSV files of raw data from Oracle'
    
2024-03-22T15:54:35.661764+0545 - ~~~~~~~~~~~~~~~~~~~~~~~~~~~~~~~~~~~~~~~~~~~~~~~~~~~~~~~~~~~~~~~~~~~~~~~~~~~~~~~~~~~~~~~~~~~~~~~~~~~~
2024-03-22T15:54:37.381798+0545 - [Info]: Query has been executed successfully: PUT file://C:/Users/shusant.sapkota/ETLProject/pythonProject/dump/raw/v_district_tr/raw_v_district_tr_full_data_from_oracle.csv @RAW_STAGE/V_DISTRICT_TR_RAW AUTO_COMPRESS = FALSE OVERWRITE=TRUE
2024-03-22T15:54:37.381798+0545 - ~~~~~~~~~~~~~~~~~~~~~~~~~~~~~~~~~~~~~~~~~~~~~~~~~~~~~~~~~~~~~~~~~~~~~~~~~~~~~~~~~~~~~~~~~~~~~~~~~~~~
2024-03-22T15:54:37.533572+0545 - [Info]: Query has been executed successfully: 
                    CREATE TABLE IF NOT EXISTS V_DISTRICT_TR (
                      DISTRICT_ID INT,
                      DISTRICT_DESC VARCHAR(40)
                    )
2024-03-22T15:54:37.534631+0545 - ~~~~~~~~~~~~~~~~~~~~~~~~~~~~~~~~~~~~~~~~~~~~~~~~~~~~~~~~~~~~~~~~~~~~~~~~~~~~~~~~~~~~~~~~~~~~~~~~~~~~
2024-03-22T15:54:37.728531+0545 - [Info]: Query has been executed successfully: TRUNCATE V_DISTRICT_TR
2024-03-22T15:54:37.729530+0545 - ~~~~~~~~~~~~~~~~~~~~~~~~~~~~~~~~~~~~~~~~~~~~~~~~~~~~~~~~~~~~~~~~~~~~~~~~~~~~~~~~~~~~~~~~~~~~~~~~~~~~
2024-03-22T15:54:38.273460+0545 - [Info]: Query has been executed successfully: COPY INTO V_DISTRICT_TR FROM @RAW_STAGE/V_DISTRICT_TR_RAW/raw_v_district_tr_full_data_from_oracle.csv FILE_FORMAT = (FIELD_DELIMITER = ',' SKIP_HEADER=1)
2024-03-22T15:54:38.273460+0545 - ~~~~~~~~~~~~~~~~~~~~~~~~~~~~~~~~~~~~~~~~~~~~~~~~~~~~~~~~~~~~~~~~~~~~~~~~~~~~~~~~~~~~~~~~~~~~~~~~~~~~
2024-03-22T15:54:38.284671+0545 - [Info]: Connection has been closed successfully
2024-03-22T15:54:38.285547+0545 - ~~~~~~~~~~~~~~~~~~~~~~~~~~~~~~~~~~~~~~~~~~~~~~~~~~~~~~~~~~~~~~~~~~~~~~~~~~~~~~~~~~~~~~~~~~~~~~~~~~~~
