2024-05-06T09:42:24.957558+0545 - [Info]: ####### CONNECTION --> Starting ORACLE Jobs #######
2024-05-06T09:42:24.957558+0545 - ~~~~~~~~~~~~~~~~~~~~~~~~~~~~~~~~~~~~~~~~~~~~~~~~~~~~~~~~~~~~~~~~~~~~~~~~~~~~~~~~~~~~~~~~~~~~~~~~~~~~
2024-05-06T09:42:25.143043+0545 - [Info]: Connection has been established sucessfully
2024-05-06T09:42:25.144041+0545 - ~~~~~~~~~~~~~~~~~~~~~~~~~~~~~~~~~~~~~~~~~~~~~~~~~~~~~~~~~~~~~~~~~~~~~~~~~~~~~~~~~~~~~~~~~~~~~~~~~~~~
2024-05-06T09:42:25.154749+0545 - [Info]: Fetching ALL data SUCCESSFUL
2024-05-06T09:42:25.155019+0545 - ~~~~~~~~~~~~~~~~~~~~~~~~~~~~~~~~~~~~~~~~~~~~~~~~~~~~~~~~~~~~~~~~~~~~~~~~~~~~~~~~~~~~~~~~~~~~~~~~~~~~
2024-05-06T09:42:25.156019+0545 - [Info]: Column Fetching has been SUCCESSFUL
2024-05-06T09:42:25.156019+0545 - ~~~~~~~~~~~~~~~~~~~~~~~~~~~~~~~~~~~~~~~~~~~~~~~~~~~~~~~~~~~~~~~~~~~~~~~~~~~~~~~~~~~~~~~~~~~~~~~~~~~~
2024-05-06T09:42:25.157667+0545 - [Info]: ####### CONNECTION --> Starting SNOWFLAKE Jobs #######
2024-05-06T09:42:25.157971+0545 - ~~~~~~~~~~~~~~~~~~~~~~~~~~~~~~~~~~~~~~~~~~~~~~~~~~~~~~~~~~~~~~~~~~~~~~~~~~~~~~~~~~~~~~~~~~~~~~~~~~~~
2024-05-06T09:42:25.833647+0545 - [Info]: Snowflake has been connected successfully
2024-05-06T09:42:25.834718+0545 - ~~~~~~~~~~~~~~~~~~~~~~~~~~~~~~~~~~~~~~~~~~~~~~~~~~~~~~~~~~~~~~~~~~~~~~~~~~~~~~~~~~~~~~~~~~~~~~~~~~~~
2024-05-06T09:42:25.939199+0545 - [Info]: Query has been executed successfully: 
    CREATE STAGE IF NOT EXISTS RAW_STAGE
    COMMENT = 'Internal Stage for storing CSV files of raw data from Oracle'
    
2024-05-06T09:42:25.940214+0545 - ~~~~~~~~~~~~~~~~~~~~~~~~~~~~~~~~~~~~~~~~~~~~~~~~~~~~~~~~~~~~~~~~~~~~~~~~~~~~~~~~~~~~~~~~~~~~~~~~~~~~
2024-05-06T09:42:26.924156+0545 - [Info]: Query has been executed successfully: PUT file://C:/Users/shusant.sapkota/ETLProject/pythonProject/dump/raw/v_district_loc/raw_v_district_loc_full_data_from_oracle.csv @RAW_STAGE/V_DISTRICT_LOC_RAW AUTO_COMPRESS = FALSE OVERWRITE=TRUE
2024-05-06T09:42:26.925155+0545 - ~~~~~~~~~~~~~~~~~~~~~~~~~~~~~~~~~~~~~~~~~~~~~~~~~~~~~~~~~~~~~~~~~~~~~~~~~~~~~~~~~~~~~~~~~~~~~~~~~~~~
2024-05-06T09:42:27.055619+0545 - [Info]: Query has been executed successfully: 
                    CREATE TABLE IF NOT EXISTS V_DISTRICT_LOC (
                      LOC_ID INT,
                      DISTRICT_ID INT
                    )
2024-05-06T09:42:27.055619+0545 - ~~~~~~~~~~~~~~~~~~~~~~~~~~~~~~~~~~~~~~~~~~~~~~~~~~~~~~~~~~~~~~~~~~~~~~~~~~~~~~~~~~~~~~~~~~~~~~~~~~~~
2024-05-06T09:42:27.178163+0545 - [Info]: Query has been executed successfully: TRUNCATE V_DISTRICT_LOC
2024-05-06T09:42:27.178163+0545 - ~~~~~~~~~~~~~~~~~~~~~~~~~~~~~~~~~~~~~~~~~~~~~~~~~~~~~~~~~~~~~~~~~~~~~~~~~~~~~~~~~~~~~~~~~~~~~~~~~~~~
2024-05-06T09:42:27.631942+0545 - [Info]: Query has been executed successfully: COPY INTO V_DISTRICT_LOC FROM @RAW_STAGE/V_DISTRICT_LOC_RAW/raw_v_district_loc_full_data_from_oracle.csv FILE_FORMAT = (FIELD_DELIMITER = ',' SKIP_HEADER=1)
2024-05-06T09:42:27.632940+0545 - ~~~~~~~~~~~~~~~~~~~~~~~~~~~~~~~~~~~~~~~~~~~~~~~~~~~~~~~~~~~~~~~~~~~~~~~~~~~~~~~~~~~~~~~~~~~~~~~~~~~~
2024-05-06T09:42:27.640373+0545 - [Info]: Connection has been closed successfully
2024-05-06T09:42:27.641447+0545 - ~~~~~~~~~~~~~~~~~~~~~~~~~~~~~~~~~~~~~~~~~~~~~~~~~~~~~~~~~~~~~~~~~~~~~~~~~~~~~~~~~~~~~~~~~~~~~~~~~~~~
