2024-07-18T09:08:42.351658+0545 - [Info]: ####### CONNECTION --> Starting ORACLE Jobs #######
2024-07-18T09:08:42.352659+0545 - ~~~~~~~~~~~~~~~~~~~~~~~~~~~~~~~~~~~~~~~~~~~~~~~~~~~~~~~~~~~~~~~~~~~~~~~~~~~~~~~~~~~~~~~~~~~~~~~~~~~~
2024-07-18T09:08:42.774682+0545 - [Info]: Connection has been established sucessfully
2024-07-18T09:08:42.774682+0545 - ~~~~~~~~~~~~~~~~~~~~~~~~~~~~~~~~~~~~~~~~~~~~~~~~~~~~~~~~~~~~~~~~~~~~~~~~~~~~~~~~~~~~~~~~~~~~~~~~~~~~
2024-07-18T09:08:42.790388+0545 - [Info]: Fetching ALL data SUCCESSFUL
2024-07-18T09:08:42.790388+0545 - ~~~~~~~~~~~~~~~~~~~~~~~~~~~~~~~~~~~~~~~~~~~~~~~~~~~~~~~~~~~~~~~~~~~~~~~~~~~~~~~~~~~~~~~~~~~~~~~~~~~~
2024-07-18T09:08:42.791685+0545 - [Info]: Column Fetching has been SUCCESSFUL
2024-07-18T09:08:42.791685+0545 - ~~~~~~~~~~~~~~~~~~~~~~~~~~~~~~~~~~~~~~~~~~~~~~~~~~~~~~~~~~~~~~~~~~~~~~~~~~~~~~~~~~~~~~~~~~~~~~~~~~~~
2024-07-18T09:08:42.793296+0545 - [Info]: ####### CONNECTION --> Starting SNOWFLAKE Jobs #######
2024-07-18T09:08:42.793296+0545 - ~~~~~~~~~~~~~~~~~~~~~~~~~~~~~~~~~~~~~~~~~~~~~~~~~~~~~~~~~~~~~~~~~~~~~~~~~~~~~~~~~~~~~~~~~~~~~~~~~~~~
2024-07-18T09:08:43.837030+0545 - [Info]: Snowflake has been connected successfully
2024-07-18T09:08:43.837030+0545 - ~~~~~~~~~~~~~~~~~~~~~~~~~~~~~~~~~~~~~~~~~~~~~~~~~~~~~~~~~~~~~~~~~~~~~~~~~~~~~~~~~~~~~~~~~~~~~~~~~~~~
2024-07-18T09:08:43.959020+0545 - [Info]: Query has been executed successfully: 
    CREATE STAGE IF NOT EXISTS RAW_STAGE
    COMMENT = 'Internal Stage for storing CSV files of raw data from Oracle'
    
2024-07-18T09:08:43.959020+0545 - ~~~~~~~~~~~~~~~~~~~~~~~~~~~~~~~~~~~~~~~~~~~~~~~~~~~~~~~~~~~~~~~~~~~~~~~~~~~~~~~~~~~~~~~~~~~~~~~~~~~~
2024-07-18T09:08:45.098078+0545 - [Info]: Query has been executed successfully: PUT file://C:/Users/shusant.sapkota/ETLProject/pythonProject/dump/raw/v_district_loc/raw_v_district_loc_full_data_from_oracle.csv @RAW_STAGE/V_DISTRICT_LOC_RAW AUTO_COMPRESS = FALSE OVERWRITE=TRUE
2024-07-18T09:08:45.098078+0545 - ~~~~~~~~~~~~~~~~~~~~~~~~~~~~~~~~~~~~~~~~~~~~~~~~~~~~~~~~~~~~~~~~~~~~~~~~~~~~~~~~~~~~~~~~~~~~~~~~~~~~
2024-07-18T09:08:45.233830+0545 - [Info]: Query has been executed successfully: 
                    CREATE TABLE IF NOT EXISTS V_DISTRICT_LOC (
                      LOC_ID INT,
                      DISTRICT_ID INT
                    )
2024-07-18T09:08:45.234361+0545 - ~~~~~~~~~~~~~~~~~~~~~~~~~~~~~~~~~~~~~~~~~~~~~~~~~~~~~~~~~~~~~~~~~~~~~~~~~~~~~~~~~~~~~~~~~~~~~~~~~~~~
2024-07-18T09:08:45.391720+0545 - [Info]: Query has been executed successfully: TRUNCATE V_DISTRICT_LOC
2024-07-18T09:08:45.391720+0545 - ~~~~~~~~~~~~~~~~~~~~~~~~~~~~~~~~~~~~~~~~~~~~~~~~~~~~~~~~~~~~~~~~~~~~~~~~~~~~~~~~~~~~~~~~~~~~~~~~~~~~
2024-07-18T09:08:45.859587+0545 - [Info]: Query has been executed successfully: COPY INTO V_DISTRICT_LOC FROM @RAW_STAGE/V_DISTRICT_LOC_RAW/raw_v_district_loc_full_data_from_oracle.csv FILE_FORMAT = (FIELD_DELIMITER = ',' SKIP_HEADER=1)
2024-07-18T09:08:45.859587+0545 - ~~~~~~~~~~~~~~~~~~~~~~~~~~~~~~~~~~~~~~~~~~~~~~~~~~~~~~~~~~~~~~~~~~~~~~~~~~~~~~~~~~~~~~~~~~~~~~~~~~~~
2024-07-18T09:08:45.868162+0545 - [Info]: Connection has been closed successfully
2024-07-18T09:08:45.868162+0545 - ~~~~~~~~~~~~~~~~~~~~~~~~~~~~~~~~~~~~~~~~~~~~~~~~~~~~~~~~~~~~~~~~~~~~~~~~~~~~~~~~~~~~~~~~~~~~~~~~~~~~
