2024-05-06T11:17:45.143925+0545 - [Info]: ####### CONNECTION --> Starting ORACLE Jobs #######
2024-05-06T11:17:45.145340+0545 - ~~~~~~~~~~~~~~~~~~~~~~~~~~~~~~~~~~~~~~~~~~~~~~~~~~~~~~~~~~~~~~~~~~~~~~~~~~~~~~~~~~~~~~~~~~~~~~~~~~~~
2024-05-06T11:17:45.610463+0545 - [Info]: Connection has been established sucessfully
2024-05-06T11:17:45.611338+0545 - ~~~~~~~~~~~~~~~~~~~~~~~~~~~~~~~~~~~~~~~~~~~~~~~~~~~~~~~~~~~~~~~~~~~~~~~~~~~~~~~~~~~~~~~~~~~~~~~~~~~~
2024-05-06T11:17:45.629513+0545 - [Info]: Fetching ALL data SUCCESSFUL
2024-05-06T11:17:45.630483+0545 - ~~~~~~~~~~~~~~~~~~~~~~~~~~~~~~~~~~~~~~~~~~~~~~~~~~~~~~~~~~~~~~~~~~~~~~~~~~~~~~~~~~~~~~~~~~~~~~~~~~~~
2024-05-06T11:17:45.630483+0545 - [Info]: Column Fetching has been SUCCESSFUL
2024-05-06T11:17:45.630483+0545 - ~~~~~~~~~~~~~~~~~~~~~~~~~~~~~~~~~~~~~~~~~~~~~~~~~~~~~~~~~~~~~~~~~~~~~~~~~~~~~~~~~~~~~~~~~~~~~~~~~~~~
2024-05-06T11:17:45.632418+0545 - [Info]: ####### CONNECTION --> Starting SNOWFLAKE Jobs #######
2024-05-06T11:17:45.632418+0545 - ~~~~~~~~~~~~~~~~~~~~~~~~~~~~~~~~~~~~~~~~~~~~~~~~~~~~~~~~~~~~~~~~~~~~~~~~~~~~~~~~~~~~~~~~~~~~~~~~~~~~
2024-05-06T11:17:46.808074+0545 - [Info]: Snowflake has been connected successfully
2024-05-06T11:17:46.808074+0545 - ~~~~~~~~~~~~~~~~~~~~~~~~~~~~~~~~~~~~~~~~~~~~~~~~~~~~~~~~~~~~~~~~~~~~~~~~~~~~~~~~~~~~~~~~~~~~~~~~~~~~
2024-05-06T11:17:46.925710+0545 - [Info]: Query has been executed successfully: 
    CREATE STAGE IF NOT EXISTS RAW_STAGE
    COMMENT = 'Internal Stage for storing CSV files of raw data from Oracle'
    
2024-05-06T11:17:46.926885+0545 - ~~~~~~~~~~~~~~~~~~~~~~~~~~~~~~~~~~~~~~~~~~~~~~~~~~~~~~~~~~~~~~~~~~~~~~~~~~~~~~~~~~~~~~~~~~~~~~~~~~~~
2024-05-06T11:17:48.306542+0545 - [Info]: Query has been executed successfully: PUT file://C:/Users/shusant.sapkota/ETLProject/pythonProject/dump/raw/v_area_tr/raw_v_area_tr_full_data_from_oracle.csv @RAW_STAGE/V_AREA_TR_RAW AUTO_COMPRESS = FALSE OVERWRITE=TRUE
2024-05-06T11:17:48.307537+0545 - ~~~~~~~~~~~~~~~~~~~~~~~~~~~~~~~~~~~~~~~~~~~~~~~~~~~~~~~~~~~~~~~~~~~~~~~~~~~~~~~~~~~~~~~~~~~~~~~~~~~~
2024-05-06T11:17:48.456389+0545 - [Info]: Query has been executed successfully: 
                    CREATE TABLE IF NOT EXISTS V_AREA_TR (
                      LOC_ID INT,
                      AREA_ID INT,
                      AREA_DESC VARCHAR(40),
                      AREA_IS_ACTIVE_FLG BOOLEAN
                    )
2024-05-06T11:17:48.457196+0545 - ~~~~~~~~~~~~~~~~~~~~~~~~~~~~~~~~~~~~~~~~~~~~~~~~~~~~~~~~~~~~~~~~~~~~~~~~~~~~~~~~~~~~~~~~~~~~~~~~~~~~
2024-05-06T11:17:48.615206+0545 - [Info]: Query has been executed successfully: TRUNCATE V_AREA_TR
2024-05-06T11:17:48.615206+0545 - ~~~~~~~~~~~~~~~~~~~~~~~~~~~~~~~~~~~~~~~~~~~~~~~~~~~~~~~~~~~~~~~~~~~~~~~~~~~~~~~~~~~~~~~~~~~~~~~~~~~~
2024-05-06T11:17:49.519574+0545 - [Info]: Query has been executed successfully: COPY INTO V_AREA_TR FROM @RAW_STAGE/V_AREA_TR_RAW/raw_v_area_tr_full_data_from_oracle.csv FILE_FORMAT = (FIELD_DELIMITER = ',' SKIP_HEADER=1)
2024-05-06T11:17:49.520722+0545 - ~~~~~~~~~~~~~~~~~~~~~~~~~~~~~~~~~~~~~~~~~~~~~~~~~~~~~~~~~~~~~~~~~~~~~~~~~~~~~~~~~~~~~~~~~~~~~~~~~~~~
2024-05-06T11:17:49.541805+0545 - [Info]: Connection has been closed successfully
2024-05-06T11:17:49.543416+0545 - ~~~~~~~~~~~~~~~~~~~~~~~~~~~~~~~~~~~~~~~~~~~~~~~~~~~~~~~~~~~~~~~~~~~~~~~~~~~~~~~~~~~~~~~~~~~~~~~~~~~~
