2024-03-22T13:43:30.852060+0545 - [Info]: ####### CONNECTION --> Starting ORACLE Jobs #######
2024-03-22T13:43:30.852060+0545 - ~~~~~~~~~~~~~~~~~~~~~~~~~~~~~~~~~~~~~~~~~~~~~~~~~~~~~~~~~~~~~~~~~~~~~~~~~~~~~~~~~~~~~~~~~~~~~~~~~~~~
2024-03-22T13:43:31.033162+0545 - [Info]: Connection has been established sucessfully
2024-03-22T13:43:31.034163+0545 - ~~~~~~~~~~~~~~~~~~~~~~~~~~~~~~~~~~~~~~~~~~~~~~~~~~~~~~~~~~~~~~~~~~~~~~~~~~~~~~~~~~~~~~~~~~~~~~~~~~~~
2024-03-22T13:43:31.043162+0545 - [Info]: Fetching ALL data SUCCESSFUL
2024-03-22T13:43:31.043162+0545 - ~~~~~~~~~~~~~~~~~~~~~~~~~~~~~~~~~~~~~~~~~~~~~~~~~~~~~~~~~~~~~~~~~~~~~~~~~~~~~~~~~~~~~~~~~~~~~~~~~~~~
2024-03-22T13:43:31.043162+0545 - [Info]: Column Fetching has been SUCCESSFUL
2024-03-22T13:43:31.044162+0545 - ~~~~~~~~~~~~~~~~~~~~~~~~~~~~~~~~~~~~~~~~~~~~~~~~~~~~~~~~~~~~~~~~~~~~~~~~~~~~~~~~~~~~~~~~~~~~~~~~~~~~
2024-03-22T13:43:31.045162+0545 - [Info]: ####### CONNECTION --> Starting SNOWFLAKE Jobs #######
2024-03-22T13:43:31.045433+0545 - ~~~~~~~~~~~~~~~~~~~~~~~~~~~~~~~~~~~~~~~~~~~~~~~~~~~~~~~~~~~~~~~~~~~~~~~~~~~~~~~~~~~~~~~~~~~~~~~~~~~~
2024-03-22T13:43:32.003845+0545 - [Info]: Snowflake has been connected successfully
2024-03-22T13:43:32.003845+0545 - ~~~~~~~~~~~~~~~~~~~~~~~~~~~~~~~~~~~~~~~~~~~~~~~~~~~~~~~~~~~~~~~~~~~~~~~~~~~~~~~~~~~~~~~~~~~~~~~~~~~~
2024-03-22T13:43:32.151145+0545 - [Info]: Query has been executed successfully: 
    CREATE STAGE IF NOT EXISTS RAW_STAGE
    COMMENT = 'Internal Stage for storing CSV files of raw data from Oracle'
    
2024-03-22T13:43:32.152148+0545 - ~~~~~~~~~~~~~~~~~~~~~~~~~~~~~~~~~~~~~~~~~~~~~~~~~~~~~~~~~~~~~~~~~~~~~~~~~~~~~~~~~~~~~~~~~~~~~~~~~~~~
2024-03-22T13:43:33.958602+0545 - [Info]: Query has been executed successfully: PUT file://C:/Users/shusant.sapkota/ETLProject/pythonProject/dump/raw/v_area_tr/raw_v_area_tr_full_data_from_oracle.csv @RAW_STAGE/V_AREA_TR_RAW AUTO_COMPRESS = FALSE OVERWRITE=TRUE
2024-03-22T13:43:33.959602+0545 - ~~~~~~~~~~~~~~~~~~~~~~~~~~~~~~~~~~~~~~~~~~~~~~~~~~~~~~~~~~~~~~~~~~~~~~~~~~~~~~~~~~~~~~~~~~~~~~~~~~~~
2024-03-22T13:43:34.173840+0545 - [Info]: Query has been executed successfully: 
                    CREATE TABLE IF NOT EXISTS V_AREA_TR (
                      LOC_ID INT,
                      AREA_ID INT,
                      AREA_DESC VARCHAR(40),
                      AREA_IS_ACTIVE_FLG BOOLEAN
                    )
2024-03-22T13:43:34.173840+0545 - ~~~~~~~~~~~~~~~~~~~~~~~~~~~~~~~~~~~~~~~~~~~~~~~~~~~~~~~~~~~~~~~~~~~~~~~~~~~~~~~~~~~~~~~~~~~~~~~~~~~~
2024-03-22T13:43:34.337846+0545 - [Info]: Query has been executed successfully: TRUNCATE V_AREA_TR
2024-03-22T13:43:34.338893+0545 - ~~~~~~~~~~~~~~~~~~~~~~~~~~~~~~~~~~~~~~~~~~~~~~~~~~~~~~~~~~~~~~~~~~~~~~~~~~~~~~~~~~~~~~~~~~~~~~~~~~~~
2024-03-22T13:43:35.037951+0545 - [Info]: Query has been executed successfully: COPY INTO V_AREA_TR FROM @RAW_STAGE/V_AREA_TR_RAW/raw_v_area_tr_full_data_from_oracle.csv FILE_FORMAT = (FIELD_DELIMITER = ',' SKIP_HEADER=1)
2024-03-22T13:43:35.039136+0545 - ~~~~~~~~~~~~~~~~~~~~~~~~~~~~~~~~~~~~~~~~~~~~~~~~~~~~~~~~~~~~~~~~~~~~~~~~~~~~~~~~~~~~~~~~~~~~~~~~~~~~
2024-03-22T13:43:35.048971+0545 - [Info]: Connection has been closed successfully
2024-03-22T13:43:35.048971+0545 - ~~~~~~~~~~~~~~~~~~~~~~~~~~~~~~~~~~~~~~~~~~~~~~~~~~~~~~~~~~~~~~~~~~~~~~~~~~~~~~~~~~~~~~~~~~~~~~~~~~~~
