2024-03-22T15:54:14.295327+0545 - [Info]: ####### CONNECTION --> Starting ORACLE Jobs #######
2024-03-22T15:54:14.295327+0545 - ~~~~~~~~~~~~~~~~~~~~~~~~~~~~~~~~~~~~~~~~~~~~~~~~~~~~~~~~~~~~~~~~~~~~~~~~~~~~~~~~~~~~~~~~~~~~~~~~~~~~
2024-03-22T15:54:14.679110+0545 - [Info]: Connection has been established sucessfully
2024-03-22T15:54:14.680112+0545 - ~~~~~~~~~~~~~~~~~~~~~~~~~~~~~~~~~~~~~~~~~~~~~~~~~~~~~~~~~~~~~~~~~~~~~~~~~~~~~~~~~~~~~~~~~~~~~~~~~~~~
2024-03-22T15:54:14.700277+0545 - [Info]: Fetching ALL data SUCCESSFUL
2024-03-22T15:54:14.701234+0545 - ~~~~~~~~~~~~~~~~~~~~~~~~~~~~~~~~~~~~~~~~~~~~~~~~~~~~~~~~~~~~~~~~~~~~~~~~~~~~~~~~~~~~~~~~~~~~~~~~~~~~
2024-03-22T15:54:14.701413+0545 - [Info]: Column Fetching has been SUCCESSFUL
2024-03-22T15:54:14.702671+0545 - ~~~~~~~~~~~~~~~~~~~~~~~~~~~~~~~~~~~~~~~~~~~~~~~~~~~~~~~~~~~~~~~~~~~~~~~~~~~~~~~~~~~~~~~~~~~~~~~~~~~~
2024-03-22T15:54:14.704292+0545 - [Info]: ####### CONNECTION --> Starting SNOWFLAKE Jobs #######
2024-03-22T15:54:14.704292+0545 - ~~~~~~~~~~~~~~~~~~~~~~~~~~~~~~~~~~~~~~~~~~~~~~~~~~~~~~~~~~~~~~~~~~~~~~~~~~~~~~~~~~~~~~~~~~~~~~~~~~~~
2024-03-22T15:54:17.638508+0545 - [Info]: Snowflake has been connected successfully
2024-03-22T15:54:17.638508+0545 - ~~~~~~~~~~~~~~~~~~~~~~~~~~~~~~~~~~~~~~~~~~~~~~~~~~~~~~~~~~~~~~~~~~~~~~~~~~~~~~~~~~~~~~~~~~~~~~~~~~~~
2024-03-22T15:54:17.782205+0545 - [Info]: Query has been executed successfully: 
    CREATE STAGE IF NOT EXISTS RAW_STAGE
    COMMENT = 'Internal Stage for storing CSV files of raw data from Oracle'
    
2024-03-22T15:54:17.782205+0545 - ~~~~~~~~~~~~~~~~~~~~~~~~~~~~~~~~~~~~~~~~~~~~~~~~~~~~~~~~~~~~~~~~~~~~~~~~~~~~~~~~~~~~~~~~~~~~~~~~~~~~
2024-03-22T15:54:19.636429+0545 - [Info]: Query has been executed successfully: PUT file://C:/Users/shusant.sapkota/ETLProject/pythonProject/dump/raw/v_area_tr/raw_v_area_tr_full_data_from_oracle.csv @RAW_STAGE/V_AREA_TR_RAW AUTO_COMPRESS = FALSE OVERWRITE=TRUE
2024-03-22T15:54:19.637218+0545 - ~~~~~~~~~~~~~~~~~~~~~~~~~~~~~~~~~~~~~~~~~~~~~~~~~~~~~~~~~~~~~~~~~~~~~~~~~~~~~~~~~~~~~~~~~~~~~~~~~~~~
2024-03-22T15:54:19.739436+0545 - [Info]: Query has been executed successfully: 
                    CREATE TABLE IF NOT EXISTS V_AREA_TR (
                      LOC_ID INT,
                      AREA_ID INT,
                      AREA_DESC VARCHAR(40),
                      AREA_IS_ACTIVE_FLG BOOLEAN
                    )
2024-03-22T15:54:19.739436+0545 - ~~~~~~~~~~~~~~~~~~~~~~~~~~~~~~~~~~~~~~~~~~~~~~~~~~~~~~~~~~~~~~~~~~~~~~~~~~~~~~~~~~~~~~~~~~~~~~~~~~~~
2024-03-22T15:54:20.081639+0545 - [Info]: Query has been executed successfully: TRUNCATE V_AREA_TR
2024-03-22T15:54:20.081639+0545 - ~~~~~~~~~~~~~~~~~~~~~~~~~~~~~~~~~~~~~~~~~~~~~~~~~~~~~~~~~~~~~~~~~~~~~~~~~~~~~~~~~~~~~~~~~~~~~~~~~~~~
2024-03-22T15:54:22.693400+0545 - [Info]: Query has been executed successfully: COPY INTO V_AREA_TR FROM @RAW_STAGE/V_AREA_TR_RAW/raw_v_area_tr_full_data_from_oracle.csv FILE_FORMAT = (FIELD_DELIMITER = ',' SKIP_HEADER=1)
2024-03-22T15:54:22.693400+0545 - ~~~~~~~~~~~~~~~~~~~~~~~~~~~~~~~~~~~~~~~~~~~~~~~~~~~~~~~~~~~~~~~~~~~~~~~~~~~~~~~~~~~~~~~~~~~~~~~~~~~~
2024-03-22T15:54:22.705388+0545 - [Info]: Connection has been closed successfully
2024-03-22T15:54:22.705388+0545 - ~~~~~~~~~~~~~~~~~~~~~~~~~~~~~~~~~~~~~~~~~~~~~~~~~~~~~~~~~~~~~~~~~~~~~~~~~~~~~~~~~~~~~~~~~~~~~~~~~~~~
