2024-05-06T09:10:03.499934+0545 - [Info]: ####### CONNECTION --> Starting ORACLE Jobs #######
2024-05-06T09:10:03.502032+0545 - ~~~~~~~~~~~~~~~~~~~~~~~~~~~~~~~~~~~~~~~~~~~~~~~~~~~~~~~~~~~~~~~~~~~~~~~~~~~~~~~~~~~~~~~~~~~~~~~~~~~~
2024-05-06T09:10:05.541129+0545 - [Info]: Connection has been established sucessfully
2024-05-06T09:10:05.542219+0545 - ~~~~~~~~~~~~~~~~~~~~~~~~~~~~~~~~~~~~~~~~~~~~~~~~~~~~~~~~~~~~~~~~~~~~~~~~~~~~~~~~~~~~~~~~~~~~~~~~~~~~
2024-05-06T09:10:05.976083+0545 - [Info]: Fetching ALL data SUCCESSFUL
2024-05-06T09:10:05.976083+0545 - ~~~~~~~~~~~~~~~~~~~~~~~~~~~~~~~~~~~~~~~~~~~~~~~~~~~~~~~~~~~~~~~~~~~~~~~~~~~~~~~~~~~~~~~~~~~~~~~~~~~~
2024-05-06T09:10:05.977118+0545 - [Info]: Column Fetching has been SUCCESSFUL
2024-05-06T09:10:05.978059+0545 - ~~~~~~~~~~~~~~~~~~~~~~~~~~~~~~~~~~~~~~~~~~~~~~~~~~~~~~~~~~~~~~~~~~~~~~~~~~~~~~~~~~~~~~~~~~~~~~~~~~~~
2024-05-06T09:10:05.980069+0545 - [Info]: ####### CONNECTION --> Starting SNOWFLAKE Jobs #######
2024-05-06T09:10:05.981060+0545 - ~~~~~~~~~~~~~~~~~~~~~~~~~~~~~~~~~~~~~~~~~~~~~~~~~~~~~~~~~~~~~~~~~~~~~~~~~~~~~~~~~~~~~~~~~~~~~~~~~~~~
2024-05-06T09:10:10.445713+0545 - [Info]: Snowflake has been connected successfully
2024-05-06T09:10:10.445713+0545 - ~~~~~~~~~~~~~~~~~~~~~~~~~~~~~~~~~~~~~~~~~~~~~~~~~~~~~~~~~~~~~~~~~~~~~~~~~~~~~~~~~~~~~~~~~~~~~~~~~~~~
2024-05-06T09:10:10.840523+0545 - [Info]: Query has been executed successfully: 
    CREATE STAGE IF NOT EXISTS RAW_STAGE
    COMMENT = 'Internal Stage for storing CSV files of raw data from Oracle'
    
2024-05-06T09:10:10.841505+0545 - ~~~~~~~~~~~~~~~~~~~~~~~~~~~~~~~~~~~~~~~~~~~~~~~~~~~~~~~~~~~~~~~~~~~~~~~~~~~~~~~~~~~~~~~~~~~~~~~~~~~~
2024-05-06T09:10:14.427426+0545 - [Info]: Query has been executed successfully: PUT file://C:/Users/shusant.sapkota/ETLProject/pythonProject/dump/raw/v_area_tr/raw_v_area_tr_full_data_from_oracle.csv @RAW_STAGE/V_AREA_TR_RAW AUTO_COMPRESS = FALSE OVERWRITE=TRUE
2024-05-06T09:10:14.428372+0545 - ~~~~~~~~~~~~~~~~~~~~~~~~~~~~~~~~~~~~~~~~~~~~~~~~~~~~~~~~~~~~~~~~~~~~~~~~~~~~~~~~~~~~~~~~~~~~~~~~~~~~
2024-05-06T09:10:14.854485+0545 - [Info]: Query has been executed successfully: 
                    CREATE TABLE IF NOT EXISTS V_AREA_TR (
                      LOC_ID INT,
                      AREA_ID INT,
                      AREA_DESC VARCHAR(40),
                      AREA_IS_ACTIVE_FLG BOOLEAN
                    )
2024-05-06T09:10:14.855578+0545 - ~~~~~~~~~~~~~~~~~~~~~~~~~~~~~~~~~~~~~~~~~~~~~~~~~~~~~~~~~~~~~~~~~~~~~~~~~~~~~~~~~~~~~~~~~~~~~~~~~~~~
2024-05-06T09:10:15.391085+0545 - [Info]: Query has been executed successfully: TRUNCATE V_AREA_TR
2024-05-06T09:10:15.392017+0545 - ~~~~~~~~~~~~~~~~~~~~~~~~~~~~~~~~~~~~~~~~~~~~~~~~~~~~~~~~~~~~~~~~~~~~~~~~~~~~~~~~~~~~~~~~~~~~~~~~~~~~
2024-05-06T09:10:16.529335+0545 - [Info]: Query has been executed successfully: COPY INTO V_AREA_TR FROM @RAW_STAGE/V_AREA_TR_RAW/raw_v_area_tr_full_data_from_oracle.csv FILE_FORMAT = (FIELD_DELIMITER = ',' SKIP_HEADER=1)
2024-05-06T09:10:16.529335+0545 - ~~~~~~~~~~~~~~~~~~~~~~~~~~~~~~~~~~~~~~~~~~~~~~~~~~~~~~~~~~~~~~~~~~~~~~~~~~~~~~~~~~~~~~~~~~~~~~~~~~~~
2024-05-06T09:10:17.102474+0545 - [Info]: Connection has been closed successfully
2024-05-06T09:10:17.102474+0545 - ~~~~~~~~~~~~~~~~~~~~~~~~~~~~~~~~~~~~~~~~~~~~~~~~~~~~~~~~~~~~~~~~~~~~~~~~~~~~~~~~~~~~~~~~~~~~~~~~~~~~
