2024-05-02T09:36:34.419382+0545 - [Info]: ####### CONNECTION --> Starting ORACLE Jobs #######
2024-05-02T09:36:34.420304+0545 - ~~~~~~~~~~~~~~~~~~~~~~~~~~~~~~~~~~~~~~~~~~~~~~~~~~~~~~~~~~~~~~~~~~~~~~~~~~~~~~~~~~~~~~~~~~~~~~~~~~~~
2024-05-02T09:36:34.657169+0545 - [Info]: Connection has been established sucessfully
2024-05-02T09:36:34.658479+0545 - ~~~~~~~~~~~~~~~~~~~~~~~~~~~~~~~~~~~~~~~~~~~~~~~~~~~~~~~~~~~~~~~~~~~~~~~~~~~~~~~~~~~~~~~~~~~~~~~~~~~~
2024-05-02T09:36:34.672362+0545 - [Info]: Fetching ALL data SUCCESSFUL
2024-05-02T09:36:34.672964+0545 - ~~~~~~~~~~~~~~~~~~~~~~~~~~~~~~~~~~~~~~~~~~~~~~~~~~~~~~~~~~~~~~~~~~~~~~~~~~~~~~~~~~~~~~~~~~~~~~~~~~~~
2024-05-02T09:36:34.678835+0545 - [Info]: Column Fetching has been SUCCESSFUL
2024-05-02T09:36:34.678835+0545 - ~~~~~~~~~~~~~~~~~~~~~~~~~~~~~~~~~~~~~~~~~~~~~~~~~~~~~~~~~~~~~~~~~~~~~~~~~~~~~~~~~~~~~~~~~~~~~~~~~~~~
2024-05-02T09:36:34.679717+0545 - [Info]: ####### CONNECTION --> Starting SNOWFLAKE Jobs #######
2024-05-02T09:36:34.680718+0545 - ~~~~~~~~~~~~~~~~~~~~~~~~~~~~~~~~~~~~~~~~~~~~~~~~~~~~~~~~~~~~~~~~~~~~~~~~~~~~~~~~~~~~~~~~~~~~~~~~~~~~
2024-05-02T09:36:35.621874+0545 - [Info]: Snowflake has been connected successfully
2024-05-02T09:36:35.622899+0545 - ~~~~~~~~~~~~~~~~~~~~~~~~~~~~~~~~~~~~~~~~~~~~~~~~~~~~~~~~~~~~~~~~~~~~~~~~~~~~~~~~~~~~~~~~~~~~~~~~~~~~
2024-05-02T09:36:35.742894+0545 - [Info]: Query has been executed successfully: 
    CREATE STAGE IF NOT EXISTS RAW_STAGE
    COMMENT = 'Internal Stage for storing CSV files of raw data from Oracle'
    
2024-05-02T09:36:35.742894+0545 - ~~~~~~~~~~~~~~~~~~~~~~~~~~~~~~~~~~~~~~~~~~~~~~~~~~~~~~~~~~~~~~~~~~~~~~~~~~~~~~~~~~~~~~~~~~~~~~~~~~~~
2024-05-02T09:36:37.073800+0545 - [Info]: Query has been executed successfully: PUT file://C:/Users/shusant.sapkota/ETLProject/pythonProject/dump/raw/v_region_loc/raw_v_region_loc_full_data_from_oracle.csv @RAW_STAGE/V_REGION_LOC_RAW AUTO_COMPRESS = FALSE OVERWRITE=TRUE
2024-05-02T09:36:37.074797+0545 - ~~~~~~~~~~~~~~~~~~~~~~~~~~~~~~~~~~~~~~~~~~~~~~~~~~~~~~~~~~~~~~~~~~~~~~~~~~~~~~~~~~~~~~~~~~~~~~~~~~~~
2024-05-02T09:36:37.686132+0545 - [Info]: Query has been executed successfully: 
                    CREATE TABLE IF NOT EXISTS V_REGION_LOC (
                      LOC_ID INT,
                      REGION_ID INT
                    )
2024-05-02T09:36:37.687127+0545 - ~~~~~~~~~~~~~~~~~~~~~~~~~~~~~~~~~~~~~~~~~~~~~~~~~~~~~~~~~~~~~~~~~~~~~~~~~~~~~~~~~~~~~~~~~~~~~~~~~~~~
2024-05-02T09:36:37.932181+0545 - [Info]: Query has been executed successfully: TRUNCATE V_REGION_LOC
2024-05-02T09:36:37.932181+0545 - ~~~~~~~~~~~~~~~~~~~~~~~~~~~~~~~~~~~~~~~~~~~~~~~~~~~~~~~~~~~~~~~~~~~~~~~~~~~~~~~~~~~~~~~~~~~~~~~~~~~~
2024-05-02T09:36:38.477646+0545 - [Info]: Query has been executed successfully: COPY INTO V_REGION_LOC FROM @RAW_STAGE/V_REGION_LOC_RAW/raw_v_region_loc_full_data_from_oracle.csv FILE_FORMAT = (FIELD_DELIMITER = ',' SKIP_HEADER=1)
2024-05-02T09:36:38.477646+0545 - ~~~~~~~~~~~~~~~~~~~~~~~~~~~~~~~~~~~~~~~~~~~~~~~~~~~~~~~~~~~~~~~~~~~~~~~~~~~~~~~~~~~~~~~~~~~~~~~~~~~~
2024-05-02T09:36:38.489568+0545 - [Info]: Connection has been closed successfully
2024-05-02T09:36:38.490564+0545 - ~~~~~~~~~~~~~~~~~~~~~~~~~~~~~~~~~~~~~~~~~~~~~~~~~~~~~~~~~~~~~~~~~~~~~~~~~~~~~~~~~~~~~~~~~~~~~~~~~~~~
