2024-03-22T13:44:15.233378+0545 - [Info]: ####### CONNECTION --> Starting ORACLE Jobs #######
2024-03-22T13:44:15.233378+0545 - ~~~~~~~~~~~~~~~~~~~~~~~~~~~~~~~~~~~~~~~~~~~~~~~~~~~~~~~~~~~~~~~~~~~~~~~~~~~~~~~~~~~~~~~~~~~~~~~~~~~~
2024-03-22T13:44:15.437851+0545 - [Info]: Connection has been established sucessfully
2024-03-22T13:44:15.438994+0545 - ~~~~~~~~~~~~~~~~~~~~~~~~~~~~~~~~~~~~~~~~~~~~~~~~~~~~~~~~~~~~~~~~~~~~~~~~~~~~~~~~~~~~~~~~~~~~~~~~~~~~
2024-03-22T13:44:15.446977+0545 - [Info]: Fetching ALL data SUCCESSFUL
2024-03-22T13:44:15.446977+0545 - ~~~~~~~~~~~~~~~~~~~~~~~~~~~~~~~~~~~~~~~~~~~~~~~~~~~~~~~~~~~~~~~~~~~~~~~~~~~~~~~~~~~~~~~~~~~~~~~~~~~~
2024-03-22T13:44:15.447846+0545 - [Info]: Column Fetching has been SUCCESSFUL
2024-03-22T13:44:15.447846+0545 - ~~~~~~~~~~~~~~~~~~~~~~~~~~~~~~~~~~~~~~~~~~~~~~~~~~~~~~~~~~~~~~~~~~~~~~~~~~~~~~~~~~~~~~~~~~~~~~~~~~~~
2024-03-22T13:44:15.448904+0545 - [Info]: ####### CONNECTION --> Starting SNOWFLAKE Jobs #######
2024-03-22T13:44:15.449808+0545 - ~~~~~~~~~~~~~~~~~~~~~~~~~~~~~~~~~~~~~~~~~~~~~~~~~~~~~~~~~~~~~~~~~~~~~~~~~~~~~~~~~~~~~~~~~~~~~~~~~~~~
2024-03-22T13:44:16.315618+0545 - [Info]: Snowflake has been connected successfully
2024-03-22T13:44:16.316699+0545 - ~~~~~~~~~~~~~~~~~~~~~~~~~~~~~~~~~~~~~~~~~~~~~~~~~~~~~~~~~~~~~~~~~~~~~~~~~~~~~~~~~~~~~~~~~~~~~~~~~~~~
2024-03-22T13:44:16.434888+0545 - [Info]: Query has been executed successfully: 
    CREATE STAGE IF NOT EXISTS RAW_STAGE
    COMMENT = 'Internal Stage for storing CSV files of raw data from Oracle'
    
2024-03-22T13:44:16.434888+0545 - ~~~~~~~~~~~~~~~~~~~~~~~~~~~~~~~~~~~~~~~~~~~~~~~~~~~~~~~~~~~~~~~~~~~~~~~~~~~~~~~~~~~~~~~~~~~~~~~~~~~~
2024-03-22T13:44:18.219314+0545 - [Info]: Query has been executed successfully: PUT file://C:/Users/shusant.sapkota/ETLProject/pythonProject/dump/raw/v_region_loc/raw_v_region_loc_full_data_from_oracle.csv @RAW_STAGE/V_REGION_LOC_RAW AUTO_COMPRESS = FALSE OVERWRITE=TRUE
2024-03-22T13:44:18.220167+0545 - ~~~~~~~~~~~~~~~~~~~~~~~~~~~~~~~~~~~~~~~~~~~~~~~~~~~~~~~~~~~~~~~~~~~~~~~~~~~~~~~~~~~~~~~~~~~~~~~~~~~~
2024-03-22T13:44:18.376173+0545 - [Info]: Query has been executed successfully: 
                    CREATE TABLE IF NOT EXISTS V_REGION_LOC (
                      LOC_ID INT,
                      REGION_ID INT
                    )
2024-03-22T13:44:18.377335+0545 - ~~~~~~~~~~~~~~~~~~~~~~~~~~~~~~~~~~~~~~~~~~~~~~~~~~~~~~~~~~~~~~~~~~~~~~~~~~~~~~~~~~~~~~~~~~~~~~~~~~~~
2024-03-22T13:44:18.525914+0545 - [Info]: Query has been executed successfully: TRUNCATE V_REGION_LOC
2024-03-22T13:44:18.526916+0545 - ~~~~~~~~~~~~~~~~~~~~~~~~~~~~~~~~~~~~~~~~~~~~~~~~~~~~~~~~~~~~~~~~~~~~~~~~~~~~~~~~~~~~~~~~~~~~~~~~~~~~
2024-03-22T13:44:19.055776+0545 - [Info]: Query has been executed successfully: COPY INTO V_REGION_LOC FROM @RAW_STAGE/V_REGION_LOC_RAW/raw_v_region_loc_full_data_from_oracle.csv FILE_FORMAT = (FIELD_DELIMITER = ',' SKIP_HEADER=1)
2024-03-22T13:44:19.056581+0545 - ~~~~~~~~~~~~~~~~~~~~~~~~~~~~~~~~~~~~~~~~~~~~~~~~~~~~~~~~~~~~~~~~~~~~~~~~~~~~~~~~~~~~~~~~~~~~~~~~~~~~
2024-03-22T13:44:19.066971+0545 - [Info]: Connection has been closed successfully
2024-03-22T13:44:19.067592+0545 - ~~~~~~~~~~~~~~~~~~~~~~~~~~~~~~~~~~~~~~~~~~~~~~~~~~~~~~~~~~~~~~~~~~~~~~~~~~~~~~~~~~~~~~~~~~~~~~~~~~~~
