2024-03-22T15:55:11.395796+0545 - [Info]: ########################## Operations in DWH_AREA_LU Table ##########################
2024-03-22T15:55:11.395796+0545 - ~~~~~~~~~~~~~~~~~~~~~~~~~~~~~~~~~~~~~~~~~~~~~~~~~~~~~~~~~~~~~~~~~~~~~~~~~~~~~~~~~~~~~~~~~~~~~~~~~~~~
2024-03-22T15:55:12.229143+0545 - [Info]: Snowflake has been connected successfully
2024-03-22T15:55:12.230145+0545 - ~~~~~~~~~~~~~~~~~~~~~~~~~~~~~~~~~~~~~~~~~~~~~~~~~~~~~~~~~~~~~~~~~~~~~~~~~~~~~~~~~~~~~~~~~~~~~~~~~~~~
2024-03-22T15:55:12.230145+0545 - [Info]: Creating Temp Table: TEMP_AREA_LU
2024-03-22T15:55:12.230145+0545 - ~~~~~~~~~~~~~~~~~~~~~~~~~~~~~~~~~~~~~~~~~~~~~~~~~~~~~~~~~~~~~~~~~~~~~~~~~~~~~~~~~~~~~~~~~~~~~~~~~~~~
2024-03-22T15:55:12.342562+0545 - [Info]: Query has been executed successfully: 
CREATE TABLE IF NOT EXISTS TEMP_AREA_LU(
                    LOC_ID INT,
                    AREA_ID INT,
                    AREA_DESC VARCHAR(40),
                    AREA_IS_ACTIVE_FLG BOOLEAN
                    )
2024-03-22T15:55:12.342562+0545 - ~~~~~~~~~~~~~~~~~~~~~~~~~~~~~~~~~~~~~~~~~~~~~~~~~~~~~~~~~~~~~~~~~~~~~~~~~~~~~~~~~~~~~~~~~~~~~~~~~~~~
2024-03-22T15:55:12.343573+0545 - [Info]: If table already exists then truncating temp table: TEMP_AREA_LU
2024-03-22T15:55:12.343675+0545 - ~~~~~~~~~~~~~~~~~~~~~~~~~~~~~~~~~~~~~~~~~~~~~~~~~~~~~~~~~~~~~~~~~~~~~~~~~~~~~~~~~~~~~~~~~~~~~~~~~~~~
2024-03-22T15:55:12.925135+0545 - [Info]: Query has been executed successfully: TRUNCATE TEMP_AREA_LU
2024-03-22T15:55:12.925135+0545 - ~~~~~~~~~~~~~~~~~~~~~~~~~~~~~~~~~~~~~~~~~~~~~~~~~~~~~~~~~~~~~~~~~~~~~~~~~~~~~~~~~~~~~~~~~~~~~~~~~~~~
2024-03-22T15:55:13.371529+0545 - [Info]: Query has been executed successfully: INSERT INTO TEMP_AREA_LU (select * from V_AREA_TR)
2024-03-22T15:55:13.371529+0545 - ~~~~~~~~~~~~~~~~~~~~~~~~~~~~~~~~~~~~~~~~~~~~~~~~~~~~~~~~~~~~~~~~~~~~~~~~~~~~~~~~~~~~~~~~~~~~~~~~~~~~
2024-03-22T15:55:13.372533+0545 - [Info]: Creating Target Table: DWH_AREA_LU
2024-03-22T15:55:13.372533+0545 - ~~~~~~~~~~~~~~~~~~~~~~~~~~~~~~~~~~~~~~~~~~~~~~~~~~~~~~~~~~~~~~~~~~~~~~~~~~~~~~~~~~~~~~~~~~~~~~~~~~~~
2024-03-22T15:55:13.467382+0545 - [Info]: Query has been executed successfully: 
CREATE TABLE IF NOT EXISTS DWH_AREA_LU(
                    AREA_KEY INT,
                    LOC_ID INT,
                    AREA_ID INT,
                    AREA_DESC VARCHAR(40),
                    AREA_IS_ACTIVE_FLG BOOLEAN,
                    REC_START_TS TIMESTAMP_LTZ,
                    REC_END_TS TIMESTAMP_LTZ,
                    REC_CLOSE_FLG BOOLEAN
                    )
2024-03-22T15:55:13.467382+0545 - ~~~~~~~~~~~~~~~~~~~~~~~~~~~~~~~~~~~~~~~~~~~~~~~~~~~~~~~~~~~~~~~~~~~~~~~~~~~~~~~~~~~~~~~~~~~~~~~~~~~~
2024-03-22T15:55:13.467382+0545 - [Info]: Updating and Inserting Target Table: DWH_AREA_LU under SCD Type-1 Approach
2024-03-22T15:55:13.468384+0545 - ~~~~~~~~~~~~~~~~~~~~~~~~~~~~~~~~~~~~~~~~~~~~~~~~~~~~~~~~~~~~~~~~~~~~~~~~~~~~~~~~~~~~~~~~~~~~~~~~~~~~
2024-03-22T15:55:14.480252+0545 - [Error]: Query could not be executed with error: 100090 (42P18): Duplicate row detected during DML action
Row Values: [4001, 1, 3000, "Area 1", 1, 1711094361563000000, 7258147199999999000, 0]
2024-03-22T15:55:14.480252+0545 - ~~~~~~~~~~~~~~~~~~~~~~~~~~~~~~~~~~~~~~~~~~~~~~~~~~~~~~~~~~~~~~~~~~~~~~~~~~~~~~~~~~~~~~~~~~~~~~~~~~~~
2024-03-22T15:55:14.480252+0545 - [Info]: Closing Inactives of: DWH_AREA_LU under SCD Type-1 Approach
2024-03-22T15:55:14.481258+0545 - ~~~~~~~~~~~~~~~~~~~~~~~~~~~~~~~~~~~~~~~~~~~~~~~~~~~~~~~~~~~~~~~~~~~~~~~~~~~~~~~~~~~~~~~~~~~~~~~~~~~~
2024-03-22T15:55:14.933268+0545 - [Info]: Query has been executed successfully: 
            UPDATE DWH_AREA_LU
            SET REC_CLOSE_FLG = TRUE,
            REC_END_TS = CURRENT_TIMESTAMP
            WHERE AREA_ID NOT IN
            (SELECT DISTINCT AREA_ID FROM TEMP_AREA_LU)
            
2024-03-22T15:55:14.933268+0545 - ~~~~~~~~~~~~~~~~~~~~~~~~~~~~~~~~~~~~~~~~~~~~~~~~~~~~~~~~~~~~~~~~~~~~~~~~~~~~~~~~~~~~~~~~~~~~~~~~~~~~
2024-03-22T15:55:14.934312+0545 - [Info]: ETL of Table: DWH_AREA_LU  has been completed successfully!!!
2024-03-22T15:55:14.934312+0545 - ~~~~~~~~~~~~~~~~~~~~~~~~~~~~~~~~~~~~~~~~~~~~~~~~~~~~~~~~~~~~~~~~~~~~~~~~~~~~~~~~~~~~~~~~~~~~~~~~~~~~
2024-03-22T15:55:15.084456+0545 - [Info]: Connection has been closed successfully
2024-03-22T15:55:15.085497+0545 - ~~~~~~~~~~~~~~~~~~~~~~~~~~~~~~~~~~~~~~~~~~~~~~~~~~~~~~~~~~~~~~~~~~~~~~~~~~~~~~~~~~~~~~~~~~~~~~~~~~~~
