2024-03-22T15:55:37.707787+0545 - [Info]: ########################## Operations in DWH_ORG_LOC_LU Table ##########################
2024-03-22T15:55:37.707787+0545 - ~~~~~~~~~~~~~~~~~~~~~~~~~~~~~~~~~~~~~~~~~~~~~~~~~~~~~~~~~~~~~~~~~~~~~~~~~~~~~~~~~~~~~~~~~~~~~~~~~~~~
2024-03-22T15:55:38.516557+0545 - [Info]: Snowflake has been connected successfully
2024-03-22T15:55:38.517724+0545 - ~~~~~~~~~~~~~~~~~~~~~~~~~~~~~~~~~~~~~~~~~~~~~~~~~~~~~~~~~~~~~~~~~~~~~~~~~~~~~~~~~~~~~~~~~~~~~~~~~~~~
2024-03-22T15:55:38.517724+0545 - [Info]: Creating Temp Table: TEMP_ORG_LOC_LU
2024-03-22T15:55:38.520575+0545 - ~~~~~~~~~~~~~~~~~~~~~~~~~~~~~~~~~~~~~~~~~~~~~~~~~~~~~~~~~~~~~~~~~~~~~~~~~~~~~~~~~~~~~~~~~~~~~~~~~~~~
2024-03-22T15:55:38.664591+0545 - [Info]: Query has been executed successfully: 
CREATE TABLE IF NOT EXISTS TEMP_ORG_LOC_LU(
                    LOC_ID INT,
                    ORG_ID INT,
                    ORG_DESC VARCHAR(40),
                    ORG_IS_ACTIVE_FLG BOOLEAN
                    )
2024-03-22T15:55:38.664591+0545 - ~~~~~~~~~~~~~~~~~~~~~~~~~~~~~~~~~~~~~~~~~~~~~~~~~~~~~~~~~~~~~~~~~~~~~~~~~~~~~~~~~~~~~~~~~~~~~~~~~~~~
2024-03-22T15:55:38.665637+0545 - [Info]: If table already exists then truncating temp table: TEMP_ORG_LOC_LU
2024-03-22T15:55:38.665637+0545 - ~~~~~~~~~~~~~~~~~~~~~~~~~~~~~~~~~~~~~~~~~~~~~~~~~~~~~~~~~~~~~~~~~~~~~~~~~~~~~~~~~~~~~~~~~~~~~~~~~~~~
2024-03-22T15:55:39.105513+0545 - [Info]: Query has been executed successfully: TRUNCATE TEMP_ORG_LOC_LU
2024-03-22T15:55:39.105513+0545 - ~~~~~~~~~~~~~~~~~~~~~~~~~~~~~~~~~~~~~~~~~~~~~~~~~~~~~~~~~~~~~~~~~~~~~~~~~~~~~~~~~~~~~~~~~~~~~~~~~~~~
2024-03-22T15:55:39.564168+0545 - [Info]: Query has been executed successfully: INSERT INTO TEMP_ORG_LOC_LU (select * from V_ORG_LOC)
2024-03-22T15:55:39.564168+0545 - ~~~~~~~~~~~~~~~~~~~~~~~~~~~~~~~~~~~~~~~~~~~~~~~~~~~~~~~~~~~~~~~~~~~~~~~~~~~~~~~~~~~~~~~~~~~~~~~~~~~~
2024-03-22T15:55:39.565147+0545 - [Info]: Creating Target Table: DWH_ORG_LOC_LU
2024-03-22T15:55:39.565147+0545 - ~~~~~~~~~~~~~~~~~~~~~~~~~~~~~~~~~~~~~~~~~~~~~~~~~~~~~~~~~~~~~~~~~~~~~~~~~~~~~~~~~~~~~~~~~~~~~~~~~~~~
2024-03-22T15:55:39.691644+0545 - [Info]: Query has been executed successfully: 
CREATE TABLE IF NOT EXISTS DWH_ORG_LOC_LU(
                    ORG_KEY INT,
                    LOC_ID INT,
                    ORG_ID INT,
                    ORG_DESC VARCHAR(40),
                    ORG_IS_ACTIVE_FLG BOOLEAN,
                    REC_START_TS TIMESTAMP_LTZ,
                    REC_END_TS TIMESTAMP_LTZ,
                    REC_CLOSE_FLG BOOLEAN
                    )
2024-03-22T15:55:39.692622+0545 - ~~~~~~~~~~~~~~~~~~~~~~~~~~~~~~~~~~~~~~~~~~~~~~~~~~~~~~~~~~~~~~~~~~~~~~~~~~~~~~~~~~~~~~~~~~~~~~~~~~~~
2024-03-22T15:55:39.692622+0545 - [Info]: Updating and Inserting Target Table: DWH_ORG_LOC_LU under SCD Type-1 Approach
2024-03-22T15:55:39.692622+0545 - ~~~~~~~~~~~~~~~~~~~~~~~~~~~~~~~~~~~~~~~~~~~~~~~~~~~~~~~~~~~~~~~~~~~~~~~~~~~~~~~~~~~~~~~~~~~~~~~~~~~~
2024-03-22T15:55:40.388342+0545 - [Error]: Query could not be executed with error: 100090 (42P18): Duplicate row detected during DML action
Row Values: [3, 1, 1, "Canada Org", 1, 1711094381768000000, 7258147199999999000, 0]
2024-03-22T15:55:40.388342+0545 - ~~~~~~~~~~~~~~~~~~~~~~~~~~~~~~~~~~~~~~~~~~~~~~~~~~~~~~~~~~~~~~~~~~~~~~~~~~~~~~~~~~~~~~~~~~~~~~~~~~~~
2024-03-22T15:55:40.388342+0545 - [Info]: Closing Inactives of: DWH_ORG_LOC_LU under SCD Type-1 Approach
2024-03-22T15:55:40.389361+0545 - ~~~~~~~~~~~~~~~~~~~~~~~~~~~~~~~~~~~~~~~~~~~~~~~~~~~~~~~~~~~~~~~~~~~~~~~~~~~~~~~~~~~~~~~~~~~~~~~~~~~~
2024-03-22T15:55:40.678155+0545 - [Info]: Query has been executed successfully: 
            UPDATE DWH_ORG_LOC_LU
            SET REC_CLOSE_FLG = TRUE,
            REC_END_TS = CURRENT_TIMESTAMP
            WHERE ORG_ID NOT IN
            (SELECT DISTINCT ORG_ID FROM TEMP_ORG_LOC_LU)
            
2024-03-22T15:55:40.679159+0545 - ~~~~~~~~~~~~~~~~~~~~~~~~~~~~~~~~~~~~~~~~~~~~~~~~~~~~~~~~~~~~~~~~~~~~~~~~~~~~~~~~~~~~~~~~~~~~~~~~~~~~
2024-03-22T15:55:40.679159+0545 - [Info]: ETL of Table: DWH_ORG_LOC_LU  has been completed successfully!!!
2024-03-22T15:55:40.679159+0545 - ~~~~~~~~~~~~~~~~~~~~~~~~~~~~~~~~~~~~~~~~~~~~~~~~~~~~~~~~~~~~~~~~~~~~~~~~~~~~~~~~~~~~~~~~~~~~~~~~~~~~
2024-03-22T15:55:40.841370+0545 - [Info]: Connection has been closed successfully
2024-03-22T15:55:40.842094+0545 - ~~~~~~~~~~~~~~~~~~~~~~~~~~~~~~~~~~~~~~~~~~~~~~~~~~~~~~~~~~~~~~~~~~~~~~~~~~~~~~~~~~~~~~~~~~~~~~~~~~~~
