2024-05-06T11:19:13.777620+0545 - [Info]: ########################## Operations in DWH_ORG_LOC_LU Table ##########################
2024-05-06T11:19:13.778106+0545 - ~~~~~~~~~~~~~~~~~~~~~~~~~~~~~~~~~~~~~~~~~~~~~~~~~~~~~~~~~~~~~~~~~~~~~~~~~~~~~~~~~~~~~~~~~~~~~~~~~~~~
2024-05-06T11:19:14.756636+0545 - [Info]: Snowflake has been connected successfully
2024-05-06T11:19:14.756636+0545 - ~~~~~~~~~~~~~~~~~~~~~~~~~~~~~~~~~~~~~~~~~~~~~~~~~~~~~~~~~~~~~~~~~~~~~~~~~~~~~~~~~~~~~~~~~~~~~~~~~~~~
2024-05-06T11:19:14.757641+0545 - [Info]: Creating Temp Table: TEMP_ORG_LOC_LU
2024-05-06T11:19:14.762758+0545 - ~~~~~~~~~~~~~~~~~~~~~~~~~~~~~~~~~~~~~~~~~~~~~~~~~~~~~~~~~~~~~~~~~~~~~~~~~~~~~~~~~~~~~~~~~~~~~~~~~~~~
2024-05-06T11:19:14.912075+0545 - [Info]: Query has been executed successfully: 
CREATE TABLE IF NOT EXISTS TEMP_ORG_LOC_LU(
                    LOC_ID INT,
                    ORG_ID INT,
                    ORG_DESC VARCHAR(40),
                    ORG_IS_ACTIVE_FLG BOOLEAN
                    )
2024-05-06T11:19:14.913081+0545 - ~~~~~~~~~~~~~~~~~~~~~~~~~~~~~~~~~~~~~~~~~~~~~~~~~~~~~~~~~~~~~~~~~~~~~~~~~~~~~~~~~~~~~~~~~~~~~~~~~~~~
2024-05-06T11:19:14.913081+0545 - [Info]: If table already exists then truncating temp table: TEMP_ORG_LOC_LU
2024-05-06T11:19:14.913513+0545 - ~~~~~~~~~~~~~~~~~~~~~~~~~~~~~~~~~~~~~~~~~~~~~~~~~~~~~~~~~~~~~~~~~~~~~~~~~~~~~~~~~~~~~~~~~~~~~~~~~~~~
2024-05-06T11:19:15.083014+0545 - [Info]: Query has been executed successfully: TRUNCATE TEMP_ORG_LOC_LU
2024-05-06T11:19:15.083642+0545 - ~~~~~~~~~~~~~~~~~~~~~~~~~~~~~~~~~~~~~~~~~~~~~~~~~~~~~~~~~~~~~~~~~~~~~~~~~~~~~~~~~~~~~~~~~~~~~~~~~~~~
2024-05-06T11:19:15.444669+0545 - [Info]: Query has been executed successfully: INSERT INTO TEMP_ORG_LOC_LU (select * from V_ORG_LOC)
2024-05-06T11:19:15.445263+0545 - ~~~~~~~~~~~~~~~~~~~~~~~~~~~~~~~~~~~~~~~~~~~~~~~~~~~~~~~~~~~~~~~~~~~~~~~~~~~~~~~~~~~~~~~~~~~~~~~~~~~~
2024-05-06T11:19:15.445263+0545 - [Info]: Creating Target Table: DWH_ORG_LOC_LU
2024-05-06T11:19:15.445972+0545 - ~~~~~~~~~~~~~~~~~~~~~~~~~~~~~~~~~~~~~~~~~~~~~~~~~~~~~~~~~~~~~~~~~~~~~~~~~~~~~~~~~~~~~~~~~~~~~~~~~~~~
2024-05-06T11:19:15.587496+0545 - [Info]: Query has been executed successfully: 
CREATE TABLE IF NOT EXISTS DWH_ORG_LOC_LU(
                    ORG_KEY INT,
                    LOC_ID INT,
                    ORG_ID INT,
                    ORG_DESC VARCHAR(40),
                    ORG_IS_ACTIVE_FLG BOOLEAN,
                    REC_START_TS TIMESTAMP_LTZ,
                    REC_END_TS TIMESTAMP_LTZ,
                    REC_CLOSE_FLG BOOLEAN
                    )
2024-05-06T11:19:15.588492+0545 - ~~~~~~~~~~~~~~~~~~~~~~~~~~~~~~~~~~~~~~~~~~~~~~~~~~~~~~~~~~~~~~~~~~~~~~~~~~~~~~~~~~~~~~~~~~~~~~~~~~~~
2024-05-06T11:19:15.588492+0545 - [Info]: Updating and Inserting Target Table: DWH_ORG_LOC_LU under SCD Type-1 Approach
2024-05-06T11:19:15.588492+0545 - ~~~~~~~~~~~~~~~~~~~~~~~~~~~~~~~~~~~~~~~~~~~~~~~~~~~~~~~~~~~~~~~~~~~~~~~~~~~~~~~~~~~~~~~~~~~~~~~~~~~~
2024-05-06T11:19:16.086233+0545 - [Info]: Query has been executed successfully: 
                MERGE INTO DWH_ORG_LOC_LU AS TG
                USING TEMP_ORG_LOC_LU AS TM
                ON TG.ORG_ID = TM.ORG_ID
                WHEN MATCHED AND ((TG.ORG_DESC <> TM.ORG_DESC) or (TG.ORG_IS_ACTIVE_FLG <> TM.ORG_IS_ACTIVE_FLG) or (TG.LOC_ID <> TM.LOC_ID))
                THEN UPDATE SET
                TG.LOC_ID = TM.LOC_ID,
                TG.ORG_DESC = TM.ORG_DESC,
                TG.ORG_IS_ACTIVE_FLG = TM.ORG_IS_ACTIVE_FLG,
                TG.REC_START_TS = CURRENT_TIMESTAMP,
                TG.REC_END_TS = '2199-12-31 23:59:59.999999'
                WHEN NOT MATCHED
                THEN INSERT (ORG_KEY,LOC_ID,ORG_ID,ORG_DESC,ORG_IS_ACTIVE_FLG,REC_START_TS,REC_END_TS,REC_CLOSE_FLG)
                VALUES(COALESCE((SELECT MAX(ORG_ID) FROM TEMP_ORG_LOC_LU WHERE ORG_ID>=0), 0) + RANK() OVER (ORDER BY ORG_ID),
                TM.LOC_ID, TM.ORG_ID, TM.ORG_DESC, TM.ORG_IS_ACTIVE_FLG,CURRENT_TIMESTAMP, '2199-12-31 23:59:59.999999',FALSE) 
                
2024-05-06T11:19:16.086322+0545 - ~~~~~~~~~~~~~~~~~~~~~~~~~~~~~~~~~~~~~~~~~~~~~~~~~~~~~~~~~~~~~~~~~~~~~~~~~~~~~~~~~~~~~~~~~~~~~~~~~~~~
2024-05-06T11:19:16.086322+0545 - [Info]: Closing Inactives of: DWH_ORG_LOC_LU under SCD Type-1 Approach
2024-05-06T11:19:16.087319+0545 - ~~~~~~~~~~~~~~~~~~~~~~~~~~~~~~~~~~~~~~~~~~~~~~~~~~~~~~~~~~~~~~~~~~~~~~~~~~~~~~~~~~~~~~~~~~~~~~~~~~~~
2024-05-06T11:19:16.430780+0545 - [Info]: Query has been executed successfully: 
            UPDATE DWH_ORG_LOC_LU
            SET REC_CLOSE_FLG = TRUE,
            REC_END_TS = CURRENT_TIMESTAMP
            WHERE ORG_ID NOT IN
            (SELECT DISTINCT ORG_ID FROM TEMP_ORG_LOC_LU)
            
2024-05-06T11:19:16.430780+0545 - ~~~~~~~~~~~~~~~~~~~~~~~~~~~~~~~~~~~~~~~~~~~~~~~~~~~~~~~~~~~~~~~~~~~~~~~~~~~~~~~~~~~~~~~~~~~~~~~~~~~~
2024-05-06T11:19:16.431816+0545 - [Info]: ETL of Table: DWH_ORG_LOC_LU  has been completed successfully!!!
2024-05-06T11:19:16.431816+0545 - ~~~~~~~~~~~~~~~~~~~~~~~~~~~~~~~~~~~~~~~~~~~~~~~~~~~~~~~~~~~~~~~~~~~~~~~~~~~~~~~~~~~~~~~~~~~~~~~~~~~~
2024-05-06T11:19:16.604644+0545 - [Info]: Connection has been closed successfully
2024-05-06T11:19:16.605640+0545 - ~~~~~~~~~~~~~~~~~~~~~~~~~~~~~~~~~~~~~~~~~~~~~~~~~~~~~~~~~~~~~~~~~~~~~~~~~~~~~~~~~~~~~~~~~~~~~~~~~~~~
