2024-05-06T09:36:19.807224+0545 - [Info]: ########################## Operations in DWH_ORG_LOC_LU Table ##########################
2024-05-06T09:36:19.808170+0545 - ~~~~~~~~~~~~~~~~~~~~~~~~~~~~~~~~~~~~~~~~~~~~~~~~~~~~~~~~~~~~~~~~~~~~~~~~~~~~~~~~~~~~~~~~~~~~~~~~~~~~
2024-05-06T09:36:20.490992+0545 - [Info]: Snowflake has been connected successfully
2024-05-06T09:36:20.492007+0545 - ~~~~~~~~~~~~~~~~~~~~~~~~~~~~~~~~~~~~~~~~~~~~~~~~~~~~~~~~~~~~~~~~~~~~~~~~~~~~~~~~~~~~~~~~~~~~~~~~~~~~
2024-05-06T09:36:20.492007+0545 - [Info]: Creating Temp Table: TEMP_ORG_LOC_LU
2024-05-06T09:36:20.492996+0545 - ~~~~~~~~~~~~~~~~~~~~~~~~~~~~~~~~~~~~~~~~~~~~~~~~~~~~~~~~~~~~~~~~~~~~~~~~~~~~~~~~~~~~~~~~~~~~~~~~~~~~
2024-05-06T09:36:20.586673+0545 - [Error]: Query could not be executed with error: 090106 (22000): Cannot perform CREATE TABLE. This session does not have a current schema. Call 'USE SCHEMA', or use a qualified name.
2024-05-06T09:36:20.586673+0545 - ~~~~~~~~~~~~~~~~~~~~~~~~~~~~~~~~~~~~~~~~~~~~~~~~~~~~~~~~~~~~~~~~~~~~~~~~~~~~~~~~~~~~~~~~~~~~~~~~~~~~
2024-05-06T09:36:20.587670+0545 - [Info]: If table already exists then truncating temp table: TEMP_ORG_LOC_LU
2024-05-06T09:36:20.587670+0545 - ~~~~~~~~~~~~~~~~~~~~~~~~~~~~~~~~~~~~~~~~~~~~~~~~~~~~~~~~~~~~~~~~~~~~~~~~~~~~~~~~~~~~~~~~~~~~~~~~~~~~
2024-05-06T09:36:20.681315+0545 - [Error]: Query could not be executed with error: 090106 (22000): Cannot perform TRUNCATE. This session does not have a current schema. Call 'USE SCHEMA', or use a qualified name.
2024-05-06T09:36:20.682312+0545 - ~~~~~~~~~~~~~~~~~~~~~~~~~~~~~~~~~~~~~~~~~~~~~~~~~~~~~~~~~~~~~~~~~~~~~~~~~~~~~~~~~~~~~~~~~~~~~~~~~~~~
2024-05-06T09:36:20.773717+0545 - [Error]: Query could not be executed with error: 002003 (42S02): SQL compilation error:
Object 'V_ORG_LOC' does not exist or not authorized.
2024-05-06T09:36:20.773717+0545 - ~~~~~~~~~~~~~~~~~~~~~~~~~~~~~~~~~~~~~~~~~~~~~~~~~~~~~~~~~~~~~~~~~~~~~~~~~~~~~~~~~~~~~~~~~~~~~~~~~~~~
2024-05-06T09:36:20.773717+0545 - [Info]: Creating Target Table: DWH_ORG_LOC_LU
2024-05-06T09:36:20.773717+0545 - ~~~~~~~~~~~~~~~~~~~~~~~~~~~~~~~~~~~~~~~~~~~~~~~~~~~~~~~~~~~~~~~~~~~~~~~~~~~~~~~~~~~~~~~~~~~~~~~~~~~~
2024-05-06T09:36:20.865416+0545 - [Error]: Query could not be executed with error: 090106 (22000): Cannot perform CREATE TABLE. This session does not have a current schema. Call 'USE SCHEMA', or use a qualified name.
2024-05-06T09:36:20.866415+0545 - ~~~~~~~~~~~~~~~~~~~~~~~~~~~~~~~~~~~~~~~~~~~~~~~~~~~~~~~~~~~~~~~~~~~~~~~~~~~~~~~~~~~~~~~~~~~~~~~~~~~~
2024-05-06T09:36:20.866415+0545 - [Info]: Updating and Inserting Target Table: DWH_ORG_LOC_LU under SCD Type-1 Approach
2024-05-06T09:36:20.866415+0545 - ~~~~~~~~~~~~~~~~~~~~~~~~~~~~~~~~~~~~~~~~~~~~~~~~~~~~~~~~~~~~~~~~~~~~~~~~~~~~~~~~~~~~~~~~~~~~~~~~~~~~
2024-05-06T09:36:20.961107+0545 - [Error]: Query could not be executed with error: 002003 (42S02): SQL compilation error:
Object 'TEMP_ORG_LOC_LU' does not exist or not authorized.
2024-05-06T09:36:20.962110+0545 - ~~~~~~~~~~~~~~~~~~~~~~~~~~~~~~~~~~~~~~~~~~~~~~~~~~~~~~~~~~~~~~~~~~~~~~~~~~~~~~~~~~~~~~~~~~~~~~~~~~~~
2024-05-06T09:36:20.962110+0545 - [Info]: Closing Inactives of: DWH_ORG_LOC_LU under SCD Type-1 Approach
2024-05-06T09:36:20.962110+0545 - ~~~~~~~~~~~~~~~~~~~~~~~~~~~~~~~~~~~~~~~~~~~~~~~~~~~~~~~~~~~~~~~~~~~~~~~~~~~~~~~~~~~~~~~~~~~~~~~~~~~~
2024-05-06T09:36:21.052787+0545 - [Error]: Query could not be executed with error: 002003 (42S02): SQL compilation error:
Object 'DWH_ORG_LOC_LU' does not exist or not authorized.
2024-05-06T09:36:21.053792+0545 - ~~~~~~~~~~~~~~~~~~~~~~~~~~~~~~~~~~~~~~~~~~~~~~~~~~~~~~~~~~~~~~~~~~~~~~~~~~~~~~~~~~~~~~~~~~~~~~~~~~~~
2024-05-06T09:36:21.053792+0545 - [Info]: ETL of Table: DWH_ORG_LOC_LU  has been completed successfully!!!
2024-05-06T09:36:21.053792+0545 - ~~~~~~~~~~~~~~~~~~~~~~~~~~~~~~~~~~~~~~~~~~~~~~~~~~~~~~~~~~~~~~~~~~~~~~~~~~~~~~~~~~~~~~~~~~~~~~~~~~~~
2024-05-06T09:36:21.194269+0545 - [Info]: Connection has been closed successfully
2024-05-06T09:36:21.195266+0545 - ~~~~~~~~~~~~~~~~~~~~~~~~~~~~~~~~~~~~~~~~~~~~~~~~~~~~~~~~~~~~~~~~~~~~~~~~~~~~~~~~~~~~~~~~~~~~~~~~~~~~
