2024-05-06T11:19:01.369772+0545 - [Info]: ########################## Operations in DWH_DISTRICT_LU Table ##########################
2024-05-06T11:19:01.369772+0545 - ~~~~~~~~~~~~~~~~~~~~~~~~~~~~~~~~~~~~~~~~~~~~~~~~~~~~~~~~~~~~~~~~~~~~~~~~~~~~~~~~~~~~~~~~~~~~~~~~~~~~
2024-05-06T11:19:03.347973+0545 - [Info]: Snowflake has been connected successfully
2024-05-06T11:19:03.348781+0545 - ~~~~~~~~~~~~~~~~~~~~~~~~~~~~~~~~~~~~~~~~~~~~~~~~~~~~~~~~~~~~~~~~~~~~~~~~~~~~~~~~~~~~~~~~~~~~~~~~~~~~
2024-05-06T11:19:03.348781+0545 - [Info]: Creating Temp Table: TEMP_DISTRICT_LU
2024-05-06T11:19:03.349777+0545 - ~~~~~~~~~~~~~~~~~~~~~~~~~~~~~~~~~~~~~~~~~~~~~~~~~~~~~~~~~~~~~~~~~~~~~~~~~~~~~~~~~~~~~~~~~~~~~~~~~~~~
2024-05-06T11:19:03.520867+0545 - [Info]: Query has been executed successfully: 
CREATE TABLE IF NOT EXISTS TEMP_DISTRICT_LU(
                    DISTRICT_ID INT,
                    DISTRICT_DESC VARCHAR(40)
                    )
2024-05-06T11:19:03.521829+0545 - ~~~~~~~~~~~~~~~~~~~~~~~~~~~~~~~~~~~~~~~~~~~~~~~~~~~~~~~~~~~~~~~~~~~~~~~~~~~~~~~~~~~~~~~~~~~~~~~~~~~~
2024-05-06T11:19:03.521829+0545 - [Info]: If table already exists then truncating temp table: TEMP_DISTRICT_LU
2024-05-06T11:19:03.522825+0545 - ~~~~~~~~~~~~~~~~~~~~~~~~~~~~~~~~~~~~~~~~~~~~~~~~~~~~~~~~~~~~~~~~~~~~~~~~~~~~~~~~~~~~~~~~~~~~~~~~~~~~
2024-05-06T11:19:03.705689+0545 - [Info]: Query has been executed successfully: TRUNCATE TEMP_DISTRICT_LU
2024-05-06T11:19:03.706681+0545 - ~~~~~~~~~~~~~~~~~~~~~~~~~~~~~~~~~~~~~~~~~~~~~~~~~~~~~~~~~~~~~~~~~~~~~~~~~~~~~~~~~~~~~~~~~~~~~~~~~~~~
2024-05-06T11:19:04.300071+0545 - [Info]: Query has been executed successfully: INSERT INTO TEMP_DISTRICT_LU (select * from V_DISTRICT_TR)
2024-05-06T11:19:04.300071+0545 - ~~~~~~~~~~~~~~~~~~~~~~~~~~~~~~~~~~~~~~~~~~~~~~~~~~~~~~~~~~~~~~~~~~~~~~~~~~~~~~~~~~~~~~~~~~~~~~~~~~~~
2024-05-06T11:19:04.300960+0545 - [Info]: Creating Target Table: DWH_DISTRICT_LU
2024-05-06T11:19:04.301047+0545 - ~~~~~~~~~~~~~~~~~~~~~~~~~~~~~~~~~~~~~~~~~~~~~~~~~~~~~~~~~~~~~~~~~~~~~~~~~~~~~~~~~~~~~~~~~~~~~~~~~~~~
2024-05-06T11:19:06.077151+0545 - [Info]: Query has been executed successfully: 
CREATE TABLE IF NOT EXISTS DWH_DISTRICT_LU(
                    DISTRICT_KEY INT,
                    DISTRICT_ID INT,
                    DISTRICT_DESC VARCHAR(40),
                    REC_START_TS TIMESTAMP_LTZ,
                    REC_END_TS TIMESTAMP_LTZ,
                    REC_CLOSE_FLG BOOLEAN
                    )
2024-05-06T11:19:06.077708+0545 - ~~~~~~~~~~~~~~~~~~~~~~~~~~~~~~~~~~~~~~~~~~~~~~~~~~~~~~~~~~~~~~~~~~~~~~~~~~~~~~~~~~~~~~~~~~~~~~~~~~~~
2024-05-06T11:19:06.078037+0545 - [Info]: Updating and Inserting Target Table: DWH_DISTRICT_LU under SCD Type-1 Approach
2024-05-06T11:19:06.078037+0545 - ~~~~~~~~~~~~~~~~~~~~~~~~~~~~~~~~~~~~~~~~~~~~~~~~~~~~~~~~~~~~~~~~~~~~~~~~~~~~~~~~~~~~~~~~~~~~~~~~~~~~
2024-05-06T11:19:07.293211+0545 - [Info]: Query has been executed successfully: 
                MERGE INTO DWH_DISTRICT_LU AS TG
                USING TEMP_DISTRICT_LU AS TM
                ON TG.DISTRICT_ID = TM.DISTRICT_ID
                WHEN MATCHED AND ((TG.DISTRICT_DESC <> TM.DISTRICT_DESC))
                THEN UPDATE SET
                TG.DISTRICT_DESC = TM.DISTRICT_DESC,
                TG.REC_START_TS = CURRENT_TIMESTAMP,
                TG.REC_END_TS = '2199-12-31 23:59:59.999999'
                WHEN NOT MATCHED
                THEN INSERT (DISTRICT_KEY,DISTRICT_ID,DISTRICT_DESC,REC_START_TS,REC_END_TS,REC_CLOSE_FLG)
                VALUES(COALESCE((SELECT MAX(DISTRICT_ID) FROM TEMP_DISTRICT_LU WHERE DISTRICT_ID>=0), 0) + RANK() OVER (ORDER BY DISTRICT_ID),
                TM.DISTRICT_ID, TM.DISTRICT_DESC, CURRENT_TIMESTAMP, '2199-12-31 23:59:59.999999',FALSE) 
                
2024-05-06T11:19:07.293461+0545 - ~~~~~~~~~~~~~~~~~~~~~~~~~~~~~~~~~~~~~~~~~~~~~~~~~~~~~~~~~~~~~~~~~~~~~~~~~~~~~~~~~~~~~~~~~~~~~~~~~~~~
2024-05-06T11:19:07.293461+0545 - [Info]: Closing Inactives of: DWH_DISTRICT_LU under SCD Type-1 Approach
2024-05-06T11:19:07.294257+0545 - ~~~~~~~~~~~~~~~~~~~~~~~~~~~~~~~~~~~~~~~~~~~~~~~~~~~~~~~~~~~~~~~~~~~~~~~~~~~~~~~~~~~~~~~~~~~~~~~~~~~~
2024-05-06T11:19:07.712982+0545 - [Info]: Query has been executed successfully: 
            UPDATE DWH_DISTRICT_LU
            SET REC_CLOSE_FLG = TRUE,
            REC_END_TS = CURRENT_TIMESTAMP
            WHERE DISTRICT_ID NOT IN
            (SELECT DISTINCT DISTRICT_ID FROM TEMP_DISTRICT_LU)
            
2024-05-06T11:19:07.714022+0545 - ~~~~~~~~~~~~~~~~~~~~~~~~~~~~~~~~~~~~~~~~~~~~~~~~~~~~~~~~~~~~~~~~~~~~~~~~~~~~~~~~~~~~~~~~~~~~~~~~~~~~
2024-05-06T11:19:07.714022+0545 - [Info]: ETL of Table: DWH_DISTRICT_LU  has been completed successfully!!!
2024-05-06T11:19:07.714022+0545 - ~~~~~~~~~~~~~~~~~~~~~~~~~~~~~~~~~~~~~~~~~~~~~~~~~~~~~~~~~~~~~~~~~~~~~~~~~~~~~~~~~~~~~~~~~~~~~~~~~~~~
2024-05-06T11:19:09.015334+0545 - [Info]: Connection has been closed successfully
2024-05-06T11:19:09.015846+0545 - ~~~~~~~~~~~~~~~~~~~~~~~~~~~~~~~~~~~~~~~~~~~~~~~~~~~~~~~~~~~~~~~~~~~~~~~~~~~~~~~~~~~~~~~~~~~~~~~~~~~~
