2024-04-22T15:46:45.638789+0545 - [Info]: ####### CONNECTION --> Starting ORACLE Jobs #######
2024-04-22T15:46:45.638789+0545 - ~~~~~~~~~~~~~~~~~~~~~~~~~~~~~~~~~~~~~~~~~~~~~~~~~~~~~~~~~~~~~~~~~~~~~~~~~~~~~~~~~~~~~~~~~~~~~~~~~~~~
2024-04-22T15:46:45.852308+0545 - [Info]: Connection has been established sucessfully
2024-04-22T15:46:45.853151+0545 - ~~~~~~~~~~~~~~~~~~~~~~~~~~~~~~~~~~~~~~~~~~~~~~~~~~~~~~~~~~~~~~~~~~~~~~~~~~~~~~~~~~~~~~~~~~~~~~~~~~~~
2024-04-22T15:46:45.861311+0545 - [Info]: Fetching ALL data SUCCESSFUL
2024-04-22T15:46:45.862130+0545 - ~~~~~~~~~~~~~~~~~~~~~~~~~~~~~~~~~~~~~~~~~~~~~~~~~~~~~~~~~~~~~~~~~~~~~~~~~~~~~~~~~~~~~~~~~~~~~~~~~~~~
2024-04-22T15:46:45.864119+0545 - [Info]: Column Fetching has been SUCCESSFUL
2024-04-22T15:46:45.865163+0545 - ~~~~~~~~~~~~~~~~~~~~~~~~~~~~~~~~~~~~~~~~~~~~~~~~~~~~~~~~~~~~~~~~~~~~~~~~~~~~~~~~~~~~~~~~~~~~~~~~~~~~
2024-04-22T15:46:45.865163+0545 - [Info]: ####### CONNECTION --> Starting SNOWFLAKE Jobs #######
2024-04-22T15:46:45.866110+0545 - ~~~~~~~~~~~~~~~~~~~~~~~~~~~~~~~~~~~~~~~~~~~~~~~~~~~~~~~~~~~~~~~~~~~~~~~~~~~~~~~~~~~~~~~~~~~~~~~~~~~~
2024-04-22T15:46:46.680552+0545 - [Info]: Snowflake has been connected successfully
2024-04-22T15:46:46.680552+0545 - ~~~~~~~~~~~~~~~~~~~~~~~~~~~~~~~~~~~~~~~~~~~~~~~~~~~~~~~~~~~~~~~~~~~~~~~~~~~~~~~~~~~~~~~~~~~~~~~~~~~~
2024-04-22T15:46:46.773078+0545 - [Info]: Query has been executed successfully: 
    CREATE STAGE IF NOT EXISTS RAW_STAGE
    COMMENT = 'Internal Stage for storing CSV files of raw data from Oracle'
    
2024-04-22T15:46:46.774080+0545 - ~~~~~~~~~~~~~~~~~~~~~~~~~~~~~~~~~~~~~~~~~~~~~~~~~~~~~~~~~~~~~~~~~~~~~~~~~~~~~~~~~~~~~~~~~~~~~~~~~~~~
2024-04-22T15:46:47.622400+0545 - [Info]: Query has been executed successfully: PUT file://C:/Users/shusant.sapkota/ETLProject/pythonProject/dump/raw/v_sales_txn_day/raw_v_sales_txn_day_full_data_from_oracle.csv @RAW_STAGE/V_SALES_TXN_DAY_RAW AUTO_COMPRESS = FALSE OVERWRITE=TRUE
2024-04-22T15:46:47.622400+0545 - ~~~~~~~~~~~~~~~~~~~~~~~~~~~~~~~~~~~~~~~~~~~~~~~~~~~~~~~~~~~~~~~~~~~~~~~~~~~~~~~~~~~~~~~~~~~~~~~~~~~~
2024-04-22T15:46:47.694501+0545 - [Info]: Query has been executed successfully: 
                    CREATE TABLE IF NOT EXISTS V_SALES_TXN_DAY (
                    TXN_DT DATETIME,
                    BUSINESS_DT DATETIME,
                    TXN_ID INT ,
                    ITEM_ID INT,
                    LOC_ID INT,
                    TXN_TYP VARCHAR(5),
                    SALES_AMOUNT DOUBLE,
                    SALES_QUANTITY INT,
                    SALES_COST DOUBLE,
                    SALES_DISCOUNT DOUBLE
                    )
2024-04-22T15:46:47.694501+0545 - ~~~~~~~~~~~~~~~~~~~~~~~~~~~~~~~~~~~~~~~~~~~~~~~~~~~~~~~~~~~~~~~~~~~~~~~~~~~~~~~~~~~~~~~~~~~~~~~~~~~~
2024-04-22T15:46:47.811026+0545 - [Info]: Query has been executed successfully: TRUNCATE V_SALES_TXN_DAY
2024-04-22T15:46:47.812026+0545 - ~~~~~~~~~~~~~~~~~~~~~~~~~~~~~~~~~~~~~~~~~~~~~~~~~~~~~~~~~~~~~~~~~~~~~~~~~~~~~~~~~~~~~~~~~~~~~~~~~~~~
2024-04-22T15:46:48.741168+0545 - [Info]: Query has been executed successfully: COPY INTO V_SALES_TXN_DAY FROM @RAW_STAGE/V_SALES_TXN_DAY_RAW/raw_v_sales_txn_day_full_data_from_oracle.csv FILE_FORMAT = (FIELD_DELIMITER = ',' SKIP_HEADER=1)
2024-04-22T15:46:48.742224+0545 - ~~~~~~~~~~~~~~~~~~~~~~~~~~~~~~~~~~~~~~~~~~~~~~~~~~~~~~~~~~~~~~~~~~~~~~~~~~~~~~~~~~~~~~~~~~~~~~~~~~~~
2024-04-22T15:46:48.746149+0545 - [Info]: Connection has been closed successfully
2024-04-22T15:46:48.747140+0545 - ~~~~~~~~~~~~~~~~~~~~~~~~~~~~~~~~~~~~~~~~~~~~~~~~~~~~~~~~~~~~~~~~~~~~~~~~~~~~~~~~~~~~~~~~~~~~~~~~~~~~
