2024-05-06T09:42:43.963702+0545 - [Info]: ####### CONNECTION --> Starting ORACLE Jobs #######
2024-05-06T09:42:43.963702+0545 - ~~~~~~~~~~~~~~~~~~~~~~~~~~~~~~~~~~~~~~~~~~~~~~~~~~~~~~~~~~~~~~~~~~~~~~~~~~~~~~~~~~~~~~~~~~~~~~~~~~~~
2024-05-06T09:42:44.153861+0545 - [Info]: Connection has been established sucessfully
2024-05-06T09:42:44.154858+0545 - ~~~~~~~~~~~~~~~~~~~~~~~~~~~~~~~~~~~~~~~~~~~~~~~~~~~~~~~~~~~~~~~~~~~~~~~~~~~~~~~~~~~~~~~~~~~~~~~~~~~~
2024-05-06T09:42:44.167185+0545 - [Info]: Fetching ALL data SUCCESSFUL
2024-05-06T09:42:44.167828+0545 - ~~~~~~~~~~~~~~~~~~~~~~~~~~~~~~~~~~~~~~~~~~~~~~~~~~~~~~~~~~~~~~~~~~~~~~~~~~~~~~~~~~~~~~~~~~~~~~~~~~~~
2024-05-06T09:42:44.167999+0545 - [Info]: Column Fetching has been SUCCESSFUL
2024-05-06T09:42:44.168825+0545 - ~~~~~~~~~~~~~~~~~~~~~~~~~~~~~~~~~~~~~~~~~~~~~~~~~~~~~~~~~~~~~~~~~~~~~~~~~~~~~~~~~~~~~~~~~~~~~~~~~~~~
2024-05-06T09:42:44.170869+0545 - [Info]: ####### CONNECTION --> Starting SNOWFLAKE Jobs #######
2024-05-06T09:42:44.170869+0545 - ~~~~~~~~~~~~~~~~~~~~~~~~~~~~~~~~~~~~~~~~~~~~~~~~~~~~~~~~~~~~~~~~~~~~~~~~~~~~~~~~~~~~~~~~~~~~~~~~~~~~
2024-05-06T09:42:44.936709+0545 - [Info]: Snowflake has been connected successfully
2024-05-06T09:42:44.937242+0545 - ~~~~~~~~~~~~~~~~~~~~~~~~~~~~~~~~~~~~~~~~~~~~~~~~~~~~~~~~~~~~~~~~~~~~~~~~~~~~~~~~~~~~~~~~~~~~~~~~~~~~
2024-05-06T09:42:45.046581+0545 - [Info]: Query has been executed successfully: 
    CREATE STAGE IF NOT EXISTS RAW_STAGE
    COMMENT = 'Internal Stage for storing CSV files of raw data from Oracle'
    
2024-05-06T09:42:45.047562+0545 - ~~~~~~~~~~~~~~~~~~~~~~~~~~~~~~~~~~~~~~~~~~~~~~~~~~~~~~~~~~~~~~~~~~~~~~~~~~~~~~~~~~~~~~~~~~~~~~~~~~~~
2024-05-06T09:42:45.954508+0545 - [Info]: Query has been executed successfully: PUT file://C:/Users/shusant.sapkota/ETLProject/pythonProject/dump/raw/v_sales_txn_day/raw_v_sales_txn_day_full_data_from_oracle.csv @RAW_STAGE/V_SALES_TXN_DAY_RAW AUTO_COMPRESS = FALSE OVERWRITE=TRUE
2024-05-06T09:42:45.954508+0545 - ~~~~~~~~~~~~~~~~~~~~~~~~~~~~~~~~~~~~~~~~~~~~~~~~~~~~~~~~~~~~~~~~~~~~~~~~~~~~~~~~~~~~~~~~~~~~~~~~~~~~
2024-05-06T09:42:46.094332+0545 - [Info]: Query has been executed successfully: 
                    CREATE TABLE IF NOT EXISTS V_SALES_TXN_DAY (
                    TXN_DT DATETIME,
                    BUSINESS_DT DATETIME,
                    TXN_ID INT ,
                    ITEM_ID INT,
                    LOC_ID INT,
                    TXN_TYP VARCHAR(5),
                    SALES_AMOUNT DOUBLE,
                    SALES_QUANTITY INT,
                    SALES_COST DOUBLE,
                    SALES_DISCOUNT DOUBLE
                    )
2024-05-06T09:42:46.094332+0545 - ~~~~~~~~~~~~~~~~~~~~~~~~~~~~~~~~~~~~~~~~~~~~~~~~~~~~~~~~~~~~~~~~~~~~~~~~~~~~~~~~~~~~~~~~~~~~~~~~~~~~
2024-05-06T09:42:46.229964+0545 - [Info]: Query has been executed successfully: TRUNCATE V_SALES_TXN_DAY
2024-05-06T09:42:46.230081+0545 - ~~~~~~~~~~~~~~~~~~~~~~~~~~~~~~~~~~~~~~~~~~~~~~~~~~~~~~~~~~~~~~~~~~~~~~~~~~~~~~~~~~~~~~~~~~~~~~~~~~~~
2024-05-06T09:42:46.769186+0545 - [Info]: Query has been executed successfully: COPY INTO V_SALES_TXN_DAY FROM @RAW_STAGE/V_SALES_TXN_DAY_RAW/raw_v_sales_txn_day_full_data_from_oracle.csv FILE_FORMAT = (FIELD_DELIMITER = ',' SKIP_HEADER=1)
2024-05-06T09:42:46.769186+0545 - ~~~~~~~~~~~~~~~~~~~~~~~~~~~~~~~~~~~~~~~~~~~~~~~~~~~~~~~~~~~~~~~~~~~~~~~~~~~~~~~~~~~~~~~~~~~~~~~~~~~~
2024-05-06T09:42:46.793124+0545 - [Info]: Connection has been closed successfully
2024-05-06T09:42:46.793124+0545 - ~~~~~~~~~~~~~~~~~~~~~~~~~~~~~~~~~~~~~~~~~~~~~~~~~~~~~~~~~~~~~~~~~~~~~~~~~~~~~~~~~~~~~~~~~~~~~~~~~~~~
