2024-05-06T09:11:26.917776+0545 - [Info]: ####### CONNECTION --> Starting ORACLE Jobs #######
2024-05-06T09:11:26.917776+0545 - ~~~~~~~~~~~~~~~~~~~~~~~~~~~~~~~~~~~~~~~~~~~~~~~~~~~~~~~~~~~~~~~~~~~~~~~~~~~~~~~~~~~~~~~~~~~~~~~~~~~~
2024-05-06T09:11:27.405294+0545 - [Info]: Connection has been established sucessfully
2024-05-06T09:11:27.406243+0545 - ~~~~~~~~~~~~~~~~~~~~~~~~~~~~~~~~~~~~~~~~~~~~~~~~~~~~~~~~~~~~~~~~~~~~~~~~~~~~~~~~~~~~~~~~~~~~~~~~~~~~
2024-05-06T09:11:27.540855+0545 - [Info]: Fetching ALL data SUCCESSFUL
2024-05-06T09:11:27.540855+0545 - ~~~~~~~~~~~~~~~~~~~~~~~~~~~~~~~~~~~~~~~~~~~~~~~~~~~~~~~~~~~~~~~~~~~~~~~~~~~~~~~~~~~~~~~~~~~~~~~~~~~~
2024-05-06T09:11:27.544788+0545 - [Info]: Column Fetching has been SUCCESSFUL
2024-05-06T09:11:27.544955+0545 - ~~~~~~~~~~~~~~~~~~~~~~~~~~~~~~~~~~~~~~~~~~~~~~~~~~~~~~~~~~~~~~~~~~~~~~~~~~~~~~~~~~~~~~~~~~~~~~~~~~~~
2024-05-06T09:11:27.546885+0545 - [Info]: ####### CONNECTION --> Starting SNOWFLAKE Jobs #######
2024-05-06T09:11:27.547777+0545 - ~~~~~~~~~~~~~~~~~~~~~~~~~~~~~~~~~~~~~~~~~~~~~~~~~~~~~~~~~~~~~~~~~~~~~~~~~~~~~~~~~~~~~~~~~~~~~~~~~~~~
2024-05-06T09:11:28.556667+0545 - [Info]: Snowflake has been connected successfully
2024-05-06T09:11:28.556667+0545 - ~~~~~~~~~~~~~~~~~~~~~~~~~~~~~~~~~~~~~~~~~~~~~~~~~~~~~~~~~~~~~~~~~~~~~~~~~~~~~~~~~~~~~~~~~~~~~~~~~~~~
2024-05-06T09:11:28.701308+0545 - [Info]: Query has been executed successfully: 
    CREATE STAGE IF NOT EXISTS RAW_STAGE
    COMMENT = 'Internal Stage for storing CSV files of raw data from Oracle'
    
2024-05-06T09:11:28.702304+0545 - ~~~~~~~~~~~~~~~~~~~~~~~~~~~~~~~~~~~~~~~~~~~~~~~~~~~~~~~~~~~~~~~~~~~~~~~~~~~~~~~~~~~~~~~~~~~~~~~~~~~~
2024-05-06T09:11:31.765343+0545 - [Info]: Query has been executed successfully: PUT file://C:/Users/shusant.sapkota/ETLProject/pythonProject/dump/raw/v_sales_txn_day/raw_v_sales_txn_day_full_data_from_oracle.csv @RAW_STAGE/V_SALES_TXN_DAY_RAW AUTO_COMPRESS = FALSE OVERWRITE=TRUE
2024-05-06T09:11:31.765343+0545 - ~~~~~~~~~~~~~~~~~~~~~~~~~~~~~~~~~~~~~~~~~~~~~~~~~~~~~~~~~~~~~~~~~~~~~~~~~~~~~~~~~~~~~~~~~~~~~~~~~~~~
2024-05-06T09:11:31.986180+0545 - [Info]: Query has been executed successfully: 
                    CREATE TABLE IF NOT EXISTS V_SALES_TXN_DAY (
                    TXN_DT DATETIME,
                    BUSINESS_DT DATETIME,
                    TXN_ID INT ,
                    ITEM_ID INT,
                    LOC_ID INT,
                    TXN_TYP VARCHAR(5),
                    SALES_AMOUNT DOUBLE,
                    SALES_QUANTITY INT,
                    SALES_COST DOUBLE,
                    SALES_DISCOUNT DOUBLE
                    )
2024-05-06T09:11:31.987494+0545 - ~~~~~~~~~~~~~~~~~~~~~~~~~~~~~~~~~~~~~~~~~~~~~~~~~~~~~~~~~~~~~~~~~~~~~~~~~~~~~~~~~~~~~~~~~~~~~~~~~~~~
2024-05-06T09:11:32.448144+0545 - [Info]: Query has been executed successfully: TRUNCATE V_SALES_TXN_DAY
2024-05-06T09:11:32.449140+0545 - ~~~~~~~~~~~~~~~~~~~~~~~~~~~~~~~~~~~~~~~~~~~~~~~~~~~~~~~~~~~~~~~~~~~~~~~~~~~~~~~~~~~~~~~~~~~~~~~~~~~~
2024-05-06T09:11:33.074813+0545 - [Info]: Query has been executed successfully: COPY INTO V_SALES_TXN_DAY FROM @RAW_STAGE/V_SALES_TXN_DAY_RAW/raw_v_sales_txn_day_full_data_from_oracle.csv FILE_FORMAT = (FIELD_DELIMITER = ',' SKIP_HEADER=1)
2024-05-06T09:11:33.075808+0545 - ~~~~~~~~~~~~~~~~~~~~~~~~~~~~~~~~~~~~~~~~~~~~~~~~~~~~~~~~~~~~~~~~~~~~~~~~~~~~~~~~~~~~~~~~~~~~~~~~~~~~
2024-05-06T09:11:33.265068+0545 - [Info]: Connection has been closed successfully
2024-05-06T09:11:33.265068+0545 - ~~~~~~~~~~~~~~~~~~~~~~~~~~~~~~~~~~~~~~~~~~~~~~~~~~~~~~~~~~~~~~~~~~~~~~~~~~~~~~~~~~~~~~~~~~~~~~~~~~~~
