2024-03-22T13:44:00.255523+0545 - [Info]: ####### CONNECTION --> Starting ORACLE Jobs #######
2024-03-22T13:44:00.256524+0545 - ~~~~~~~~~~~~~~~~~~~~~~~~~~~~~~~~~~~~~~~~~~~~~~~~~~~~~~~~~~~~~~~~~~~~~~~~~~~~~~~~~~~~~~~~~~~~~~~~~~~~
2024-03-22T13:44:00.431624+0545 - [Info]: Connection has been established sucessfully
2024-03-22T13:44:00.431624+0545 - ~~~~~~~~~~~~~~~~~~~~~~~~~~~~~~~~~~~~~~~~~~~~~~~~~~~~~~~~~~~~~~~~~~~~~~~~~~~~~~~~~~~~~~~~~~~~~~~~~~~~
2024-03-22T13:44:00.441107+0545 - [Info]: Fetching ALL data SUCCESSFUL
2024-03-22T13:44:00.441685+0545 - ~~~~~~~~~~~~~~~~~~~~~~~~~~~~~~~~~~~~~~~~~~~~~~~~~~~~~~~~~~~~~~~~~~~~~~~~~~~~~~~~~~~~~~~~~~~~~~~~~~~~
2024-03-22T13:44:00.441685+0545 - [Info]: Column Fetching has been SUCCESSFUL
2024-03-22T13:44:00.441685+0545 - ~~~~~~~~~~~~~~~~~~~~~~~~~~~~~~~~~~~~~~~~~~~~~~~~~~~~~~~~~~~~~~~~~~~~~~~~~~~~~~~~~~~~~~~~~~~~~~~~~~~~
2024-03-22T13:44:00.443628+0545 - [Info]: ####### CONNECTION --> Starting SNOWFLAKE Jobs #######
2024-03-22T13:44:00.443628+0545 - ~~~~~~~~~~~~~~~~~~~~~~~~~~~~~~~~~~~~~~~~~~~~~~~~~~~~~~~~~~~~~~~~~~~~~~~~~~~~~~~~~~~~~~~~~~~~~~~~~~~~
2024-03-22T13:44:01.227256+0545 - [Info]: Snowflake has been connected successfully
2024-03-22T13:44:01.227256+0545 - ~~~~~~~~~~~~~~~~~~~~~~~~~~~~~~~~~~~~~~~~~~~~~~~~~~~~~~~~~~~~~~~~~~~~~~~~~~~~~~~~~~~~~~~~~~~~~~~~~~~~
2024-03-22T13:44:01.344974+0545 - [Info]: Query has been executed successfully: 
    CREATE STAGE IF NOT EXISTS RAW_STAGE
    COMMENT = 'Internal Stage for storing CSV files of raw data from Oracle'
    
2024-03-22T13:44:01.344974+0545 - ~~~~~~~~~~~~~~~~~~~~~~~~~~~~~~~~~~~~~~~~~~~~~~~~~~~~~~~~~~~~~~~~~~~~~~~~~~~~~~~~~~~~~~~~~~~~~~~~~~~~
2024-03-22T13:44:03.105021+0545 - [Info]: Query has been executed successfully: PUT file://C:/Users/shusant.sapkota/ETLProject/pythonProject/dump/raw/v_org_loc/raw_v_org_loc_full_data_from_oracle.csv @RAW_STAGE/V_ORG_LOC_RAW AUTO_COMPRESS = FALSE OVERWRITE=TRUE
2024-03-22T13:44:03.106005+0545 - ~~~~~~~~~~~~~~~~~~~~~~~~~~~~~~~~~~~~~~~~~~~~~~~~~~~~~~~~~~~~~~~~~~~~~~~~~~~~~~~~~~~~~~~~~~~~~~~~~~~~
2024-03-22T13:44:03.258542+0545 - [Info]: Query has been executed successfully: 
                    CREATE TABLE IF NOT EXISTS V_ORG_LOC (
                      LOC_ID INT,
                      ORG_ID INT,
                      ORG_DESC VARCHAR(40),
                      ORG_IS_ACTIVE_FLAG BOOLEAN
                    )
2024-03-22T13:44:03.258542+0545 - ~~~~~~~~~~~~~~~~~~~~~~~~~~~~~~~~~~~~~~~~~~~~~~~~~~~~~~~~~~~~~~~~~~~~~~~~~~~~~~~~~~~~~~~~~~~~~~~~~~~~
2024-03-22T13:44:03.417964+0545 - [Info]: Query has been executed successfully: TRUNCATE V_ORG_LOC
2024-03-22T13:44:03.417964+0545 - ~~~~~~~~~~~~~~~~~~~~~~~~~~~~~~~~~~~~~~~~~~~~~~~~~~~~~~~~~~~~~~~~~~~~~~~~~~~~~~~~~~~~~~~~~~~~~~~~~~~~
2024-03-22T13:44:04.015439+0545 - [Info]: Query has been executed successfully: COPY INTO V_ORG_LOC FROM @RAW_STAGE/V_ORG_LOC_RAW/raw_v_org_loc_full_data_from_oracle.csv FILE_FORMAT = (FIELD_DELIMITER = ',' SKIP_HEADER=1)
2024-03-22T13:44:04.015439+0545 - ~~~~~~~~~~~~~~~~~~~~~~~~~~~~~~~~~~~~~~~~~~~~~~~~~~~~~~~~~~~~~~~~~~~~~~~~~~~~~~~~~~~~~~~~~~~~~~~~~~~~
2024-03-22T13:44:04.026460+0545 - [Info]: Connection has been closed successfully
2024-03-22T13:44:04.027439+0545 - ~~~~~~~~~~~~~~~~~~~~~~~~~~~~~~~~~~~~~~~~~~~~~~~~~~~~~~~~~~~~~~~~~~~~~~~~~~~~~~~~~~~~~~~~~~~~~~~~~~~~
