2024-05-06T11:18:16.579404+0545 - [Info]: ####### CONNECTION --> Starting ORACLE Jobs #######
2024-05-06T11:18:16.580410+0545 - ~~~~~~~~~~~~~~~~~~~~~~~~~~~~~~~~~~~~~~~~~~~~~~~~~~~~~~~~~~~~~~~~~~~~~~~~~~~~~~~~~~~~~~~~~~~~~~~~~~~~
2024-05-06T11:18:16.777409+0545 - [Info]: Connection has been established sucessfully
2024-05-06T11:18:16.778434+0545 - ~~~~~~~~~~~~~~~~~~~~~~~~~~~~~~~~~~~~~~~~~~~~~~~~~~~~~~~~~~~~~~~~~~~~~~~~~~~~~~~~~~~~~~~~~~~~~~~~~~~~
2024-05-06T11:18:16.791526+0545 - [Info]: Fetching ALL data SUCCESSFUL
2024-05-06T11:18:16.791526+0545 - ~~~~~~~~~~~~~~~~~~~~~~~~~~~~~~~~~~~~~~~~~~~~~~~~~~~~~~~~~~~~~~~~~~~~~~~~~~~~~~~~~~~~~~~~~~~~~~~~~~~~
2024-05-06T11:18:16.797863+0545 - [Info]: Column Fetching has been SUCCESSFUL
2024-05-06T11:18:16.797863+0545 - ~~~~~~~~~~~~~~~~~~~~~~~~~~~~~~~~~~~~~~~~~~~~~~~~~~~~~~~~~~~~~~~~~~~~~~~~~~~~~~~~~~~~~~~~~~~~~~~~~~~~
2024-05-06T11:18:16.799652+0545 - [Info]: ####### CONNECTION --> Starting SNOWFLAKE Jobs #######
2024-05-06T11:18:16.799652+0545 - ~~~~~~~~~~~~~~~~~~~~~~~~~~~~~~~~~~~~~~~~~~~~~~~~~~~~~~~~~~~~~~~~~~~~~~~~~~~~~~~~~~~~~~~~~~~~~~~~~~~~
2024-05-06T11:18:17.703480+0545 - [Info]: Snowflake has been connected successfully
2024-05-06T11:18:17.703480+0545 - ~~~~~~~~~~~~~~~~~~~~~~~~~~~~~~~~~~~~~~~~~~~~~~~~~~~~~~~~~~~~~~~~~~~~~~~~~~~~~~~~~~~~~~~~~~~~~~~~~~~~
2024-05-06T11:18:17.816747+0545 - [Info]: Query has been executed successfully: 
    CREATE STAGE IF NOT EXISTS RAW_STAGE
    COMMENT = 'Internal Stage for storing CSV files of raw data from Oracle'
    
2024-05-06T11:18:17.817596+0545 - ~~~~~~~~~~~~~~~~~~~~~~~~~~~~~~~~~~~~~~~~~~~~~~~~~~~~~~~~~~~~~~~~~~~~~~~~~~~~~~~~~~~~~~~~~~~~~~~~~~~~
2024-05-06T11:18:18.947457+0545 - [Info]: Query has been executed successfully: PUT file://C:/Users/shusant.sapkota/ETLProject/pythonProject/dump/raw/v_org_loc/raw_v_org_loc_full_data_from_oracle.csv @RAW_STAGE/V_ORG_LOC_RAW AUTO_COMPRESS = FALSE OVERWRITE=TRUE
2024-05-06T11:18:18.947457+0545 - ~~~~~~~~~~~~~~~~~~~~~~~~~~~~~~~~~~~~~~~~~~~~~~~~~~~~~~~~~~~~~~~~~~~~~~~~~~~~~~~~~~~~~~~~~~~~~~~~~~~~
2024-05-06T11:18:19.079160+0545 - [Info]: Query has been executed successfully: 
                    CREATE TABLE IF NOT EXISTS V_ORG_LOC (
                      LOC_ID INT,
                      ORG_ID INT,
                      ORG_DESC VARCHAR(40),
                      ORG_IS_ACTIVE_FLAG BOOLEAN
                    )
2024-05-06T11:18:19.080155+0545 - ~~~~~~~~~~~~~~~~~~~~~~~~~~~~~~~~~~~~~~~~~~~~~~~~~~~~~~~~~~~~~~~~~~~~~~~~~~~~~~~~~~~~~~~~~~~~~~~~~~~~
2024-05-06T11:18:19.220104+0545 - [Info]: Query has been executed successfully: TRUNCATE V_ORG_LOC
2024-05-06T11:18:19.221100+0545 - ~~~~~~~~~~~~~~~~~~~~~~~~~~~~~~~~~~~~~~~~~~~~~~~~~~~~~~~~~~~~~~~~~~~~~~~~~~~~~~~~~~~~~~~~~~~~~~~~~~~~
2024-05-06T11:18:19.861100+0545 - [Info]: Query has been executed successfully: COPY INTO V_ORG_LOC FROM @RAW_STAGE/V_ORG_LOC_RAW/raw_v_org_loc_full_data_from_oracle.csv FILE_FORMAT = (FIELD_DELIMITER = ',' SKIP_HEADER=1)
2024-05-06T11:18:19.861880+0545 - ~~~~~~~~~~~~~~~~~~~~~~~~~~~~~~~~~~~~~~~~~~~~~~~~~~~~~~~~~~~~~~~~~~~~~~~~~~~~~~~~~~~~~~~~~~~~~~~~~~~~
2024-05-06T11:18:19.958904+0545 - [Info]: Connection has been closed successfully
2024-05-06T11:18:19.959203+0545 - ~~~~~~~~~~~~~~~~~~~~~~~~~~~~~~~~~~~~~~~~~~~~~~~~~~~~~~~~~~~~~~~~~~~~~~~~~~~~~~~~~~~~~~~~~~~~~~~~~~~~
