2024-05-06T09:11:09.935752+0545 - [Info]: ####### CONNECTION --> Starting ORACLE Jobs #######
2024-05-06T09:11:09.936749+0545 - ~~~~~~~~~~~~~~~~~~~~~~~~~~~~~~~~~~~~~~~~~~~~~~~~~~~~~~~~~~~~~~~~~~~~~~~~~~~~~~~~~~~~~~~~~~~~~~~~~~~~
2024-05-06T09:11:10.833260+0545 - [Info]: Connection has been established sucessfully
2024-05-06T09:11:10.834258+0545 - ~~~~~~~~~~~~~~~~~~~~~~~~~~~~~~~~~~~~~~~~~~~~~~~~~~~~~~~~~~~~~~~~~~~~~~~~~~~~~~~~~~~~~~~~~~~~~~~~~~~~
2024-05-06T09:11:11.130507+0545 - [Info]: Fetching ALL data SUCCESSFUL
2024-05-06T09:11:11.131409+0545 - ~~~~~~~~~~~~~~~~~~~~~~~~~~~~~~~~~~~~~~~~~~~~~~~~~~~~~~~~~~~~~~~~~~~~~~~~~~~~~~~~~~~~~~~~~~~~~~~~~~~~
2024-05-06T09:11:11.132311+0545 - [Info]: Column Fetching has been SUCCESSFUL
2024-05-06T09:11:11.132311+0545 - ~~~~~~~~~~~~~~~~~~~~~~~~~~~~~~~~~~~~~~~~~~~~~~~~~~~~~~~~~~~~~~~~~~~~~~~~~~~~~~~~~~~~~~~~~~~~~~~~~~~~
2024-05-06T09:11:11.134271+0545 - [Info]: ####### CONNECTION --> Starting SNOWFLAKE Jobs #######
2024-05-06T09:11:11.134271+0545 - ~~~~~~~~~~~~~~~~~~~~~~~~~~~~~~~~~~~~~~~~~~~~~~~~~~~~~~~~~~~~~~~~~~~~~~~~~~~~~~~~~~~~~~~~~~~~~~~~~~~~
2024-05-06T09:11:12.509714+0545 - [Info]: Snowflake has been connected successfully
2024-05-06T09:11:12.509714+0545 - ~~~~~~~~~~~~~~~~~~~~~~~~~~~~~~~~~~~~~~~~~~~~~~~~~~~~~~~~~~~~~~~~~~~~~~~~~~~~~~~~~~~~~~~~~~~~~~~~~~~~
2024-05-06T09:11:12.725937+0545 - [Info]: Query has been executed successfully: 
    CREATE STAGE IF NOT EXISTS RAW_STAGE
    COMMENT = 'Internal Stage for storing CSV files of raw data from Oracle'
    
2024-05-06T09:11:12.725937+0545 - ~~~~~~~~~~~~~~~~~~~~~~~~~~~~~~~~~~~~~~~~~~~~~~~~~~~~~~~~~~~~~~~~~~~~~~~~~~~~~~~~~~~~~~~~~~~~~~~~~~~~
2024-05-06T09:11:14.218566+0545 - [Info]: Query has been executed successfully: PUT file://C:/Users/shusant.sapkota/ETLProject/pythonProject/dump/raw/v_org_loc/raw_v_org_loc_full_data_from_oracle.csv @RAW_STAGE/V_ORG_LOC_RAW AUTO_COMPRESS = FALSE OVERWRITE=TRUE
2024-05-06T09:11:14.219609+0545 - ~~~~~~~~~~~~~~~~~~~~~~~~~~~~~~~~~~~~~~~~~~~~~~~~~~~~~~~~~~~~~~~~~~~~~~~~~~~~~~~~~~~~~~~~~~~~~~~~~~~~
2024-05-06T09:11:14.338368+0545 - [Info]: Query has been executed successfully: 
                    CREATE TABLE IF NOT EXISTS V_ORG_LOC (
                      LOC_ID INT,
                      ORG_ID INT,
                      ORG_DESC VARCHAR(40),
                      ORG_IS_ACTIVE_FLAG BOOLEAN
                    )
2024-05-06T09:11:14.339285+0545 - ~~~~~~~~~~~~~~~~~~~~~~~~~~~~~~~~~~~~~~~~~~~~~~~~~~~~~~~~~~~~~~~~~~~~~~~~~~~~~~~~~~~~~~~~~~~~~~~~~~~~
2024-05-06T09:11:14.618280+0545 - [Info]: Query has been executed successfully: TRUNCATE V_ORG_LOC
2024-05-06T09:11:14.619277+0545 - ~~~~~~~~~~~~~~~~~~~~~~~~~~~~~~~~~~~~~~~~~~~~~~~~~~~~~~~~~~~~~~~~~~~~~~~~~~~~~~~~~~~~~~~~~~~~~~~~~~~~
2024-05-06T09:11:15.126919+0545 - [Info]: Query has been executed successfully: COPY INTO V_ORG_LOC FROM @RAW_STAGE/V_ORG_LOC_RAW/raw_v_org_loc_full_data_from_oracle.csv FILE_FORMAT = (FIELD_DELIMITER = ',' SKIP_HEADER=1)
2024-05-06T09:11:15.126919+0545 - ~~~~~~~~~~~~~~~~~~~~~~~~~~~~~~~~~~~~~~~~~~~~~~~~~~~~~~~~~~~~~~~~~~~~~~~~~~~~~~~~~~~~~~~~~~~~~~~~~~~~
2024-05-06T09:11:15.139247+0545 - [Info]: Connection has been closed successfully
2024-05-06T09:11:15.140018+0545 - ~~~~~~~~~~~~~~~~~~~~~~~~~~~~~~~~~~~~~~~~~~~~~~~~~~~~~~~~~~~~~~~~~~~~~~~~~~~~~~~~~~~~~~~~~~~~~~~~~~~~
