2024-07-18T09:08:51.191474+0545 - [Info]: ####### CONNECTION --> Starting ORACLE Jobs #######
2024-07-18T09:08:51.191474+0545 - ~~~~~~~~~~~~~~~~~~~~~~~~~~~~~~~~~~~~~~~~~~~~~~~~~~~~~~~~~~~~~~~~~~~~~~~~~~~~~~~~~~~~~~~~~~~~~~~~~~~~
2024-07-18T09:08:51.413108+0545 - [Info]: Connection has been established sucessfully
2024-07-18T09:08:51.414528+0545 - ~~~~~~~~~~~~~~~~~~~~~~~~~~~~~~~~~~~~~~~~~~~~~~~~~~~~~~~~~~~~~~~~~~~~~~~~~~~~~~~~~~~~~~~~~~~~~~~~~~~~
2024-07-18T09:08:51.431025+0545 - [Info]: Fetching ALL data SUCCESSFUL
2024-07-18T09:08:51.432086+0545 - ~~~~~~~~~~~~~~~~~~~~~~~~~~~~~~~~~~~~~~~~~~~~~~~~~~~~~~~~~~~~~~~~~~~~~~~~~~~~~~~~~~~~~~~~~~~~~~~~~~~~
2024-07-18T09:08:51.433089+0545 - [Info]: Column Fetching has been SUCCESSFUL
2024-07-18T09:08:51.433089+0545 - ~~~~~~~~~~~~~~~~~~~~~~~~~~~~~~~~~~~~~~~~~~~~~~~~~~~~~~~~~~~~~~~~~~~~~~~~~~~~~~~~~~~~~~~~~~~~~~~~~~~~
2024-07-18T09:08:51.435135+0545 - [Info]: ####### CONNECTION --> Starting SNOWFLAKE Jobs #######
2024-07-18T09:08:51.436141+0545 - ~~~~~~~~~~~~~~~~~~~~~~~~~~~~~~~~~~~~~~~~~~~~~~~~~~~~~~~~~~~~~~~~~~~~~~~~~~~~~~~~~~~~~~~~~~~~~~~~~~~~
2024-07-18T09:08:52.230809+0545 - [Info]: Snowflake has been connected successfully
2024-07-18T09:08:52.231818+0545 - ~~~~~~~~~~~~~~~~~~~~~~~~~~~~~~~~~~~~~~~~~~~~~~~~~~~~~~~~~~~~~~~~~~~~~~~~~~~~~~~~~~~~~~~~~~~~~~~~~~~~
2024-07-18T09:08:52.351929+0545 - [Info]: Query has been executed successfully: 
    CREATE STAGE IF NOT EXISTS RAW_STAGE
    COMMENT = 'Internal Stage for storing CSV files of raw data from Oracle'
    
2024-07-18T09:08:52.352926+0545 - ~~~~~~~~~~~~~~~~~~~~~~~~~~~~~~~~~~~~~~~~~~~~~~~~~~~~~~~~~~~~~~~~~~~~~~~~~~~~~~~~~~~~~~~~~~~~~~~~~~~~
2024-07-18T09:08:53.212534+0545 - [Info]: Query has been executed successfully: PUT file://C:/Users/shusant.sapkota/ETLProject/pythonProject/dump/raw/v_org_loc/raw_v_org_loc_full_data_from_oracle.csv @RAW_STAGE/V_ORG_LOC_RAW AUTO_COMPRESS = FALSE OVERWRITE=TRUE
2024-07-18T09:08:53.213493+0545 - ~~~~~~~~~~~~~~~~~~~~~~~~~~~~~~~~~~~~~~~~~~~~~~~~~~~~~~~~~~~~~~~~~~~~~~~~~~~~~~~~~~~~~~~~~~~~~~~~~~~~
2024-07-18T09:08:53.343624+0545 - [Info]: Query has been executed successfully: 
                    CREATE TABLE IF NOT EXISTS V_ORG_LOC (
                      LOC_ID INT,
                      ORG_ID INT,
                      ORG_DESC VARCHAR(40),
                      ORG_IS_ACTIVE_FLAG BOOLEAN
                    )
2024-07-18T09:08:53.343624+0545 - ~~~~~~~~~~~~~~~~~~~~~~~~~~~~~~~~~~~~~~~~~~~~~~~~~~~~~~~~~~~~~~~~~~~~~~~~~~~~~~~~~~~~~~~~~~~~~~~~~~~~
2024-07-18T09:08:53.477676+0545 - [Info]: Query has been executed successfully: TRUNCATE V_ORG_LOC
2024-07-18T09:08:53.477676+0545 - ~~~~~~~~~~~~~~~~~~~~~~~~~~~~~~~~~~~~~~~~~~~~~~~~~~~~~~~~~~~~~~~~~~~~~~~~~~~~~~~~~~~~~~~~~~~~~~~~~~~~
2024-07-18T09:08:53.943327+0545 - [Info]: Query has been executed successfully: COPY INTO V_ORG_LOC FROM @RAW_STAGE/V_ORG_LOC_RAW/raw_v_org_loc_full_data_from_oracle.csv FILE_FORMAT = (FIELD_DELIMITER = ',' SKIP_HEADER=1)
2024-07-18T09:08:53.944327+0545 - ~~~~~~~~~~~~~~~~~~~~~~~~~~~~~~~~~~~~~~~~~~~~~~~~~~~~~~~~~~~~~~~~~~~~~~~~~~~~~~~~~~~~~~~~~~~~~~~~~~~~
2024-07-18T09:08:53.953722+0545 - [Info]: Connection has been closed successfully
2024-07-18T09:08:53.953722+0545 - ~~~~~~~~~~~~~~~~~~~~~~~~~~~~~~~~~~~~~~~~~~~~~~~~~~~~~~~~~~~~~~~~~~~~~~~~~~~~~~~~~~~~~~~~~~~~~~~~~~~~
