2024-07-18T09:09:13.964211+0545 - [Info]: ########################## Operations in DWH_CHANNEL_LU Table ##########################
2024-07-18T09:09:13.964211+0545 - ~~~~~~~~~~~~~~~~~~~~~~~~~~~~~~~~~~~~~~~~~~~~~~~~~~~~~~~~~~~~~~~~~~~~~~~~~~~~~~~~~~~~~~~~~~~~~~~~~~~~
2024-07-18T09:09:15.558288+0545 - [Info]: Snowflake has been connected successfully
2024-07-18T09:09:15.559289+0545 - ~~~~~~~~~~~~~~~~~~~~~~~~~~~~~~~~~~~~~~~~~~~~~~~~~~~~~~~~~~~~~~~~~~~~~~~~~~~~~~~~~~~~~~~~~~~~~~~~~~~~
2024-07-18T09:09:15.560289+0545 - [Info]: Creating Temp Table: TEMP_CHANNEL_LU
2024-07-18T09:09:15.560289+0545 - ~~~~~~~~~~~~~~~~~~~~~~~~~~~~~~~~~~~~~~~~~~~~~~~~~~~~~~~~~~~~~~~~~~~~~~~~~~~~~~~~~~~~~~~~~~~~~~~~~~~~
2024-07-18T09:09:15.718133+0545 - [Info]: Query has been executed successfully: 
CREATE TABLE IF NOT EXISTS TEMP_CHANNEL_LU(
                    CHANNEL_ID INT,
                    CHANNEL_DESC VARCHAR(40)
                    )
2024-07-18T09:09:15.718133+0545 - ~~~~~~~~~~~~~~~~~~~~~~~~~~~~~~~~~~~~~~~~~~~~~~~~~~~~~~~~~~~~~~~~~~~~~~~~~~~~~~~~~~~~~~~~~~~~~~~~~~~~
2024-07-18T09:09:15.718133+0545 - [Info]: If table already exists then truncating temp table: TEMP_CHANNEL_LU
2024-07-18T09:09:15.718133+0545 - ~~~~~~~~~~~~~~~~~~~~~~~~~~~~~~~~~~~~~~~~~~~~~~~~~~~~~~~~~~~~~~~~~~~~~~~~~~~~~~~~~~~~~~~~~~~~~~~~~~~~
2024-07-18T09:09:15.857839+0545 - [Info]: Query has been executed successfully: TRUNCATE TEMP_CHANNEL_LU
2024-07-18T09:09:15.858781+0545 - ~~~~~~~~~~~~~~~~~~~~~~~~~~~~~~~~~~~~~~~~~~~~~~~~~~~~~~~~~~~~~~~~~~~~~~~~~~~~~~~~~~~~~~~~~~~~~~~~~~~~
2024-07-18T09:09:16.212559+0545 - [Info]: Query has been executed successfully: INSERT INTO TEMP_CHANNEL_LU (select * from V_CHANNEL_TR)
2024-07-18T09:09:16.214034+0545 - ~~~~~~~~~~~~~~~~~~~~~~~~~~~~~~~~~~~~~~~~~~~~~~~~~~~~~~~~~~~~~~~~~~~~~~~~~~~~~~~~~~~~~~~~~~~~~~~~~~~~
2024-07-18T09:09:16.214034+0545 - [Info]: Creating Target Table: DWH_CHANNEL_LU
2024-07-18T09:09:16.214034+0545 - ~~~~~~~~~~~~~~~~~~~~~~~~~~~~~~~~~~~~~~~~~~~~~~~~~~~~~~~~~~~~~~~~~~~~~~~~~~~~~~~~~~~~~~~~~~~~~~~~~~~~
2024-07-18T09:09:16.334713+0545 - [Info]: Query has been executed successfully: 
CREATE TABLE IF NOT EXISTS DWH_CHANNEL_LU(
                    CHANNEL_KEY INT,
                    CHANNEL_ID INT,
                    CHANNEL_DESC VARCHAR(40),
                    REC_START_TS TIMESTAMP_LTZ,
                    REC_END_TS TIMESTAMP_LTZ,
                    REC_CLOSE_FLG BOOLEAN
                    )
2024-07-18T09:09:16.335722+0545 - ~~~~~~~~~~~~~~~~~~~~~~~~~~~~~~~~~~~~~~~~~~~~~~~~~~~~~~~~~~~~~~~~~~~~~~~~~~~~~~~~~~~~~~~~~~~~~~~~~~~~
2024-07-18T09:09:16.335722+0545 - [Info]: Updating and Inserting Target Table: DWH_CHANNEL_LU under SCD Type-1 Approach
2024-07-18T09:09:16.336713+0545 - ~~~~~~~~~~~~~~~~~~~~~~~~~~~~~~~~~~~~~~~~~~~~~~~~~~~~~~~~~~~~~~~~~~~~~~~~~~~~~~~~~~~~~~~~~~~~~~~~~~~~
2024-07-18T09:09:16.722510+0545 - [Info]: Query has been executed successfully: 
                MERGE INTO DWH_CHANNEL_LU AS TG
                USING TEMP_CHANNEL_LU AS TM
                ON TG.CHANNEL_ID = TM.CHANNEL_ID
                WHEN MATCHED AND ((TG.CHANNEL_DESC <> TM.CHANNEL_DESC))
                THEN UPDATE SET
                TG.CHANNEL_DESC = TM.CHANNEL_DESC,
                TG.REC_START_TS = CURRENT_TIMESTAMP,
                TG.REC_END_TS = '2199-12-31 23:59:59.999999'
                WHEN NOT MATCHED
                THEN INSERT (CHANNEL_KEY,CHANNEL_ID,CHANNEL_DESC,REC_START_TS,REC_END_TS,REC_CLOSE_FLG)
                VALUES(COALESCE((SELECT MAX(CHANNEL_ID) FROM TEMP_CHANNEL_LU WHERE CHANNEL_ID>=0), 0) + RANK() OVER (ORDER BY CHANNEL_ID),
                TM.CHANNEL_ID, TM.CHANNEL_DESC,CURRENT_TIMESTAMP, '2199-12-31 23:59:59.999999',FALSE) 
                
2024-07-18T09:09:16.725512+0545 - ~~~~~~~~~~~~~~~~~~~~~~~~~~~~~~~~~~~~~~~~~~~~~~~~~~~~~~~~~~~~~~~~~~~~~~~~~~~~~~~~~~~~~~~~~~~~~~~~~~~~
2024-07-18T09:09:16.725512+0545 - [Info]: Closing Inactives of: DWH_CHANNEL_LU under SCD Type-1 Approach
2024-07-18T09:09:16.726509+0545 - ~~~~~~~~~~~~~~~~~~~~~~~~~~~~~~~~~~~~~~~~~~~~~~~~~~~~~~~~~~~~~~~~~~~~~~~~~~~~~~~~~~~~~~~~~~~~~~~~~~~~
2024-07-18T09:09:17.011039+0545 - [Info]: Query has been executed successfully: 
            UPDATE DWH_CHANNEL_LU
            SET REC_CLOSE_FLG = TRUE,
            REC_END_TS = CURRENT_TIMESTAMP
            WHERE CHANNEL_ID NOT IN
            (SELECT DISTINCT CHANNEL_ID FROM TEMP_CHANNEL_LU)
            
2024-07-18T09:09:17.011039+0545 - ~~~~~~~~~~~~~~~~~~~~~~~~~~~~~~~~~~~~~~~~~~~~~~~~~~~~~~~~~~~~~~~~~~~~~~~~~~~~~~~~~~~~~~~~~~~~~~~~~~~~
2024-07-18T09:09:17.012037+0545 - [Info]: ETL of Table: DWH_CHANNEL_LU  has been completed successfully!!!
2024-07-18T09:09:17.012037+0545 - ~~~~~~~~~~~~~~~~~~~~~~~~~~~~~~~~~~~~~~~~~~~~~~~~~~~~~~~~~~~~~~~~~~~~~~~~~~~~~~~~~~~~~~~~~~~~~~~~~~~~
2024-07-18T09:09:17.152312+0545 - [Info]: Connection has been closed successfully
2024-07-18T09:09:17.152312+0545 - ~~~~~~~~~~~~~~~~~~~~~~~~~~~~~~~~~~~~~~~~~~~~~~~~~~~~~~~~~~~~~~~~~~~~~~~~~~~~~~~~~~~~~~~~~~~~~~~~~~~~
