2024-03-22T15:55:18.892104+0545 - [Info]: ########################## Operations in DWH_CHANNEL_LU Table ##########################
2024-03-22T15:55:18.892104+0545 - ~~~~~~~~~~~~~~~~~~~~~~~~~~~~~~~~~~~~~~~~~~~~~~~~~~~~~~~~~~~~~~~~~~~~~~~~~~~~~~~~~~~~~~~~~~~~~~~~~~~~
2024-03-22T15:55:19.663949+0545 - [Info]: Snowflake has been connected successfully
2024-03-22T15:55:19.664969+0545 - ~~~~~~~~~~~~~~~~~~~~~~~~~~~~~~~~~~~~~~~~~~~~~~~~~~~~~~~~~~~~~~~~~~~~~~~~~~~~~~~~~~~~~~~~~~~~~~~~~~~~
2024-03-22T15:55:19.664969+0545 - [Info]: Creating Temp Table: TEMP_CHANNEL_LU
2024-03-22T15:55:19.665970+0545 - ~~~~~~~~~~~~~~~~~~~~~~~~~~~~~~~~~~~~~~~~~~~~~~~~~~~~~~~~~~~~~~~~~~~~~~~~~~~~~~~~~~~~~~~~~~~~~~~~~~~~
2024-03-22T15:55:19.765397+0545 - [Info]: Query has been executed successfully: 
CREATE TABLE IF NOT EXISTS TEMP_CHANNEL_LU(
                    CHANNEL_ID INT,
                    CHANNEL_DESC VARCHAR(40)
                    )
2024-03-22T15:55:19.765397+0545 - ~~~~~~~~~~~~~~~~~~~~~~~~~~~~~~~~~~~~~~~~~~~~~~~~~~~~~~~~~~~~~~~~~~~~~~~~~~~~~~~~~~~~~~~~~~~~~~~~~~~~
2024-03-22T15:55:19.765397+0545 - [Info]: If table already exists then truncating temp table: TEMP_CHANNEL_LU
2024-03-22T15:55:19.766430+0545 - ~~~~~~~~~~~~~~~~~~~~~~~~~~~~~~~~~~~~~~~~~~~~~~~~~~~~~~~~~~~~~~~~~~~~~~~~~~~~~~~~~~~~~~~~~~~~~~~~~~~~
2024-03-22T15:55:20.009750+0545 - [Info]: Query has been executed successfully: TRUNCATE TEMP_CHANNEL_LU
2024-03-22T15:55:20.009750+0545 - ~~~~~~~~~~~~~~~~~~~~~~~~~~~~~~~~~~~~~~~~~~~~~~~~~~~~~~~~~~~~~~~~~~~~~~~~~~~~~~~~~~~~~~~~~~~~~~~~~~~~
2024-03-22T15:55:20.555490+0545 - [Info]: Query has been executed successfully: INSERT INTO TEMP_CHANNEL_LU (select * from V_CHANNEL_TR)
2024-03-22T15:55:20.556493+0545 - ~~~~~~~~~~~~~~~~~~~~~~~~~~~~~~~~~~~~~~~~~~~~~~~~~~~~~~~~~~~~~~~~~~~~~~~~~~~~~~~~~~~~~~~~~~~~~~~~~~~~
2024-03-22T15:55:20.556493+0545 - [Info]: Creating Target Table: DWH_CHANNEL_LU
2024-03-22T15:55:20.556493+0545 - ~~~~~~~~~~~~~~~~~~~~~~~~~~~~~~~~~~~~~~~~~~~~~~~~~~~~~~~~~~~~~~~~~~~~~~~~~~~~~~~~~~~~~~~~~~~~~~~~~~~~
2024-03-22T15:55:20.655392+0545 - [Info]: Query has been executed successfully: 
CREATE TABLE IF NOT EXISTS DWH_CHANNEL_LU(
                    CHANNEL_KEY INT,
                    CHANNEL_ID INT,
                    CHANNEL_DESC VARCHAR(40),
                    REC_START_TS TIMESTAMP_LTZ,
                    REC_END_TS TIMESTAMP_LTZ,
                    REC_CLOSE_FLG BOOLEAN
                    )
2024-03-22T15:55:20.656392+0545 - ~~~~~~~~~~~~~~~~~~~~~~~~~~~~~~~~~~~~~~~~~~~~~~~~~~~~~~~~~~~~~~~~~~~~~~~~~~~~~~~~~~~~~~~~~~~~~~~~~~~~
2024-03-22T15:55:20.656392+0545 - [Info]: Updating and Inserting Target Table: DWH_CHANNEL_LU under SCD Type-1 Approach
2024-03-22T15:55:20.656392+0545 - ~~~~~~~~~~~~~~~~~~~~~~~~~~~~~~~~~~~~~~~~~~~~~~~~~~~~~~~~~~~~~~~~~~~~~~~~~~~~~~~~~~~~~~~~~~~~~~~~~~~~
2024-03-22T15:55:21.137940+0545 - [Info]: Query has been executed successfully: 
                MERGE INTO DWH_CHANNEL_LU AS TG
                USING TEMP_CHANNEL_LU AS TM
                ON TG.CHANNEL_ID = TM.CHANNEL_ID
                WHEN MATCHED AND ((TG.CHANNEL_DESC <> TM.CHANNEL_DESC))
                THEN UPDATE SET
                TG.CHANNEL_DESC = TM.CHANNEL_DESC,
                TG.REC_START_TS = CURRENT_TIMESTAMP,
                TG.REC_END_TS = '2199-12-31 23:59:59.999999'
                WHEN NOT MATCHED
                THEN INSERT (CHANNEL_KEY,CHANNEL_ID,CHANNEL_DESC,REC_START_TS,REC_END_TS,REC_CLOSE_FLG)
                VALUES(COALESCE((SELECT MAX(CHANNEL_ID) FROM TEMP_CHANNEL_LU WHERE CHANNEL_ID>=0), 0) + RANK() OVER (ORDER BY CHANNEL_ID),
                TM.CHANNEL_ID, TM.CHANNEL_DESC,CURRENT_TIMESTAMP, '2199-12-31 23:59:59.999999',FALSE) 
                
2024-03-22T15:55:21.137940+0545 - ~~~~~~~~~~~~~~~~~~~~~~~~~~~~~~~~~~~~~~~~~~~~~~~~~~~~~~~~~~~~~~~~~~~~~~~~~~~~~~~~~~~~~~~~~~~~~~~~~~~~
2024-03-22T15:55:21.138874+0545 - [Info]: Closing Inactives of: DWH_CHANNEL_LU under SCD Type-1 Approach
2024-03-22T15:55:21.138874+0545 - ~~~~~~~~~~~~~~~~~~~~~~~~~~~~~~~~~~~~~~~~~~~~~~~~~~~~~~~~~~~~~~~~~~~~~~~~~~~~~~~~~~~~~~~~~~~~~~~~~~~~
2024-03-22T15:55:21.514703+0545 - [Info]: Query has been executed successfully: 
            UPDATE DWH_CHANNEL_LU
            SET REC_CLOSE_FLG = TRUE,
            REC_END_TS = CURRENT_TIMESTAMP
            WHERE CHANNEL_ID NOT IN
            (SELECT DISTINCT CHANNEL_ID FROM TEMP_CHANNEL_LU)
            
2024-03-22T15:55:21.514703+0545 - ~~~~~~~~~~~~~~~~~~~~~~~~~~~~~~~~~~~~~~~~~~~~~~~~~~~~~~~~~~~~~~~~~~~~~~~~~~~~~~~~~~~~~~~~~~~~~~~~~~~~
2024-03-22T15:55:21.515705+0545 - [Info]: ETL of Table: DWH_CHANNEL_LU  has been completed successfully!!!
2024-03-22T15:55:21.515705+0545 - ~~~~~~~~~~~~~~~~~~~~~~~~~~~~~~~~~~~~~~~~~~~~~~~~~~~~~~~~~~~~~~~~~~~~~~~~~~~~~~~~~~~~~~~~~~~~~~~~~~~~
2024-03-22T15:55:21.663804+0545 - [Info]: Connection has been closed successfully
2024-03-22T15:55:21.664809+0545 - ~~~~~~~~~~~~~~~~~~~~~~~~~~~~~~~~~~~~~~~~~~~~~~~~~~~~~~~~~~~~~~~~~~~~~~~~~~~~~~~~~~~~~~~~~~~~~~~~~~~~
