2024-05-06T09:36:10.700516+0545 - [Info]: ########################## Operations in DWH_CHANNEL_LU Table ##########################
2024-05-06T09:36:10.701506+0545 - ~~~~~~~~~~~~~~~~~~~~~~~~~~~~~~~~~~~~~~~~~~~~~~~~~~~~~~~~~~~~~~~~~~~~~~~~~~~~~~~~~~~~~~~~~~~~~~~~~~~~
2024-05-06T09:36:11.443769+0545 - [Info]: Snowflake has been connected successfully
2024-05-06T09:36:11.444766+0545 - ~~~~~~~~~~~~~~~~~~~~~~~~~~~~~~~~~~~~~~~~~~~~~~~~~~~~~~~~~~~~~~~~~~~~~~~~~~~~~~~~~~~~~~~~~~~~~~~~~~~~
2024-05-06T09:36:11.444766+0545 - [Info]: Creating Temp Table: TEMP_CHANNEL_LU
2024-05-06T09:36:11.445766+0545 - ~~~~~~~~~~~~~~~~~~~~~~~~~~~~~~~~~~~~~~~~~~~~~~~~~~~~~~~~~~~~~~~~~~~~~~~~~~~~~~~~~~~~~~~~~~~~~~~~~~~~
2024-05-06T09:36:11.534704+0545 - [Error]: Query could not be executed with error: 090106 (22000): Cannot perform CREATE TABLE. This session does not have a current schema. Call 'USE SCHEMA', or use a qualified name.
2024-05-06T09:36:11.535761+0545 - ~~~~~~~~~~~~~~~~~~~~~~~~~~~~~~~~~~~~~~~~~~~~~~~~~~~~~~~~~~~~~~~~~~~~~~~~~~~~~~~~~~~~~~~~~~~~~~~~~~~~
2024-05-06T09:36:11.535761+0545 - [Info]: If table already exists then truncating temp table: TEMP_CHANNEL_LU
2024-05-06T09:36:11.535761+0545 - ~~~~~~~~~~~~~~~~~~~~~~~~~~~~~~~~~~~~~~~~~~~~~~~~~~~~~~~~~~~~~~~~~~~~~~~~~~~~~~~~~~~~~~~~~~~~~~~~~~~~
2024-05-06T09:36:11.625448+0545 - [Error]: Query could not be executed with error: 090106 (22000): Cannot perform TRUNCATE. This session does not have a current schema. Call 'USE SCHEMA', or use a qualified name.
2024-05-06T09:36:11.625448+0545 - ~~~~~~~~~~~~~~~~~~~~~~~~~~~~~~~~~~~~~~~~~~~~~~~~~~~~~~~~~~~~~~~~~~~~~~~~~~~~~~~~~~~~~~~~~~~~~~~~~~~~
2024-05-06T09:36:11.708537+0545 - [Error]: Query could not be executed with error: 002003 (42S02): SQL compilation error:
Object 'V_CHANNEL_TR' does not exist or not authorized.
2024-05-06T09:36:11.708537+0545 - ~~~~~~~~~~~~~~~~~~~~~~~~~~~~~~~~~~~~~~~~~~~~~~~~~~~~~~~~~~~~~~~~~~~~~~~~~~~~~~~~~~~~~~~~~~~~~~~~~~~~
2024-05-06T09:36:11.708537+0545 - [Info]: Creating Target Table: DWH_CHANNEL_LU
2024-05-06T09:36:11.708537+0545 - ~~~~~~~~~~~~~~~~~~~~~~~~~~~~~~~~~~~~~~~~~~~~~~~~~~~~~~~~~~~~~~~~~~~~~~~~~~~~~~~~~~~~~~~~~~~~~~~~~~~~
2024-05-06T09:36:11.792647+0545 - [Error]: Query could not be executed with error: 090106 (22000): Cannot perform CREATE TABLE. This session does not have a current schema. Call 'USE SCHEMA', or use a qualified name.
2024-05-06T09:36:11.792647+0545 - ~~~~~~~~~~~~~~~~~~~~~~~~~~~~~~~~~~~~~~~~~~~~~~~~~~~~~~~~~~~~~~~~~~~~~~~~~~~~~~~~~~~~~~~~~~~~~~~~~~~~
2024-05-06T09:36:11.793643+0545 - [Info]: Updating and Inserting Target Table: DWH_CHANNEL_LU under SCD Type-1 Approach
2024-05-06T09:36:11.793643+0545 - ~~~~~~~~~~~~~~~~~~~~~~~~~~~~~~~~~~~~~~~~~~~~~~~~~~~~~~~~~~~~~~~~~~~~~~~~~~~~~~~~~~~~~~~~~~~~~~~~~~~~
2024-05-06T09:36:11.873375+0545 - [Error]: Query could not be executed with error: 002003 (42S02): SQL compilation error:
Object 'TEMP_CHANNEL_LU' does not exist or not authorized.
2024-05-06T09:36:11.874373+0545 - ~~~~~~~~~~~~~~~~~~~~~~~~~~~~~~~~~~~~~~~~~~~~~~~~~~~~~~~~~~~~~~~~~~~~~~~~~~~~~~~~~~~~~~~~~~~~~~~~~~~~
2024-05-06T09:36:11.874373+0545 - [Info]: Closing Inactives of: DWH_CHANNEL_LU under SCD Type-1 Approach
2024-05-06T09:36:11.874373+0545 - ~~~~~~~~~~~~~~~~~~~~~~~~~~~~~~~~~~~~~~~~~~~~~~~~~~~~~~~~~~~~~~~~~~~~~~~~~~~~~~~~~~~~~~~~~~~~~~~~~~~~
2024-05-06T09:36:11.956137+0545 - [Error]: Query could not be executed with error: 002003 (42S02): SQL compilation error:
Object 'DWH_CHANNEL_LU' does not exist or not authorized.
2024-05-06T09:36:11.956137+0545 - ~~~~~~~~~~~~~~~~~~~~~~~~~~~~~~~~~~~~~~~~~~~~~~~~~~~~~~~~~~~~~~~~~~~~~~~~~~~~~~~~~~~~~~~~~~~~~~~~~~~~
2024-05-06T09:36:11.956137+0545 - [Info]: ETL of Table: DWH_CHANNEL_LU  has been completed successfully!!!
2024-05-06T09:36:11.956137+0545 - ~~~~~~~~~~~~~~~~~~~~~~~~~~~~~~~~~~~~~~~~~~~~~~~~~~~~~~~~~~~~~~~~~~~~~~~~~~~~~~~~~~~~~~~~~~~~~~~~~~~~
2024-05-06T09:36:12.101047+0545 - [Info]: Connection has been closed successfully
2024-05-06T09:36:12.101047+0545 - ~~~~~~~~~~~~~~~~~~~~~~~~~~~~~~~~~~~~~~~~~~~~~~~~~~~~~~~~~~~~~~~~~~~~~~~~~~~~~~~~~~~~~~~~~~~~~~~~~~~~
