2024-03-22T13:44:26.465823+0545 - [Info]: ########################## Operations in DWH_CHANNEL_LU Table ##########################
2024-03-22T13:44:26.465823+0545 - ~~~~~~~~~~~~~~~~~~~~~~~~~~~~~~~~~~~~~~~~~~~~~~~~~~~~~~~~~~~~~~~~~~~~~~~~~~~~~~~~~~~~~~~~~~~~~~~~~~~~
2024-03-22T13:44:27.339517+0545 - [Info]: Snowflake has been connected successfully
2024-03-22T13:44:27.340535+0545 - ~~~~~~~~~~~~~~~~~~~~~~~~~~~~~~~~~~~~~~~~~~~~~~~~~~~~~~~~~~~~~~~~~~~~~~~~~~~~~~~~~~~~~~~~~~~~~~~~~~~~
2024-03-22T13:44:27.340535+0545 - [Info]: Creating Temp Table: TEMP_CHANNEL_LU
2024-03-22T13:44:27.343519+0545 - ~~~~~~~~~~~~~~~~~~~~~~~~~~~~~~~~~~~~~~~~~~~~~~~~~~~~~~~~~~~~~~~~~~~~~~~~~~~~~~~~~~~~~~~~~~~~~~~~~~~~
2024-03-22T13:44:27.492587+0545 - [Info]: Query has been executed successfully: 
CREATE TABLE IF NOT EXISTS TEMP_CHANNEL_LU(
                    CHANNEL_ID INT,
                    CHANNEL_DESC VARCHAR(40)
                    )
2024-03-22T13:44:27.493597+0545 - ~~~~~~~~~~~~~~~~~~~~~~~~~~~~~~~~~~~~~~~~~~~~~~~~~~~~~~~~~~~~~~~~~~~~~~~~~~~~~~~~~~~~~~~~~~~~~~~~~~~~
2024-03-22T13:44:27.494199+0545 - [Info]: If table already exists then truncating temp table: TEMP_CHANNEL_LU
2024-03-22T13:44:27.494199+0545 - ~~~~~~~~~~~~~~~~~~~~~~~~~~~~~~~~~~~~~~~~~~~~~~~~~~~~~~~~~~~~~~~~~~~~~~~~~~~~~~~~~~~~~~~~~~~~~~~~~~~~
2024-03-22T13:44:27.663183+0545 - [Info]: Query has been executed successfully: TRUNCATE TEMP_CHANNEL_LU
2024-03-22T13:44:27.664252+0545 - ~~~~~~~~~~~~~~~~~~~~~~~~~~~~~~~~~~~~~~~~~~~~~~~~~~~~~~~~~~~~~~~~~~~~~~~~~~~~~~~~~~~~~~~~~~~~~~~~~~~~
2024-03-22T13:44:28.000011+0545 - [Info]: Query has been executed successfully: INSERT INTO TEMP_CHANNEL_LU (select * from V_CHANNEL_TR)
2024-03-22T13:44:28.000011+0545 - ~~~~~~~~~~~~~~~~~~~~~~~~~~~~~~~~~~~~~~~~~~~~~~~~~~~~~~~~~~~~~~~~~~~~~~~~~~~~~~~~~~~~~~~~~~~~~~~~~~~~
2024-03-22T13:44:28.000011+0545 - [Info]: Creating Target Table: DWH_CHANNEL_LU
2024-03-22T13:44:28.000774+0545 - ~~~~~~~~~~~~~~~~~~~~~~~~~~~~~~~~~~~~~~~~~~~~~~~~~~~~~~~~~~~~~~~~~~~~~~~~~~~~~~~~~~~~~~~~~~~~~~~~~~~~
2024-03-22T13:44:28.194316+0545 - [Info]: Query has been executed successfully: 
CREATE TABLE IF NOT EXISTS DWH_CHANNEL_LU(
                    CHANNEL_KEY INT,
                    CHANNEL_ID INT,
                    CHANNEL_DESC VARCHAR(40),
                    REC_START_TS TIMESTAMP_LTZ,
                    REC_END_TS TIMESTAMP_LTZ,
                    REC_CLOSE_FLG BOOLEAN
                    )
2024-03-22T13:44:28.194316+0545 - ~~~~~~~~~~~~~~~~~~~~~~~~~~~~~~~~~~~~~~~~~~~~~~~~~~~~~~~~~~~~~~~~~~~~~~~~~~~~~~~~~~~~~~~~~~~~~~~~~~~~
2024-03-22T13:44:28.195191+0545 - [Info]: Updating and Inserting Target Table: DWH_CHANNEL_LU under SCD Type-1 Approach
2024-03-22T13:44:28.195191+0545 - ~~~~~~~~~~~~~~~~~~~~~~~~~~~~~~~~~~~~~~~~~~~~~~~~~~~~~~~~~~~~~~~~~~~~~~~~~~~~~~~~~~~~~~~~~~~~~~~~~~~~
2024-03-22T13:44:28.816757+0545 - [Info]: Query has been executed successfully: 
                MERGE INTO DWH_CHANNEL_LU AS TG
                USING TEMP_CHANNEL_LU AS TM
                ON TG.CHANNEL_ID = TM.CHANNEL_ID
                WHEN MATCHED AND ((TG.CHANNEL_DESC <> TM.CHANNEL_DESC))
                THEN UPDATE SET
                TG.CHANNEL_DESC = TM.CHANNEL_DESC,
                TG.REC_START_TS = CURRENT_TIMESTAMP,
                TG.REC_END_TS = '2199-12-31 23:59:59.999999'
                WHEN NOT MATCHED
                THEN INSERT (CHANNEL_KEY,CHANNEL_ID,CHANNEL_DESC,REC_START_TS,REC_END_TS,REC_CLOSE_FLG)
                VALUES(COALESCE((SELECT MAX(CHANNEL_ID) FROM TEMP_CHANNEL_LU WHERE CHANNEL_ID>=0), 0) + RANK() OVER (ORDER BY CHANNEL_ID),
                TM.CHANNEL_ID, TM.CHANNEL_DESC,CURRENT_TIMESTAMP, '2199-12-31 23:59:59.999999',FALSE) 
                
2024-03-22T13:44:28.816757+0545 - ~~~~~~~~~~~~~~~~~~~~~~~~~~~~~~~~~~~~~~~~~~~~~~~~~~~~~~~~~~~~~~~~~~~~~~~~~~~~~~~~~~~~~~~~~~~~~~~~~~~~
2024-03-22T13:44:28.816757+0545 - [Info]: Closing Inactives of: DWH_CHANNEL_LU under SCD Type-1 Approach
2024-03-22T13:44:28.817795+0545 - ~~~~~~~~~~~~~~~~~~~~~~~~~~~~~~~~~~~~~~~~~~~~~~~~~~~~~~~~~~~~~~~~~~~~~~~~~~~~~~~~~~~~~~~~~~~~~~~~~~~~
2024-03-22T13:44:29.069818+0545 - [Info]: Query has been executed successfully: 
            UPDATE DWH_CHANNEL_LU
            SET REC_CLOSE_FLG = TRUE,
            REC_END_TS = CURRENT_TIMESTAMP
            WHERE CHANNEL_ID NOT IN
            (SELECT DISTINCT CHANNEL_ID FROM TEMP_CHANNEL_LU)
            
2024-03-22T13:44:29.069818+0545 - ~~~~~~~~~~~~~~~~~~~~~~~~~~~~~~~~~~~~~~~~~~~~~~~~~~~~~~~~~~~~~~~~~~~~~~~~~~~~~~~~~~~~~~~~~~~~~~~~~~~~
2024-03-22T13:44:29.071032+0545 - [Info]: ETL of Table: DWH_CHANNEL_LU  has been completed successfully!!!
2024-03-22T13:44:29.071254+0545 - ~~~~~~~~~~~~~~~~~~~~~~~~~~~~~~~~~~~~~~~~~~~~~~~~~~~~~~~~~~~~~~~~~~~~~~~~~~~~~~~~~~~~~~~~~~~~~~~~~~~~
2024-03-22T13:44:29.217515+0545 - [Info]: Connection has been closed successfully
2024-03-22T13:44:29.217515+0545 - ~~~~~~~~~~~~~~~~~~~~~~~~~~~~~~~~~~~~~~~~~~~~~~~~~~~~~~~~~~~~~~~~~~~~~~~~~~~~~~~~~~~~~~~~~~~~~~~~~~~~
