2024-05-06T09:11:01.700271+0545 - [Info]: ####### CONNECTION --> Starting ORACLE Jobs #######
2024-05-06T09:11:01.700271+0545 - ~~~~~~~~~~~~~~~~~~~~~~~~~~~~~~~~~~~~~~~~~~~~~~~~~~~~~~~~~~~~~~~~~~~~~~~~~~~~~~~~~~~~~~~~~~~~~~~~~~~~
2024-05-06T09:11:02.998124+0545 - [Info]: Connection has been established sucessfully
2024-05-06T09:11:02.999126+0545 - ~~~~~~~~~~~~~~~~~~~~~~~~~~~~~~~~~~~~~~~~~~~~~~~~~~~~~~~~~~~~~~~~~~~~~~~~~~~~~~~~~~~~~~~~~~~~~~~~~~~~
2024-05-06T09:11:03.225840+0545 - [Info]: Fetching ALL data SUCCESSFUL
2024-05-06T09:11:03.226278+0545 - ~~~~~~~~~~~~~~~~~~~~~~~~~~~~~~~~~~~~~~~~~~~~~~~~~~~~~~~~~~~~~~~~~~~~~~~~~~~~~~~~~~~~~~~~~~~~~~~~~~~~
2024-05-06T09:11:03.227820+0545 - [Info]: Column Fetching has been SUCCESSFUL
2024-05-06T09:11:03.227820+0545 - ~~~~~~~~~~~~~~~~~~~~~~~~~~~~~~~~~~~~~~~~~~~~~~~~~~~~~~~~~~~~~~~~~~~~~~~~~~~~~~~~~~~~~~~~~~~~~~~~~~~~
2024-05-06T09:11:03.229811+0545 - [Info]: ####### CONNECTION --> Starting SNOWFLAKE Jobs #######
2024-05-06T09:11:03.229811+0545 - ~~~~~~~~~~~~~~~~~~~~~~~~~~~~~~~~~~~~~~~~~~~~~~~~~~~~~~~~~~~~~~~~~~~~~~~~~~~~~~~~~~~~~~~~~~~~~~~~~~~~
2024-05-06T09:11:04.891920+0545 - [Info]: Snowflake has been connected successfully
2024-05-06T09:11:04.891920+0545 - ~~~~~~~~~~~~~~~~~~~~~~~~~~~~~~~~~~~~~~~~~~~~~~~~~~~~~~~~~~~~~~~~~~~~~~~~~~~~~~~~~~~~~~~~~~~~~~~~~~~~
2024-05-06T09:11:05.166637+0545 - [Info]: Query has been executed successfully: 
    CREATE STAGE IF NOT EXISTS RAW_STAGE
    COMMENT = 'Internal Stage for storing CSV files of raw data from Oracle'
    
2024-05-06T09:11:05.167629+0545 - ~~~~~~~~~~~~~~~~~~~~~~~~~~~~~~~~~~~~~~~~~~~~~~~~~~~~~~~~~~~~~~~~~~~~~~~~~~~~~~~~~~~~~~~~~~~~~~~~~~~~
2024-05-06T09:11:07.781552+0545 - [Info]: Query has been executed successfully: PUT file://C:/Users/shusant.sapkota/ETLProject/pythonProject/dump/raw/v_location_tr/raw_v_location_tr_full_data_from_oracle.csv @RAW_STAGE/V_LOCATION_TR_RAW AUTO_COMPRESS = FALSE OVERWRITE=TRUE
2024-05-06T09:11:07.781552+0545 - ~~~~~~~~~~~~~~~~~~~~~~~~~~~~~~~~~~~~~~~~~~~~~~~~~~~~~~~~~~~~~~~~~~~~~~~~~~~~~~~~~~~~~~~~~~~~~~~~~~~~
2024-05-06T09:11:07.978795+0545 - [Info]: Query has been executed successfully: 
                    CREATE TABLE IF NOT EXISTS V_LOCATION_TR (
                      LOC_ID INT,
                      LOC_NAME VARCHAR(40),
                      LOC_DESC VARCHAR(40),
                      LOC_IS_ACTIVE BOOLEAN,
                      LOC_START_DATE TIMESTAMP_LTZ,
                      LOC_IS_OPEN BOOLEAN
                    )
2024-05-06T09:11:07.978795+0545 - ~~~~~~~~~~~~~~~~~~~~~~~~~~~~~~~~~~~~~~~~~~~~~~~~~~~~~~~~~~~~~~~~~~~~~~~~~~~~~~~~~~~~~~~~~~~~~~~~~~~~
2024-05-06T09:11:08.276358+0545 - [Info]: Query has been executed successfully: TRUNCATE V_LOCATION_TR
2024-05-06T09:11:08.276358+0545 - ~~~~~~~~~~~~~~~~~~~~~~~~~~~~~~~~~~~~~~~~~~~~~~~~~~~~~~~~~~~~~~~~~~~~~~~~~~~~~~~~~~~~~~~~~~~~~~~~~~~~
2024-05-06T09:11:08.861288+0545 - [Info]: Query has been executed successfully: COPY INTO V_LOCATION_TR FROM @RAW_STAGE/V_LOCATION_TR_RAW/raw_v_location_tr_full_data_from_oracle.csv FILE_FORMAT = (FIELD_DELIMITER = ',' SKIP_HEADER=1)
2024-05-06T09:11:08.862543+0545 - ~~~~~~~~~~~~~~~~~~~~~~~~~~~~~~~~~~~~~~~~~~~~~~~~~~~~~~~~~~~~~~~~~~~~~~~~~~~~~~~~~~~~~~~~~~~~~~~~~~~~
2024-05-06T09:11:08.919922+0545 - [Info]: Connection has been closed successfully
2024-05-06T09:11:08.920215+0545 - ~~~~~~~~~~~~~~~~~~~~~~~~~~~~~~~~~~~~~~~~~~~~~~~~~~~~~~~~~~~~~~~~~~~~~~~~~~~~~~~~~~~~~~~~~~~~~~~~~~~~
