2024-07-18T09:08:02.740512+0545 - [Info]: ####### CONNECTION --> Starting ORACLE Jobs #######
2024-07-18T09:08:02.740512+0545 - ~~~~~~~~~~~~~~~~~~~~~~~~~~~~~~~~~~~~~~~~~~~~~~~~~~~~~~~~~~~~~~~~~~~~~~~~~~~~~~~~~~~~~~~~~~~~~~~~~~~~
2024-07-18T09:08:02.915178+0545 - [Info]: Connection has been established sucessfully
2024-07-18T09:08:02.916239+0545 - ~~~~~~~~~~~~~~~~~~~~~~~~~~~~~~~~~~~~~~~~~~~~~~~~~~~~~~~~~~~~~~~~~~~~~~~~~~~~~~~~~~~~~~~~~~~~~~~~~~~~
2024-07-18T09:08:02.925252+0545 - [Info]: Fetching ALL data SUCCESSFUL
2024-07-18T09:08:02.926337+0545 - ~~~~~~~~~~~~~~~~~~~~~~~~~~~~~~~~~~~~~~~~~~~~~~~~~~~~~~~~~~~~~~~~~~~~~~~~~~~~~~~~~~~~~~~~~~~~~~~~~~~~
2024-07-18T09:08:02.929008+0545 - [Info]: Column Fetching has been SUCCESSFUL
2024-07-18T09:08:02.929557+0545 - ~~~~~~~~~~~~~~~~~~~~~~~~~~~~~~~~~~~~~~~~~~~~~~~~~~~~~~~~~~~~~~~~~~~~~~~~~~~~~~~~~~~~~~~~~~~~~~~~~~~~
2024-07-18T09:08:02.930700+0545 - [Info]: ####### CONNECTION --> Starting SNOWFLAKE Jobs #######
2024-07-18T09:08:02.930700+0545 - ~~~~~~~~~~~~~~~~~~~~~~~~~~~~~~~~~~~~~~~~~~~~~~~~~~~~~~~~~~~~~~~~~~~~~~~~~~~~~~~~~~~~~~~~~~~~~~~~~~~~
2024-07-18T09:08:04.421565+0545 - [Info]: Snowflake has been connected successfully
2024-07-18T09:08:04.421565+0545 - ~~~~~~~~~~~~~~~~~~~~~~~~~~~~~~~~~~~~~~~~~~~~~~~~~~~~~~~~~~~~~~~~~~~~~~~~~~~~~~~~~~~~~~~~~~~~~~~~~~~~
2024-07-18T09:08:04.549593+0545 - [Info]: Query has been executed successfully: 
    CREATE STAGE IF NOT EXISTS RAW_STAGE
    COMMENT = 'Internal Stage for storing CSV files of raw data from Oracle'
    
2024-07-18T09:08:04.550127+0545 - ~~~~~~~~~~~~~~~~~~~~~~~~~~~~~~~~~~~~~~~~~~~~~~~~~~~~~~~~~~~~~~~~~~~~~~~~~~~~~~~~~~~~~~~~~~~~~~~~~~~~
2024-07-18T09:08:08.432032+0545 - [Info]: Query has been executed successfully: PUT file://C:/Users/shusant.sapkota/ETLProject/pythonProject/dump/raw/v_location_tr/raw_v_location_tr_full_data_from_oracle.csv @RAW_STAGE/V_LOCATION_TR_RAW AUTO_COMPRESS = FALSE OVERWRITE=TRUE
2024-07-18T09:08:08.432032+0545 - ~~~~~~~~~~~~~~~~~~~~~~~~~~~~~~~~~~~~~~~~~~~~~~~~~~~~~~~~~~~~~~~~~~~~~~~~~~~~~~~~~~~~~~~~~~~~~~~~~~~~
2024-07-18T09:08:08.583920+0545 - [Info]: Query has been executed successfully: 
                    CREATE TABLE IF NOT EXISTS V_LOCATION_TR (
                      LOC_ID INT,
                      LOC_NAME VARCHAR(40),
                      LOC_DESC VARCHAR(40),
                      LOC_IS_ACTIVE BOOLEAN,
                      LOC_START_DATE TIMESTAMP_LTZ,
                      LOC_IS_OPEN BOOLEAN
                    )
2024-07-18T09:08:08.583920+0545 - ~~~~~~~~~~~~~~~~~~~~~~~~~~~~~~~~~~~~~~~~~~~~~~~~~~~~~~~~~~~~~~~~~~~~~~~~~~~~~~~~~~~~~~~~~~~~~~~~~~~~
2024-07-18T09:08:08.712289+0545 - [Info]: Query has been executed successfully: TRUNCATE V_LOCATION_TR
2024-07-18T09:08:08.713456+0545 - ~~~~~~~~~~~~~~~~~~~~~~~~~~~~~~~~~~~~~~~~~~~~~~~~~~~~~~~~~~~~~~~~~~~~~~~~~~~~~~~~~~~~~~~~~~~~~~~~~~~~
2024-07-18T09:08:09.493928+0545 - [Info]: Query has been executed successfully: COPY INTO V_LOCATION_TR FROM @RAW_STAGE/V_LOCATION_TR_RAW/raw_v_location_tr_full_data_from_oracle.csv FILE_FORMAT = (FIELD_DELIMITER = ',' SKIP_HEADER=1)
2024-07-18T09:08:09.494482+0545 - ~~~~~~~~~~~~~~~~~~~~~~~~~~~~~~~~~~~~~~~~~~~~~~~~~~~~~~~~~~~~~~~~~~~~~~~~~~~~~~~~~~~~~~~~~~~~~~~~~~~~
2024-07-18T09:08:09.506822+0545 - [Info]: Connection has been closed successfully
2024-07-18T09:08:09.507378+0545 - ~~~~~~~~~~~~~~~~~~~~~~~~~~~~~~~~~~~~~~~~~~~~~~~~~~~~~~~~~~~~~~~~~~~~~~~~~~~~~~~~~~~~~~~~~~~~~~~~~~~~
