2024-07-18T09:09:40.763400+0545 - [Info]: ########################## Operations in DWH_SALES_TXN_MASTER Table ##########################
2024-07-18T09:09:40.763400+0545 - ~~~~~~~~~~~~~~~~~~~~~~~~~~~~~~~~~~~~~~~~~~~~~~~~~~~~~~~~~~~~~~~~~~~~~~~~~~~~~~~~~~~~~~~~~~~~~~~~~~~~
2024-07-18T09:09:41.477280+0545 - [Info]: Snowflake has been connected successfully
2024-07-18T09:09:41.477280+0545 - ~~~~~~~~~~~~~~~~~~~~~~~~~~~~~~~~~~~~~~~~~~~~~~~~~~~~~~~~~~~~~~~~~~~~~~~~~~~~~~~~~~~~~~~~~~~~~~~~~~~~
2024-07-18T09:09:41.477280+0545 - [Info]: Creating Temp Table: TEMP_SALES_TXN_DAY
2024-07-18T09:09:41.478295+0545 - ~~~~~~~~~~~~~~~~~~~~~~~~~~~~~~~~~~~~~~~~~~~~~~~~~~~~~~~~~~~~~~~~~~~~~~~~~~~~~~~~~~~~~~~~~~~~~~~~~~~~
2024-07-18T09:09:41.608441+0545 - [Info]: Query has been executed successfully: 
CREATE TABLE IF NOT EXISTS TEMP_SALES_TXN_DAY(
                    REGION_ID INT,
                    REGION_DESC VARCHAR(40)
                    )
2024-07-18T09:09:41.609492+0545 - ~~~~~~~~~~~~~~~~~~~~~~~~~~~~~~~~~~~~~~~~~~~~~~~~~~~~~~~~~~~~~~~~~~~~~~~~~~~~~~~~~~~~~~~~~~~~~~~~~~~~
2024-07-18T09:09:41.609492+0545 - [Info]: If table already exists then truncating temp table: TEMP_SALES_TXN_DAY
2024-07-18T09:09:41.609999+0545 - ~~~~~~~~~~~~~~~~~~~~~~~~~~~~~~~~~~~~~~~~~~~~~~~~~~~~~~~~~~~~~~~~~~~~~~~~~~~~~~~~~~~~~~~~~~~~~~~~~~~~
2024-07-18T09:09:41.749225+0545 - [Info]: Query has been executed successfully: TRUNCATE TEMP_SALES_TXN_DAY
2024-07-18T09:09:41.749225+0545 - ~~~~~~~~~~~~~~~~~~~~~~~~~~~~~~~~~~~~~~~~~~~~~~~~~~~~~~~~~~~~~~~~~~~~~~~~~~~~~~~~~~~~~~~~~~~~~~~~~~~~
2024-07-18T09:09:41.849381+0545 - [Error]: Query could not be executed with error: 002020 (21S01): SQL compilation error:
Insert value list does not match column list expecting 2 but got 10
2024-07-18T09:09:41.849381+0545 - ~~~~~~~~~~~~~~~~~~~~~~~~~~~~~~~~~~~~~~~~~~~~~~~~~~~~~~~~~~~~~~~~~~~~~~~~~~~~~~~~~~~~~~~~~~~~~~~~~~~~
2024-07-18T09:09:41.849381+0545 - [Info]: Creating Target Table: DWH_SALES_TXN_MASTER
2024-07-18T09:09:41.849381+0545 - ~~~~~~~~~~~~~~~~~~~~~~~~~~~~~~~~~~~~~~~~~~~~~~~~~~~~~~~~~~~~~~~~~~~~~~~~~~~~~~~~~~~~~~~~~~~~~~~~~~~~
2024-07-18T09:09:41.929642+0545 - [Info]: Query has been executed successfully: 
CREATE TABLE IF NOT EXISTS DWH_REGION_LU(
                    REGION_KEY INT,
                    REGION_ID INT,
                    REGION_DESC VARCHAR(40),
                    REC_START_TS TIMESTAMP_LTZ,
                    REC_END_TS TIMESTAMP_LTZ,
                    REC_CLOSE_FLG BOOLEAN
                    )
2024-07-18T09:09:41.930196+0545 - ~~~~~~~~~~~~~~~~~~~~~~~~~~~~~~~~~~~~~~~~~~~~~~~~~~~~~~~~~~~~~~~~~~~~~~~~~~~~~~~~~~~~~~~~~~~~~~~~~~~~
2024-07-18T09:09:41.930196+0545 - [Info]: Updating and Inserting Target Table: DWH_SALES_TXN_MASTER under SCD Type-1 Approach
2024-07-18T09:09:41.930196+0545 - ~~~~~~~~~~~~~~~~~~~~~~~~~~~~~~~~~~~~~~~~~~~~~~~~~~~~~~~~~~~~~~~~~~~~~~~~~~~~~~~~~~~~~~~~~~~~~~~~~~~~
2024-07-18T09:09:42.016041+0545 - [Error]: Query could not be executed with error: 002003 (42S02): SQL compilation error:
Object 'DWH_SALES_TXN_MASTER' does not exist or not authorized.
2024-07-18T09:09:42.016041+0545 - ~~~~~~~~~~~~~~~~~~~~~~~~~~~~~~~~~~~~~~~~~~~~~~~~~~~~~~~~~~~~~~~~~~~~~~~~~~~~~~~~~~~~~~~~~~~~~~~~~~~~
2024-07-18T09:09:42.016041+0545 - [Info]: Closing Inactives of: DWH_SALES_TXN_MASTER under SCD Type-1 Approach
2024-07-18T09:09:42.016041+0545 - ~~~~~~~~~~~~~~~~~~~~~~~~~~~~~~~~~~~~~~~~~~~~~~~~~~~~~~~~~~~~~~~~~~~~~~~~~~~~~~~~~~~~~~~~~~~~~~~~~~~~
2024-07-18T09:09:42.098836+0545 - [Error]: Query could not be executed with error: 002003 (42S02): SQL compilation error:
Object 'DWH_SALES_TXN_MASTER' does not exist or not authorized.
2024-07-18T09:09:42.098836+0545 - ~~~~~~~~~~~~~~~~~~~~~~~~~~~~~~~~~~~~~~~~~~~~~~~~~~~~~~~~~~~~~~~~~~~~~~~~~~~~~~~~~~~~~~~~~~~~~~~~~~~~
2024-07-18T09:09:42.098836+0545 - [Info]: ETL of Table: DWH_SALES_TXN_MASTER  has been completed successfully!!!
2024-07-18T09:09:42.098836+0545 - ~~~~~~~~~~~~~~~~~~~~~~~~~~~~~~~~~~~~~~~~~~~~~~~~~~~~~~~~~~~~~~~~~~~~~~~~~~~~~~~~~~~~~~~~~~~~~~~~~~~~
2024-07-18T09:09:42.221452+0545 - [Info]: Connection has been closed successfully
2024-07-18T09:09:42.222840+0545 - ~~~~~~~~~~~~~~~~~~~~~~~~~~~~~~~~~~~~~~~~~~~~~~~~~~~~~~~~~~~~~~~~~~~~~~~~~~~~~~~~~~~~~~~~~~~~~~~~~~~~
