2024-05-06T11:19:25.616961+0545 - [Info]: ########################## Operations in DWH_SALES_TXN_MASTER Table ##########################
2024-05-06T11:19:25.616961+0545 - ~~~~~~~~~~~~~~~~~~~~~~~~~~~~~~~~~~~~~~~~~~~~~~~~~~~~~~~~~~~~~~~~~~~~~~~~~~~~~~~~~~~~~~~~~~~~~~~~~~~~
2024-05-06T11:19:26.582247+0545 - [Info]: Snowflake has been connected successfully
2024-05-06T11:19:26.583076+0545 - ~~~~~~~~~~~~~~~~~~~~~~~~~~~~~~~~~~~~~~~~~~~~~~~~~~~~~~~~~~~~~~~~~~~~~~~~~~~~~~~~~~~~~~~~~~~~~~~~~~~~
2024-05-06T11:19:26.583076+0545 - [Info]: Creating Temp Table: TEMP_SALES_TXN_DAY
2024-05-06T11:19:26.589679+0545 - ~~~~~~~~~~~~~~~~~~~~~~~~~~~~~~~~~~~~~~~~~~~~~~~~~~~~~~~~~~~~~~~~~~~~~~~~~~~~~~~~~~~~~~~~~~~~~~~~~~~~
2024-05-06T11:19:26.749533+0545 - [Info]: Query has been executed successfully: 
CREATE TABLE IF NOT EXISTS TEMP_SALES_TXN_DAY(
                    REGION_ID INT,
                    REGION_DESC VARCHAR(40)
                    )
2024-05-06T11:19:26.750391+0545 - ~~~~~~~~~~~~~~~~~~~~~~~~~~~~~~~~~~~~~~~~~~~~~~~~~~~~~~~~~~~~~~~~~~~~~~~~~~~~~~~~~~~~~~~~~~~~~~~~~~~~
2024-05-06T11:19:26.750391+0545 - [Info]: If table already exists then truncating temp table: TEMP_SALES_TXN_DAY
2024-05-06T11:19:26.751386+0545 - ~~~~~~~~~~~~~~~~~~~~~~~~~~~~~~~~~~~~~~~~~~~~~~~~~~~~~~~~~~~~~~~~~~~~~~~~~~~~~~~~~~~~~~~~~~~~~~~~~~~~
2024-05-06T11:19:26.896850+0545 - [Info]: Query has been executed successfully: TRUNCATE TEMP_SALES_TXN_DAY
2024-05-06T11:19:26.897389+0545 - ~~~~~~~~~~~~~~~~~~~~~~~~~~~~~~~~~~~~~~~~~~~~~~~~~~~~~~~~~~~~~~~~~~~~~~~~~~~~~~~~~~~~~~~~~~~~~~~~~~~~
2024-05-06T11:19:27.015088+0545 - [Error]: Query could not be executed with error: 002020 (21S01): SQL compilation error:
Insert value list does not match column list expecting 2 but got 10
2024-05-06T11:19:27.015088+0545 - ~~~~~~~~~~~~~~~~~~~~~~~~~~~~~~~~~~~~~~~~~~~~~~~~~~~~~~~~~~~~~~~~~~~~~~~~~~~~~~~~~~~~~~~~~~~~~~~~~~~~
2024-05-06T11:19:27.016083+0545 - [Info]: Creating Target Table: DWH_SALES_TXN_MASTER
2024-05-06T11:19:27.016083+0545 - ~~~~~~~~~~~~~~~~~~~~~~~~~~~~~~~~~~~~~~~~~~~~~~~~~~~~~~~~~~~~~~~~~~~~~~~~~~~~~~~~~~~~~~~~~~~~~~~~~~~~
2024-05-06T11:19:27.132309+0545 - [Info]: Query has been executed successfully: 
CREATE TABLE IF NOT EXISTS DWH_REGION_LU(
                    REGION_KEY INT,
                    REGION_ID INT,
                    REGION_DESC VARCHAR(40),
                    REC_START_TS TIMESTAMP_LTZ,
                    REC_END_TS TIMESTAMP_LTZ,
                    REC_CLOSE_FLG BOOLEAN
                    )
2024-05-06T11:19:27.133270+0545 - ~~~~~~~~~~~~~~~~~~~~~~~~~~~~~~~~~~~~~~~~~~~~~~~~~~~~~~~~~~~~~~~~~~~~~~~~~~~~~~~~~~~~~~~~~~~~~~~~~~~~
2024-05-06T11:19:27.134275+0545 - [Info]: Updating and Inserting Target Table: DWH_SALES_TXN_MASTER under SCD Type-1 Approach
2024-05-06T11:19:27.134275+0545 - ~~~~~~~~~~~~~~~~~~~~~~~~~~~~~~~~~~~~~~~~~~~~~~~~~~~~~~~~~~~~~~~~~~~~~~~~~~~~~~~~~~~~~~~~~~~~~~~~~~~~
2024-05-06T11:19:27.250872+0545 - [Error]: Query could not be executed with error: 002003 (42S02): SQL compilation error:
Object 'DWH_SALES_TXN_MASTER' does not exist or not authorized.
2024-05-06T11:19:27.251063+0545 - ~~~~~~~~~~~~~~~~~~~~~~~~~~~~~~~~~~~~~~~~~~~~~~~~~~~~~~~~~~~~~~~~~~~~~~~~~~~~~~~~~~~~~~~~~~~~~~~~~~~~
2024-05-06T11:19:27.251063+0545 - [Info]: Closing Inactives of: DWH_SALES_TXN_MASTER under SCD Type-1 Approach
2024-05-06T11:19:27.251063+0545 - ~~~~~~~~~~~~~~~~~~~~~~~~~~~~~~~~~~~~~~~~~~~~~~~~~~~~~~~~~~~~~~~~~~~~~~~~~~~~~~~~~~~~~~~~~~~~~~~~~~~~
2024-05-06T11:19:27.339322+0545 - [Error]: Query could not be executed with error: 002003 (42S02): SQL compilation error:
Object 'DWH_SALES_TXN_MASTER' does not exist or not authorized.
2024-05-06T11:19:27.339895+0545 - ~~~~~~~~~~~~~~~~~~~~~~~~~~~~~~~~~~~~~~~~~~~~~~~~~~~~~~~~~~~~~~~~~~~~~~~~~~~~~~~~~~~~~~~~~~~~~~~~~~~~
2024-05-06T11:19:27.339895+0545 - [Info]: ETL of Table: DWH_SALES_TXN_MASTER  has been completed successfully!!!
2024-05-06T11:19:27.340838+0545 - ~~~~~~~~~~~~~~~~~~~~~~~~~~~~~~~~~~~~~~~~~~~~~~~~~~~~~~~~~~~~~~~~~~~~~~~~~~~~~~~~~~~~~~~~~~~~~~~~~~~~
2024-05-06T11:19:27.491225+0545 - [Info]: Connection has been closed successfully
2024-05-06T11:19:27.491225+0545 - ~~~~~~~~~~~~~~~~~~~~~~~~~~~~~~~~~~~~~~~~~~~~~~~~~~~~~~~~~~~~~~~~~~~~~~~~~~~~~~~~~~~~~~~~~~~~~~~~~~~~
