2024-07-18T14:54:12.652512+0545 - [Info]: ########################## Operations in DWH_SALES_TXN_MASTER Table ##########################
2024-07-18T14:54:12.653885+0545 - ~~~~~~~~~~~~~~~~~~~~~~~~~~~~~~~~~~~~~~~~~~~~~~~~~~~~~~~~~~~~~~~~~~~~~~~~~~~~~~~~~~~~~~~~~~~~~~~~~~~~
2024-07-18T14:54:13.840208+0545 - [Info]: Snowflake has been connected successfully
2024-07-18T14:54:13.841662+0545 - ~~~~~~~~~~~~~~~~~~~~~~~~~~~~~~~~~~~~~~~~~~~~~~~~~~~~~~~~~~~~~~~~~~~~~~~~~~~~~~~~~~~~~~~~~~~~~~~~~~~~
2024-07-18T14:54:13.841662+0545 - [Info]: Creating Temp Table: TEMP_SALES_TXN_DAY
2024-07-18T14:54:13.841662+0545 - ~~~~~~~~~~~~~~~~~~~~~~~~~~~~~~~~~~~~~~~~~~~~~~~~~~~~~~~~~~~~~~~~~~~~~~~~~~~~~~~~~~~~~~~~~~~~~~~~~~~~
2024-07-18T14:54:14.067500+0545 - [Info]: Query has been executed successfully: 
CREATE TABLE IF NOT EXISTS TEMP_SALES_TXN_DAY(
                    TXN_DT DATE,
                    BUSINESS_DT DATE,
                    TXN_ID NUMBER(38,0),
                    ITEM_ID NUMBER(38,0),
                    LOC_ID NUMBER(38,0),
                    TXN_TYP VARCHAR(5),
                    SALES_AMOUNT FLOAT,
                    SALES_QUANTITY NUMBER(38,0),
                    SALES_COST FLOAT,
                    SALES_DISCOUNT FLOAT
                    )
2024-07-18T14:54:14.068544+0545 - ~~~~~~~~~~~~~~~~~~~~~~~~~~~~~~~~~~~~~~~~~~~~~~~~~~~~~~~~~~~~~~~~~~~~~~~~~~~~~~~~~~~~~~~~~~~~~~~~~~~~
2024-07-18T14:54:14.069564+0545 - [Info]: If table already exists then truncating temp table: TEMP_SALES_TXN_DAY
2024-07-18T14:54:14.069564+0545 - ~~~~~~~~~~~~~~~~~~~~~~~~~~~~~~~~~~~~~~~~~~~~~~~~~~~~~~~~~~~~~~~~~~~~~~~~~~~~~~~~~~~~~~~~~~~~~~~~~~~~
2024-07-18T14:54:14.284678+0545 - [Info]: Query has been executed successfully: TRUNCATE TEMP_SALES_TXN_DAY
2024-07-18T14:54:14.285843+0545 - ~~~~~~~~~~~~~~~~~~~~~~~~~~~~~~~~~~~~~~~~~~~~~~~~~~~~~~~~~~~~~~~~~~~~~~~~~~~~~~~~~~~~~~~~~~~~~~~~~~~~
2024-07-18T14:54:15.098034+0545 - [Info]: Query has been executed successfully: INSERT INTO TEMP_SALES_TXN_DAY (select * from V_SALES_TXN_DAY)
2024-07-18T14:54:15.098034+0545 - ~~~~~~~~~~~~~~~~~~~~~~~~~~~~~~~~~~~~~~~~~~~~~~~~~~~~~~~~~~~~~~~~~~~~~~~~~~~~~~~~~~~~~~~~~~~~~~~~~~~~
2024-07-18T14:54:15.098034+0545 - [Info]: Creating Target Table: DWH_SALES_TXN_MASTER
2024-07-18T14:54:15.098034+0545 - ~~~~~~~~~~~~~~~~~~~~~~~~~~~~~~~~~~~~~~~~~~~~~~~~~~~~~~~~~~~~~~~~~~~~~~~~~~~~~~~~~~~~~~~~~~~~~~~~~~~~
2024-07-18T14:54:15.283148+0545 - [Error]: Query could not be executed with error: 001003 (42000): SQL compilation error:
syntax error line 7 at position 20 unexpected 'ITEM_ID'.
syntax error line 7 at position 28 unexpected 'NUMBER'.
syntax error line 7 at position 34 unexpected '('.
2024-07-18T14:54:15.283148+0545 - ~~~~~~~~~~~~~~~~~~~~~~~~~~~~~~~~~~~~~~~~~~~~~~~~~~~~~~~~~~~~~~~~~~~~~~~~~~~~~~~~~~~~~~~~~~~~~~~~~~~~
2024-07-18T14:54:15.283148+0545 - [Info]: Updating and Inserting Target Table: DWH_SALES_TXN_MASTER under SCD Type-1 Approach
2024-07-18T14:54:15.284145+0545 - ~~~~~~~~~~~~~~~~~~~~~~~~~~~~~~~~~~~~~~~~~~~~~~~~~~~~~~~~~~~~~~~~~~~~~~~~~~~~~~~~~~~~~~~~~~~~~~~~~~~~
2024-07-18T14:54:15.365998+0545 - [Error]: Query could not be executed with error: 001003 (42000): SQL compilation error:
syntax error line 14 at position 21 unexpected 'NOT'.
syntax error line 15 at position 16 unexpected 'THEN'.
2024-07-18T14:54:15.365998+0545 - ~~~~~~~~~~~~~~~~~~~~~~~~~~~~~~~~~~~~~~~~~~~~~~~~~~~~~~~~~~~~~~~~~~~~~~~~~~~~~~~~~~~~~~~~~~~~~~~~~~~~
2024-07-18T14:54:15.365998+0545 - [Info]: Closing Inactives of: DWH_SALES_TXN_MASTER under SCD Type-1 Approach
2024-07-18T14:54:15.365998+0545 - ~~~~~~~~~~~~~~~~~~~~~~~~~~~~~~~~~~~~~~~~~~~~~~~~~~~~~~~~~~~~~~~~~~~~~~~~~~~~~~~~~~~~~~~~~~~~~~~~~~~~
2024-07-18T14:54:15.449439+0545 - [Error]: Query could not be executed with error: 002003 (42S02): SQL compilation error:
Object 'DWH_SALES_TXN_MASTER' does not exist or not authorized.
2024-07-18T14:54:15.449439+0545 - ~~~~~~~~~~~~~~~~~~~~~~~~~~~~~~~~~~~~~~~~~~~~~~~~~~~~~~~~~~~~~~~~~~~~~~~~~~~~~~~~~~~~~~~~~~~~~~~~~~~~
2024-07-18T14:54:15.449439+0545 - [Info]: ETL of Table: DWH_SALES_TXN_MASTER  has been completed successfully!!!
2024-07-18T14:54:15.450497+0545 - ~~~~~~~~~~~~~~~~~~~~~~~~~~~~~~~~~~~~~~~~~~~~~~~~~~~~~~~~~~~~~~~~~~~~~~~~~~~~~~~~~~~~~~~~~~~~~~~~~~~~
2024-07-18T14:54:15.593923+0545 - [Info]: Connection has been closed successfully
2024-07-18T14:54:15.593923+0545 - ~~~~~~~~~~~~~~~~~~~~~~~~~~~~~~~~~~~~~~~~~~~~~~~~~~~~~~~~~~~~~~~~~~~~~~~~~~~~~~~~~~~~~~~~~~~~~~~~~~~~
