2024-05-06T09:38:01.956808+0545 - [Info]: ########################## Operations in DWH_REGION_LOC_LU Table ##########################
2024-05-06T09:38:01.956808+0545 - ~~~~~~~~~~~~~~~~~~~~~~~~~~~~~~~~~~~~~~~~~~~~~~~~~~~~~~~~~~~~~~~~~~~~~~~~~~~~~~~~~~~~~~~~~~~~~~~~~~~~
2024-05-06T09:38:02.754284+0545 - [Info]: Snowflake has been connected successfully
2024-05-06T09:38:02.755281+0545 - ~~~~~~~~~~~~~~~~~~~~~~~~~~~~~~~~~~~~~~~~~~~~~~~~~~~~~~~~~~~~~~~~~~~~~~~~~~~~~~~~~~~~~~~~~~~~~~~~~~~~
2024-05-06T09:38:02.755281+0545 - [Info]: Creating Temp Table: TEMP_REGION_LOC_LU
2024-05-06T09:38:02.759257+0545 - ~~~~~~~~~~~~~~~~~~~~~~~~~~~~~~~~~~~~~~~~~~~~~~~~~~~~~~~~~~~~~~~~~~~~~~~~~~~~~~~~~~~~~~~~~~~~~~~~~~~~
2024-05-06T09:38:02.859613+0545 - [Error]: Query could not be executed with error: 090106 (22000): Cannot perform CREATE TABLE. This session does not have a current schema. Call 'USE SCHEMA', or use a qualified name.
2024-05-06T09:38:02.860391+0545 - ~~~~~~~~~~~~~~~~~~~~~~~~~~~~~~~~~~~~~~~~~~~~~~~~~~~~~~~~~~~~~~~~~~~~~~~~~~~~~~~~~~~~~~~~~~~~~~~~~~~~
2024-05-06T09:38:02.860391+0545 - [Info]: If table already exists then truncating temp table: TEMP_REGION_LOC_LU
2024-05-06T09:38:02.860391+0545 - ~~~~~~~~~~~~~~~~~~~~~~~~~~~~~~~~~~~~~~~~~~~~~~~~~~~~~~~~~~~~~~~~~~~~~~~~~~~~~~~~~~~~~~~~~~~~~~~~~~~~
2024-05-06T09:38:02.956108+0545 - [Error]: Query could not be executed with error: 090106 (22000): Cannot perform TRUNCATE. This session does not have a current schema. Call 'USE SCHEMA', or use a qualified name.
2024-05-06T09:38:02.956108+0545 - ~~~~~~~~~~~~~~~~~~~~~~~~~~~~~~~~~~~~~~~~~~~~~~~~~~~~~~~~~~~~~~~~~~~~~~~~~~~~~~~~~~~~~~~~~~~~~~~~~~~~
2024-05-06T09:38:03.047761+0545 - [Error]: Query could not be executed with error: 002003 (42S02): SQL compilation error:
Object 'V_REGION_LOC' does not exist or not authorized.
2024-05-06T09:38:03.047761+0545 - ~~~~~~~~~~~~~~~~~~~~~~~~~~~~~~~~~~~~~~~~~~~~~~~~~~~~~~~~~~~~~~~~~~~~~~~~~~~~~~~~~~~~~~~~~~~~~~~~~~~~
2024-05-06T09:38:03.048757+0545 - [Info]: Creating Target Table: DWH_REGION_LOC_LU
2024-05-06T09:38:03.048999+0545 - ~~~~~~~~~~~~~~~~~~~~~~~~~~~~~~~~~~~~~~~~~~~~~~~~~~~~~~~~~~~~~~~~~~~~~~~~~~~~~~~~~~~~~~~~~~~~~~~~~~~~
2024-05-06T09:38:03.143226+0545 - [Error]: Query could not be executed with error: 090106 (22000): Cannot perform CREATE TABLE. This session does not have a current schema. Call 'USE SCHEMA', or use a qualified name.
2024-05-06T09:38:03.143278+0545 - ~~~~~~~~~~~~~~~~~~~~~~~~~~~~~~~~~~~~~~~~~~~~~~~~~~~~~~~~~~~~~~~~~~~~~~~~~~~~~~~~~~~~~~~~~~~~~~~~~~~~
2024-05-06T09:38:03.143278+0545 - [Info]: Updating and Inserting Target Table: DWH_REGION_LOC_LU under SCD Type-1 Approach
2024-05-06T09:38:03.144221+0545 - ~~~~~~~~~~~~~~~~~~~~~~~~~~~~~~~~~~~~~~~~~~~~~~~~~~~~~~~~~~~~~~~~~~~~~~~~~~~~~~~~~~~~~~~~~~~~~~~~~~~~
2024-05-06T09:38:03.245425+0545 - [Error]: Query could not be executed with error: 002003 (42S02): SQL compilation error:
Object 'TEMP_REGION_LOC_LU' does not exist or not authorized.
2024-05-06T09:38:03.245425+0545 - ~~~~~~~~~~~~~~~~~~~~~~~~~~~~~~~~~~~~~~~~~~~~~~~~~~~~~~~~~~~~~~~~~~~~~~~~~~~~~~~~~~~~~~~~~~~~~~~~~~~~
2024-05-06T09:38:03.246366+0545 - [Info]: Closing Inactives of: DWH_REGION_LOC_LU under SCD Type-1 Approach
2024-05-06T09:38:03.246366+0545 - ~~~~~~~~~~~~~~~~~~~~~~~~~~~~~~~~~~~~~~~~~~~~~~~~~~~~~~~~~~~~~~~~~~~~~~~~~~~~~~~~~~~~~~~~~~~~~~~~~~~~
2024-05-06T09:38:03.346238+0545 - [Error]: Query could not be executed with error: 002003 (42S02): SQL compilation error:
Object 'DWH_REGION_LOC_LU' does not exist or not authorized.
2024-05-06T09:38:03.347234+0545 - ~~~~~~~~~~~~~~~~~~~~~~~~~~~~~~~~~~~~~~~~~~~~~~~~~~~~~~~~~~~~~~~~~~~~~~~~~~~~~~~~~~~~~~~~~~~~~~~~~~~~
2024-05-06T09:38:03.347234+0545 - [Info]: ETL of Table: DWH_REGION_LOC_LU  has been completed successfully!!!
2024-05-06T09:38:03.347234+0545 - ~~~~~~~~~~~~~~~~~~~~~~~~~~~~~~~~~~~~~~~~~~~~~~~~~~~~~~~~~~~~~~~~~~~~~~~~~~~~~~~~~~~~~~~~~~~~~~~~~~~~
2024-05-06T09:38:03.505904+0545 - [Info]: Connection has been closed successfully
2024-05-06T09:38:03.505904+0545 - ~~~~~~~~~~~~~~~~~~~~~~~~~~~~~~~~~~~~~~~~~~~~~~~~~~~~~~~~~~~~~~~~~~~~~~~~~~~~~~~~~~~~~~~~~~~~~~~~~~~~
