2024-05-06T09:12:04.256659+0545 - [Info]: ########################## Operations in DWH_REGION_LOC_LU Table ##########################
2024-05-06T09:12:04.257729+0545 - ~~~~~~~~~~~~~~~~~~~~~~~~~~~~~~~~~~~~~~~~~~~~~~~~~~~~~~~~~~~~~~~~~~~~~~~~~~~~~~~~~~~~~~~~~~~~~~~~~~~~
2024-05-06T09:12:05.370004+0545 - [Info]: Snowflake has been connected successfully
2024-05-06T09:12:05.370629+0545 - ~~~~~~~~~~~~~~~~~~~~~~~~~~~~~~~~~~~~~~~~~~~~~~~~~~~~~~~~~~~~~~~~~~~~~~~~~~~~~~~~~~~~~~~~~~~~~~~~~~~~
2024-05-06T09:12:05.370629+0545 - [Info]: Creating Temp Table: TEMP_REGION_LOC_LU
2024-05-06T09:12:05.374005+0545 - ~~~~~~~~~~~~~~~~~~~~~~~~~~~~~~~~~~~~~~~~~~~~~~~~~~~~~~~~~~~~~~~~~~~~~~~~~~~~~~~~~~~~~~~~~~~~~~~~~~~~
2024-05-06T09:12:05.510576+0545 - [Info]: Query has been executed successfully: 
CREATE TABLE IF NOT EXISTS TEMP_REGION_LOC_LU(
                    LOC_ID INT,
                    REGION_ID INT
                    )
2024-05-06T09:12:05.510576+0545 - ~~~~~~~~~~~~~~~~~~~~~~~~~~~~~~~~~~~~~~~~~~~~~~~~~~~~~~~~~~~~~~~~~~~~~~~~~~~~~~~~~~~~~~~~~~~~~~~~~~~~
2024-05-06T09:12:05.511539+0545 - [Info]: If table already exists then truncating temp table: TEMP_REGION_LOC_LU
2024-05-06T09:12:05.511539+0545 - ~~~~~~~~~~~~~~~~~~~~~~~~~~~~~~~~~~~~~~~~~~~~~~~~~~~~~~~~~~~~~~~~~~~~~~~~~~~~~~~~~~~~~~~~~~~~~~~~~~~~
2024-05-06T09:12:05.742908+0545 - [Info]: Query has been executed successfully: TRUNCATE TEMP_REGION_LOC_LU
2024-05-06T09:12:05.743855+0545 - ~~~~~~~~~~~~~~~~~~~~~~~~~~~~~~~~~~~~~~~~~~~~~~~~~~~~~~~~~~~~~~~~~~~~~~~~~~~~~~~~~~~~~~~~~~~~~~~~~~~~
2024-05-06T09:12:06.202454+0545 - [Info]: Query has been executed successfully: INSERT INTO TEMP_REGION_LOC_LU (select * from V_REGION_LOC)
2024-05-06T09:12:06.203522+0545 - ~~~~~~~~~~~~~~~~~~~~~~~~~~~~~~~~~~~~~~~~~~~~~~~~~~~~~~~~~~~~~~~~~~~~~~~~~~~~~~~~~~~~~~~~~~~~~~~~~~~~
2024-05-06T09:12:06.203899+0545 - [Info]: Creating Target Table: DWH_REGION_LOC_LU
2024-05-06T09:12:06.203899+0545 - ~~~~~~~~~~~~~~~~~~~~~~~~~~~~~~~~~~~~~~~~~~~~~~~~~~~~~~~~~~~~~~~~~~~~~~~~~~~~~~~~~~~~~~~~~~~~~~~~~~~~
2024-05-06T09:12:06.333479+0545 - [Info]: Query has been executed successfully: 
CREATE TABLE IF NOT EXISTS DWH_REGION_LOC_LU(
                    REGION_LOC_KEY INT,
                    LOC_ID INT,
                    REGION_ID INT,
                    REC_START_TS TIMESTAMP_LTZ,
                    REC_END_TS TIMESTAMP_LTZ,
                    REC_CLOSE_FLG BOOLEAN
                    )
2024-05-06T09:12:06.333479+0545 - ~~~~~~~~~~~~~~~~~~~~~~~~~~~~~~~~~~~~~~~~~~~~~~~~~~~~~~~~~~~~~~~~~~~~~~~~~~~~~~~~~~~~~~~~~~~~~~~~~~~~
2024-05-06T09:12:06.333479+0545 - [Info]: Updating and Inserting Target Table: DWH_REGION_LOC_LU under SCD Type-1 Approach
2024-05-06T09:12:06.333479+0545 - ~~~~~~~~~~~~~~~~~~~~~~~~~~~~~~~~~~~~~~~~~~~~~~~~~~~~~~~~~~~~~~~~~~~~~~~~~~~~~~~~~~~~~~~~~~~~~~~~~~~~
2024-05-06T09:12:06.768394+0545 - [Error]: Query could not be executed with error: 100090 (42P18): Duplicate row detected during DML action
Row Values: [103, 1, 101, 1714621949996000000, 7258147199999999000, 0]
2024-05-06T09:12:06.769255+0545 - ~~~~~~~~~~~~~~~~~~~~~~~~~~~~~~~~~~~~~~~~~~~~~~~~~~~~~~~~~~~~~~~~~~~~~~~~~~~~~~~~~~~~~~~~~~~~~~~~~~~~
2024-05-06T09:12:06.769255+0545 - [Info]: Closing Inactives of: DWH_REGION_LOC_LU under SCD Type-1 Approach
2024-05-06T09:12:06.769255+0545 - ~~~~~~~~~~~~~~~~~~~~~~~~~~~~~~~~~~~~~~~~~~~~~~~~~~~~~~~~~~~~~~~~~~~~~~~~~~~~~~~~~~~~~~~~~~~~~~~~~~~~
2024-05-06T09:12:06.978571+0545 - [Info]: Query has been executed successfully: 
            UPDATE DWH_REGION_LOC_LU
            SET REC_CLOSE_FLG = TRUE,
            REC_END_TS = CURRENT_TIMESTAMP
            WHERE REGION_ID NOT IN
            (SELECT DISTINCT REGION_ID FROM TEMP_REGION_LOC_LU)
            
2024-05-06T09:12:06.978571+0545 - ~~~~~~~~~~~~~~~~~~~~~~~~~~~~~~~~~~~~~~~~~~~~~~~~~~~~~~~~~~~~~~~~~~~~~~~~~~~~~~~~~~~~~~~~~~~~~~~~~~~~
2024-05-06T09:12:06.979620+0545 - [Info]: ETL of Table: DWH_REGION_LOC_LU  has been completed successfully!!!
2024-05-06T09:12:06.979620+0545 - ~~~~~~~~~~~~~~~~~~~~~~~~~~~~~~~~~~~~~~~~~~~~~~~~~~~~~~~~~~~~~~~~~~~~~~~~~~~~~~~~~~~~~~~~~~~~~~~~~~~~
2024-05-06T09:12:07.319837+0545 - [Info]: Connection has been closed successfully
2024-05-06T09:12:07.319837+0545 - ~~~~~~~~~~~~~~~~~~~~~~~~~~~~~~~~~~~~~~~~~~~~~~~~~~~~~~~~~~~~~~~~~~~~~~~~~~~~~~~~~~~~~~~~~~~~~~~~~~~~
