2024-05-06T09:42:56.966056+0545 - [Info]: ########################## Operations in DWH_DISTRICT_LOC_LU Table ##########################
2024-05-06T09:42:56.966056+0545 - ~~~~~~~~~~~~~~~~~~~~~~~~~~~~~~~~~~~~~~~~~~~~~~~~~~~~~~~~~~~~~~~~~~~~~~~~~~~~~~~~~~~~~~~~~~~~~~~~~~~~
2024-05-06T09:42:57.736876+0545 - [Info]: Snowflake has been connected successfully
2024-05-06T09:42:57.736876+0545 - ~~~~~~~~~~~~~~~~~~~~~~~~~~~~~~~~~~~~~~~~~~~~~~~~~~~~~~~~~~~~~~~~~~~~~~~~~~~~~~~~~~~~~~~~~~~~~~~~~~~~
2024-05-06T09:42:57.737874+0545 - [Info]: Creating Temp Table: TEMP_DISTRICT_LOC_LU
2024-05-06T09:42:57.739875+0545 - ~~~~~~~~~~~~~~~~~~~~~~~~~~~~~~~~~~~~~~~~~~~~~~~~~~~~~~~~~~~~~~~~~~~~~~~~~~~~~~~~~~~~~~~~~~~~~~~~~~~~
2024-05-06T09:42:57.938303+0545 - [Info]: Query has been executed successfully: 
CREATE TABLE IF NOT EXISTS TEMP_DISTRICT_LOC_LU(
                    LOC_ID INT,
                    DISTRICT_ID INT
                    )
2024-05-06T09:42:57.938763+0545 - ~~~~~~~~~~~~~~~~~~~~~~~~~~~~~~~~~~~~~~~~~~~~~~~~~~~~~~~~~~~~~~~~~~~~~~~~~~~~~~~~~~~~~~~~~~~~~~~~~~~~
2024-05-06T09:42:57.938763+0545 - [Info]: If table already exists then truncating temp table: TEMP_DISTRICT_LOC_LU
2024-05-06T09:42:57.939300+0545 - ~~~~~~~~~~~~~~~~~~~~~~~~~~~~~~~~~~~~~~~~~~~~~~~~~~~~~~~~~~~~~~~~~~~~~~~~~~~~~~~~~~~~~~~~~~~~~~~~~~~~
2024-05-06T09:42:58.082003+0545 - [Info]: Query has been executed successfully: TRUNCATE TEMP_DISTRICT_LOC_LU
2024-05-06T09:42:58.083005+0545 - ~~~~~~~~~~~~~~~~~~~~~~~~~~~~~~~~~~~~~~~~~~~~~~~~~~~~~~~~~~~~~~~~~~~~~~~~~~~~~~~~~~~~~~~~~~~~~~~~~~~~
2024-05-06T09:42:58.441638+0545 - [Info]: Query has been executed successfully: INSERT INTO TEMP_DISTRICT_LOC_LU (select * from V_DISTRICT_LOC)
2024-05-06T09:42:58.442613+0545 - ~~~~~~~~~~~~~~~~~~~~~~~~~~~~~~~~~~~~~~~~~~~~~~~~~~~~~~~~~~~~~~~~~~~~~~~~~~~~~~~~~~~~~~~~~~~~~~~~~~~~
2024-05-06T09:42:58.442613+0545 - [Info]: Creating Target Table: DWH_DISTRICT_LOC_LU
2024-05-06T09:42:58.443609+0545 - ~~~~~~~~~~~~~~~~~~~~~~~~~~~~~~~~~~~~~~~~~~~~~~~~~~~~~~~~~~~~~~~~~~~~~~~~~~~~~~~~~~~~~~~~~~~~~~~~~~~~
2024-05-06T09:42:58.588227+0545 - [Info]: Query has been executed successfully: 
CREATE TABLE IF NOT EXISTS DWH_DISTRICT_LOC_LU(
                    DISTRICT_LOC_KEY INT,
                    LOC_ID INT,
                    DISTRICT_ID INT,
                    REC_START_TS TIMESTAMP_LTZ,
                    REC_END_TS TIMESTAMP_LTZ,
                    REC_CLOSE_FLG BOOLEAN
                    )
2024-05-06T09:42:58.589219+0545 - ~~~~~~~~~~~~~~~~~~~~~~~~~~~~~~~~~~~~~~~~~~~~~~~~~~~~~~~~~~~~~~~~~~~~~~~~~~~~~~~~~~~~~~~~~~~~~~~~~~~~
2024-05-06T09:42:58.589219+0545 - [Info]: Updating and Inserting Target Table: DWH_DISTRICT_LOC_LU under SCD Type-1 Approach
2024-05-06T09:42:58.589219+0545 - ~~~~~~~~~~~~~~~~~~~~~~~~~~~~~~~~~~~~~~~~~~~~~~~~~~~~~~~~~~~~~~~~~~~~~~~~~~~~~~~~~~~~~~~~~~~~~~~~~~~~
2024-05-06T09:42:58.979282+0545 - [Info]: Query has been executed successfully: 
                MERGE INTO DWH_DISTRICT_LOC_LU AS TG
                USING TEMP_DISTRICT_LOC_LU AS TM
                ON TG.DISTRICT_ID = TM.DISTRICT_ID
                WHEN MATCHED AND ((TG.LOC_ID <> TM.LOC_ID))
                THEN UPDATE SET
                TG.LOC_ID = TM.LOC_ID,
                TG.REC_START_TS = CURRENT_TIMESTAMP,
                TG.REC_END_TS = '2199-12-31 23:59:59.999999'
                WHEN NOT MATCHED
                THEN INSERT (DISTRICT_LOC_KEY,LOC_ID,DISTRICT_ID,REC_START_TS,REC_END_TS,REC_CLOSE_FLG)
                VALUES(COALESCE((SELECT MAX(DISTRICT_ID) FROM TEMP_DISTRICT_LOC_LU WHERE DISTRICT_ID>=0), 0) + RANK() OVER (ORDER BY DISTRICT_ID),
                TM.LOC_ID, TM.DISTRICT_ID,CURRENT_TIMESTAMP, '2199-12-31 23:59:59.999999',FALSE) 
                
2024-05-06T09:42:58.979282+0545 - ~~~~~~~~~~~~~~~~~~~~~~~~~~~~~~~~~~~~~~~~~~~~~~~~~~~~~~~~~~~~~~~~~~~~~~~~~~~~~~~~~~~~~~~~~~~~~~~~~~~~
2024-05-06T09:42:58.979282+0545 - [Info]: Closing Inactives of: DWH_DISTRICT_LOC_LU under SCD Type-1 Approach
2024-05-06T09:42:58.979282+0545 - ~~~~~~~~~~~~~~~~~~~~~~~~~~~~~~~~~~~~~~~~~~~~~~~~~~~~~~~~~~~~~~~~~~~~~~~~~~~~~~~~~~~~~~~~~~~~~~~~~~~~
2024-05-06T09:42:59.279041+0545 - [Info]: Query has been executed successfully: 
            UPDATE DWH_DISTRICT_LOC_LU
            SET REC_CLOSE_FLG = TRUE,
            REC_END_TS = CURRENT_TIMESTAMP
            WHERE DISTRICT_ID NOT IN
            (SELECT DISTINCT DISTRICT_ID FROM TEMP_DISTRICT_LOC_LU)
            
2024-05-06T09:42:59.279041+0545 - ~~~~~~~~~~~~~~~~~~~~~~~~~~~~~~~~~~~~~~~~~~~~~~~~~~~~~~~~~~~~~~~~~~~~~~~~~~~~~~~~~~~~~~~~~~~~~~~~~~~~
2024-05-06T09:42:59.279041+0545 - [Info]: ETL of Table: DWH_DISTRICT_LOC_LU  has been completed successfully!!!
2024-05-06T09:42:59.279912+0545 - ~~~~~~~~~~~~~~~~~~~~~~~~~~~~~~~~~~~~~~~~~~~~~~~~~~~~~~~~~~~~~~~~~~~~~~~~~~~~~~~~~~~~~~~~~~~~~~~~~~~~
2024-05-06T09:42:59.469001+0545 - [Info]: Connection has been closed successfully
2024-05-06T09:42:59.469001+0545 - ~~~~~~~~~~~~~~~~~~~~~~~~~~~~~~~~~~~~~~~~~~~~~~~~~~~~~~~~~~~~~~~~~~~~~~~~~~~~~~~~~~~~~~~~~~~~~~~~~~~~
