2024-05-06T09:12:08.187073+0545 - [Info]: ########################## Operations in DWH_REGION_LU Table ##########################
2024-05-06T09:12:08.187073+0545 - ~~~~~~~~~~~~~~~~~~~~~~~~~~~~~~~~~~~~~~~~~~~~~~~~~~~~~~~~~~~~~~~~~~~~~~~~~~~~~~~~~~~~~~~~~~~~~~~~~~~~
2024-05-06T09:12:09.323122+0545 - [Info]: Snowflake has been connected successfully
2024-05-06T09:12:09.323122+0545 - ~~~~~~~~~~~~~~~~~~~~~~~~~~~~~~~~~~~~~~~~~~~~~~~~~~~~~~~~~~~~~~~~~~~~~~~~~~~~~~~~~~~~~~~~~~~~~~~~~~~~
2024-05-06T09:12:09.324121+0545 - [Info]: Creating Temp Table: TEMP_REGION_LU
2024-05-06T09:12:09.327067+0545 - ~~~~~~~~~~~~~~~~~~~~~~~~~~~~~~~~~~~~~~~~~~~~~~~~~~~~~~~~~~~~~~~~~~~~~~~~~~~~~~~~~~~~~~~~~~~~~~~~~~~~
2024-05-06T09:12:09.592350+0545 - [Info]: Query has been executed successfully: 
CREATE TABLE IF NOT EXISTS TEMP_REGION_LU(
                    REGION_ID INT,
                    REGION_DESC VARCHAR(40)
                    )
2024-05-06T09:12:09.592350+0545 - ~~~~~~~~~~~~~~~~~~~~~~~~~~~~~~~~~~~~~~~~~~~~~~~~~~~~~~~~~~~~~~~~~~~~~~~~~~~~~~~~~~~~~~~~~~~~~~~~~~~~
2024-05-06T09:12:09.592350+0545 - [Info]: If table already exists then truncating temp table: TEMP_REGION_LU
2024-05-06T09:12:09.593348+0545 - ~~~~~~~~~~~~~~~~~~~~~~~~~~~~~~~~~~~~~~~~~~~~~~~~~~~~~~~~~~~~~~~~~~~~~~~~~~~~~~~~~~~~~~~~~~~~~~~~~~~~
2024-05-06T09:12:10.005326+0545 - [Info]: Query has been executed successfully: TRUNCATE TEMP_REGION_LU
2024-05-06T09:12:10.006241+0545 - ~~~~~~~~~~~~~~~~~~~~~~~~~~~~~~~~~~~~~~~~~~~~~~~~~~~~~~~~~~~~~~~~~~~~~~~~~~~~~~~~~~~~~~~~~~~~~~~~~~~~
2024-05-06T09:12:12.146628+0545 - [Info]: Query has been executed successfully: INSERT INTO TEMP_REGION_LU (select * from V_REGION_TR)
2024-05-06T09:12:12.147624+0545 - ~~~~~~~~~~~~~~~~~~~~~~~~~~~~~~~~~~~~~~~~~~~~~~~~~~~~~~~~~~~~~~~~~~~~~~~~~~~~~~~~~~~~~~~~~~~~~~~~~~~~
2024-05-06T09:12:12.147624+0545 - [Info]: Creating Target Table: DWH_REGION_LU
2024-05-06T09:12:12.148737+0545 - ~~~~~~~~~~~~~~~~~~~~~~~~~~~~~~~~~~~~~~~~~~~~~~~~~~~~~~~~~~~~~~~~~~~~~~~~~~~~~~~~~~~~~~~~~~~~~~~~~~~~
2024-05-06T09:12:12.291394+0545 - [Info]: Query has been executed successfully: 
CREATE TABLE IF NOT EXISTS DWH_REGION_LU(
                    REGION_KEY INT,
                    REGION_ID INT,
                    REGION_DESC VARCHAR(40),
                    REC_START_TS TIMESTAMP_LTZ,
                    REC_END_TS TIMESTAMP_LTZ,
                    REC_CLOSE_FLG BOOLEAN
                    )
2024-05-06T09:12:12.292316+0545 - ~~~~~~~~~~~~~~~~~~~~~~~~~~~~~~~~~~~~~~~~~~~~~~~~~~~~~~~~~~~~~~~~~~~~~~~~~~~~~~~~~~~~~~~~~~~~~~~~~~~~
2024-05-06T09:12:12.292316+0545 - [Info]: Updating and Inserting Target Table: DWH_REGION_LU under SCD Type-1 Approach
2024-05-06T09:12:12.292316+0545 - ~~~~~~~~~~~~~~~~~~~~~~~~~~~~~~~~~~~~~~~~~~~~~~~~~~~~~~~~~~~~~~~~~~~~~~~~~~~~~~~~~~~~~~~~~~~~~~~~~~~~
2024-05-06T09:12:12.852389+0545 - [Info]: Query has been executed successfully: 
                MERGE INTO DWH_REGION_LU AS TG
                USING TEMP_REGION_LU AS TM
                ON TG.REGION_ID = TM.REGION_ID
                WHEN MATCHED AND ((TG.REGION_DESC <> TM.REGION_DESC))
                THEN UPDATE SET
                TG.REGION_DESC = TM.REGION_DESC,
                TG.REC_START_TS = CURRENT_TIMESTAMP,
                TG.REC_END_TS = '2199-12-31 23:59:59.999999'
                WHEN NOT MATCHED
                THEN INSERT (REGION_KEY,REGION_ID,REGION_DESC,REC_START_TS,REC_END_TS,REC_CLOSE_FLG)
                VALUES(COALESCE((SELECT MAX(REGION_ID) FROM TEMP_REGION_LU WHERE REGION_ID>=0), 0) + RANK() OVER (ORDER BY REGION_ID),
                TM.REGION_ID, TM.REGION_DESC,CURRENT_TIMESTAMP, '2199-12-31 23:59:59.999999',FALSE) 
                
2024-05-06T09:12:12.853384+0545 - ~~~~~~~~~~~~~~~~~~~~~~~~~~~~~~~~~~~~~~~~~~~~~~~~~~~~~~~~~~~~~~~~~~~~~~~~~~~~~~~~~~~~~~~~~~~~~~~~~~~~
2024-05-06T09:12:12.853384+0545 - [Info]: Closing Inactives of: DWH_REGION_LU under SCD Type-1 Approach
2024-05-06T09:12:12.853384+0545 - ~~~~~~~~~~~~~~~~~~~~~~~~~~~~~~~~~~~~~~~~~~~~~~~~~~~~~~~~~~~~~~~~~~~~~~~~~~~~~~~~~~~~~~~~~~~~~~~~~~~~
2024-05-06T09:12:13.098456+0545 - [Info]: Query has been executed successfully: 
            UPDATE DWH_REGION_LU
            SET REC_CLOSE_FLG = TRUE,
            REC_END_TS = CURRENT_TIMESTAMP
            WHERE REGION_ID NOT IN
            (SELECT DISTINCT REGION_ID FROM TEMP_REGION_LU)
            
2024-05-06T09:12:13.098456+0545 - ~~~~~~~~~~~~~~~~~~~~~~~~~~~~~~~~~~~~~~~~~~~~~~~~~~~~~~~~~~~~~~~~~~~~~~~~~~~~~~~~~~~~~~~~~~~~~~~~~~~~
2024-05-06T09:12:13.098456+0545 - [Info]: ETL of Table: DWH_REGION_LU  has been completed successfully!!!
2024-05-06T09:12:13.099615+0545 - ~~~~~~~~~~~~~~~~~~~~~~~~~~~~~~~~~~~~~~~~~~~~~~~~~~~~~~~~~~~~~~~~~~~~~~~~~~~~~~~~~~~~~~~~~~~~~~~~~~~~
2024-05-06T09:12:13.349374+0545 - [Info]: Connection has been closed successfully
2024-05-06T09:12:13.350373+0545 - ~~~~~~~~~~~~~~~~~~~~~~~~~~~~~~~~~~~~~~~~~~~~~~~~~~~~~~~~~~~~~~~~~~~~~~~~~~~~~~~~~~~~~~~~~~~~~~~~~~~~
