2024-05-06T09:38:04.213823+0545 - [Info]: ########################## Operations in DWH_REGION_LU Table ##########################
2024-05-06T09:38:04.213823+0545 - ~~~~~~~~~~~~~~~~~~~~~~~~~~~~~~~~~~~~~~~~~~~~~~~~~~~~~~~~~~~~~~~~~~~~~~~~~~~~~~~~~~~~~~~~~~~~~~~~~~~~
2024-05-06T09:38:04.938120+0545 - [Info]: Snowflake has been connected successfully
2024-05-06T09:38:04.939095+0545 - ~~~~~~~~~~~~~~~~~~~~~~~~~~~~~~~~~~~~~~~~~~~~~~~~~~~~~~~~~~~~~~~~~~~~~~~~~~~~~~~~~~~~~~~~~~~~~~~~~~~~
2024-05-06T09:38:04.939095+0545 - [Info]: Creating Temp Table: TEMP_REGION_LU
2024-05-06T09:38:04.942041+0545 - ~~~~~~~~~~~~~~~~~~~~~~~~~~~~~~~~~~~~~~~~~~~~~~~~~~~~~~~~~~~~~~~~~~~~~~~~~~~~~~~~~~~~~~~~~~~~~~~~~~~~
2024-05-06T09:38:05.037964+0545 - [Error]: Query could not be executed with error: 090106 (22000): Cannot perform CREATE TABLE. This session does not have a current schema. Call 'USE SCHEMA', or use a qualified name.
2024-05-06T09:38:05.038716+0545 - ~~~~~~~~~~~~~~~~~~~~~~~~~~~~~~~~~~~~~~~~~~~~~~~~~~~~~~~~~~~~~~~~~~~~~~~~~~~~~~~~~~~~~~~~~~~~~~~~~~~~
2024-05-06T09:38:05.038716+0545 - [Info]: If table already exists then truncating temp table: TEMP_REGION_LU
2024-05-06T09:38:05.038716+0545 - ~~~~~~~~~~~~~~~~~~~~~~~~~~~~~~~~~~~~~~~~~~~~~~~~~~~~~~~~~~~~~~~~~~~~~~~~~~~~~~~~~~~~~~~~~~~~~~~~~~~~
2024-05-06T09:38:05.135291+0545 - [Error]: Query could not be executed with error: 090106 (22000): Cannot perform TRUNCATE. This session does not have a current schema. Call 'USE SCHEMA', or use a qualified name.
2024-05-06T09:38:05.136164+0545 - ~~~~~~~~~~~~~~~~~~~~~~~~~~~~~~~~~~~~~~~~~~~~~~~~~~~~~~~~~~~~~~~~~~~~~~~~~~~~~~~~~~~~~~~~~~~~~~~~~~~~
2024-05-06T09:38:05.225513+0545 - [Error]: Query could not be executed with error: 002003 (42S02): SQL compilation error:
Object 'V_REGION_TR' does not exist or not authorized.
2024-05-06T09:38:05.226412+0545 - ~~~~~~~~~~~~~~~~~~~~~~~~~~~~~~~~~~~~~~~~~~~~~~~~~~~~~~~~~~~~~~~~~~~~~~~~~~~~~~~~~~~~~~~~~~~~~~~~~~~~
2024-05-06T09:38:05.226412+0545 - [Info]: Creating Target Table: DWH_REGION_LU
2024-05-06T09:38:05.226412+0545 - ~~~~~~~~~~~~~~~~~~~~~~~~~~~~~~~~~~~~~~~~~~~~~~~~~~~~~~~~~~~~~~~~~~~~~~~~~~~~~~~~~~~~~~~~~~~~~~~~~~~~
2024-05-06T09:38:05.321137+0545 - [Error]: Query could not be executed with error: 090106 (22000): Cannot perform CREATE TABLE. This session does not have a current schema. Call 'USE SCHEMA', or use a qualified name.
2024-05-06T09:38:05.322092+0545 - ~~~~~~~~~~~~~~~~~~~~~~~~~~~~~~~~~~~~~~~~~~~~~~~~~~~~~~~~~~~~~~~~~~~~~~~~~~~~~~~~~~~~~~~~~~~~~~~~~~~~
2024-05-06T09:38:05.322092+0545 - [Info]: Updating and Inserting Target Table: DWH_REGION_LU under SCD Type-1 Approach
2024-05-06T09:38:05.322092+0545 - ~~~~~~~~~~~~~~~~~~~~~~~~~~~~~~~~~~~~~~~~~~~~~~~~~~~~~~~~~~~~~~~~~~~~~~~~~~~~~~~~~~~~~~~~~~~~~~~~~~~~
2024-05-06T09:38:05.414500+0545 - [Error]: Query could not be executed with error: 002003 (42S02): SQL compilation error:
Object 'TEMP_REGION_LU' does not exist or not authorized.
2024-05-06T09:38:05.414500+0545 - ~~~~~~~~~~~~~~~~~~~~~~~~~~~~~~~~~~~~~~~~~~~~~~~~~~~~~~~~~~~~~~~~~~~~~~~~~~~~~~~~~~~~~~~~~~~~~~~~~~~~
2024-05-06T09:38:05.414500+0545 - [Info]: Closing Inactives of: DWH_REGION_LU under SCD Type-1 Approach
2024-05-06T09:38:05.415496+0545 - ~~~~~~~~~~~~~~~~~~~~~~~~~~~~~~~~~~~~~~~~~~~~~~~~~~~~~~~~~~~~~~~~~~~~~~~~~~~~~~~~~~~~~~~~~~~~~~~~~~~~
2024-05-06T09:38:05.547958+0545 - [Error]: Query could not be executed with error: 002003 (42S02): SQL compilation error:
Object 'DWH_REGION_LU' does not exist or not authorized.
2024-05-06T09:38:05.547958+0545 - ~~~~~~~~~~~~~~~~~~~~~~~~~~~~~~~~~~~~~~~~~~~~~~~~~~~~~~~~~~~~~~~~~~~~~~~~~~~~~~~~~~~~~~~~~~~~~~~~~~~~
2024-05-06T09:38:05.547958+0545 - [Info]: ETL of Table: DWH_REGION_LU  has been completed successfully!!!
2024-05-06T09:38:05.548948+0545 - ~~~~~~~~~~~~~~~~~~~~~~~~~~~~~~~~~~~~~~~~~~~~~~~~~~~~~~~~~~~~~~~~~~~~~~~~~~~~~~~~~~~~~~~~~~~~~~~~~~~~
2024-05-06T09:38:05.715605+0545 - [Info]: Connection has been closed successfully
2024-05-06T09:38:05.717166+0545 - ~~~~~~~~~~~~~~~~~~~~~~~~~~~~~~~~~~~~~~~~~~~~~~~~~~~~~~~~~~~~~~~~~~~~~~~~~~~~~~~~~~~~~~~~~~~~~~~~~~~~
