2024-05-06T09:11:39.263124+0545 - [Info]: ########################## Operations in DWH_CHANNEL_LOC_LU Table ##########################
2024-05-06T09:11:39.263124+0545 - ~~~~~~~~~~~~~~~~~~~~~~~~~~~~~~~~~~~~~~~~~~~~~~~~~~~~~~~~~~~~~~~~~~~~~~~~~~~~~~~~~~~~~~~~~~~~~~~~~~~~
2024-05-06T09:11:40.662403+0545 - [Info]: Snowflake has been connected successfully
2024-05-06T09:11:40.663400+0545 - ~~~~~~~~~~~~~~~~~~~~~~~~~~~~~~~~~~~~~~~~~~~~~~~~~~~~~~~~~~~~~~~~~~~~~~~~~~~~~~~~~~~~~~~~~~~~~~~~~~~~
2024-05-06T09:11:40.663400+0545 - [Info]: Creating Temp Table: TEMP_CHANNEL_LOC_LU
2024-05-06T09:11:40.664398+0545 - ~~~~~~~~~~~~~~~~~~~~~~~~~~~~~~~~~~~~~~~~~~~~~~~~~~~~~~~~~~~~~~~~~~~~~~~~~~~~~~~~~~~~~~~~~~~~~~~~~~~~
2024-05-06T09:11:40.832399+0545 - [Info]: Query has been executed successfully: 
CREATE TABLE IF NOT EXISTS TEMP_CHANNEL_LOC_LU(
                    LOC_ID INT,
                    CHANNEL_ID INT
                    )
2024-05-06T09:11:40.832399+0545 - ~~~~~~~~~~~~~~~~~~~~~~~~~~~~~~~~~~~~~~~~~~~~~~~~~~~~~~~~~~~~~~~~~~~~~~~~~~~~~~~~~~~~~~~~~~~~~~~~~~~~
2024-05-06T09:11:40.833450+0545 - [Info]: If table already exists then truncating temp table: TEMP_CHANNEL_LOC_LU
2024-05-06T09:11:40.833450+0545 - ~~~~~~~~~~~~~~~~~~~~~~~~~~~~~~~~~~~~~~~~~~~~~~~~~~~~~~~~~~~~~~~~~~~~~~~~~~~~~~~~~~~~~~~~~~~~~~~~~~~~
2024-05-06T09:11:41.142999+0545 - [Info]: Query has been executed successfully: TRUNCATE TEMP_CHANNEL_LOC_LU
2024-05-06T09:11:41.142999+0545 - ~~~~~~~~~~~~~~~~~~~~~~~~~~~~~~~~~~~~~~~~~~~~~~~~~~~~~~~~~~~~~~~~~~~~~~~~~~~~~~~~~~~~~~~~~~~~~~~~~~~~
2024-05-06T09:11:41.573993+0545 - [Info]: Query has been executed successfully: INSERT INTO TEMP_CHANNEL_LOC_LU (select * from V_CHANNEL_LOC)
2024-05-06T09:11:41.573993+0545 - ~~~~~~~~~~~~~~~~~~~~~~~~~~~~~~~~~~~~~~~~~~~~~~~~~~~~~~~~~~~~~~~~~~~~~~~~~~~~~~~~~~~~~~~~~~~~~~~~~~~~
2024-05-06T09:11:41.574752+0545 - [Info]: Creating Target Table: DWH_CHANNEL_LOC_LU
2024-05-06T09:11:41.574752+0545 - ~~~~~~~~~~~~~~~~~~~~~~~~~~~~~~~~~~~~~~~~~~~~~~~~~~~~~~~~~~~~~~~~~~~~~~~~~~~~~~~~~~~~~~~~~~~~~~~~~~~~
2024-05-06T09:11:41.747351+0545 - [Info]: Query has been executed successfully: 
CREATE TABLE IF NOT EXISTS DWH_CHANNEL_LOC_LU(
                    CHANNEL_LOC_KEY INT,
                    LOC_ID INT,
                    CHANNEL_ID INT,
                    REC_START_TS TIMESTAMP_LTZ,
                    REC_END_TS TIMESTAMP_LTZ,
                    REC_CLOSE_FLG BOOLEAN
                    )
2024-05-06T09:11:41.748428+0545 - ~~~~~~~~~~~~~~~~~~~~~~~~~~~~~~~~~~~~~~~~~~~~~~~~~~~~~~~~~~~~~~~~~~~~~~~~~~~~~~~~~~~~~~~~~~~~~~~~~~~~
2024-05-06T09:11:41.748428+0545 - [Info]: Updating and Inserting Target Table: DWH_CHANNEL_LOC_LU under SCD Type-1 Approach
2024-05-06T09:11:41.748428+0545 - ~~~~~~~~~~~~~~~~~~~~~~~~~~~~~~~~~~~~~~~~~~~~~~~~~~~~~~~~~~~~~~~~~~~~~~~~~~~~~~~~~~~~~~~~~~~~~~~~~~~~
2024-05-06T09:11:42.238443+0545 - [Error]: Query could not be executed with error: 100090 (42P18): Duplicate row detected during DML action
Row Values: [42, 1, 40, 1714621913205000000, 7258147199999999000, 0]
2024-05-06T09:11:42.238443+0545 - ~~~~~~~~~~~~~~~~~~~~~~~~~~~~~~~~~~~~~~~~~~~~~~~~~~~~~~~~~~~~~~~~~~~~~~~~~~~~~~~~~~~~~~~~~~~~~~~~~~~~
2024-05-06T09:11:42.238443+0545 - [Info]: Closing Inactives of: DWH_CHANNEL_LOC_LU under SCD Type-1 Approach
2024-05-06T09:11:42.238443+0545 - ~~~~~~~~~~~~~~~~~~~~~~~~~~~~~~~~~~~~~~~~~~~~~~~~~~~~~~~~~~~~~~~~~~~~~~~~~~~~~~~~~~~~~~~~~~~~~~~~~~~~
2024-05-06T09:11:42.679222+0545 - [Info]: Query has been executed successfully: 
            UPDATE DWH_CHANNEL_LOC_LU
            SET REC_CLOSE_FLG = TRUE,
            REC_END_TS = CURRENT_TIMESTAMP
            WHERE CHANNEL_ID NOT IN
            (SELECT DISTINCT CHANNEL_ID FROM TEMP_CHANNEL_LOC_LU)
            
2024-05-06T09:11:42.680230+0545 - ~~~~~~~~~~~~~~~~~~~~~~~~~~~~~~~~~~~~~~~~~~~~~~~~~~~~~~~~~~~~~~~~~~~~~~~~~~~~~~~~~~~~~~~~~~~~~~~~~~~~
2024-05-06T09:11:42.680230+0545 - [Info]: ETL of Table: DWH_CHANNEL_LOC_LU  has been completed successfully!!!
2024-05-06T09:11:42.680230+0545 - ~~~~~~~~~~~~~~~~~~~~~~~~~~~~~~~~~~~~~~~~~~~~~~~~~~~~~~~~~~~~~~~~~~~~~~~~~~~~~~~~~~~~~~~~~~~~~~~~~~~~
2024-05-06T09:11:43.006510+0545 - [Info]: Connection has been closed successfully
2024-05-06T09:11:43.007505+0545 - ~~~~~~~~~~~~~~~~~~~~~~~~~~~~~~~~~~~~~~~~~~~~~~~~~~~~~~~~~~~~~~~~~~~~~~~~~~~~~~~~~~~~~~~~~~~~~~~~~~~~
