2024-03-22T15:55:15.808231+0545 - [Info]: ########################## Operations in DWH_CHANNEL_LOC_LU Table ##########################
2024-03-22T15:55:15.808231+0545 - ~~~~~~~~~~~~~~~~~~~~~~~~~~~~~~~~~~~~~~~~~~~~~~~~~~~~~~~~~~~~~~~~~~~~~~~~~~~~~~~~~~~~~~~~~~~~~~~~~~~~
2024-03-22T15:55:16.542285+0545 - [Info]: Snowflake has been connected successfully
2024-03-22T15:55:16.543332+0545 - ~~~~~~~~~~~~~~~~~~~~~~~~~~~~~~~~~~~~~~~~~~~~~~~~~~~~~~~~~~~~~~~~~~~~~~~~~~~~~~~~~~~~~~~~~~~~~~~~~~~~
2024-03-22T15:55:16.543332+0545 - [Info]: Creating Temp Table: TEMP_CHANNEL_LOC_LU
2024-03-22T15:55:16.544332+0545 - ~~~~~~~~~~~~~~~~~~~~~~~~~~~~~~~~~~~~~~~~~~~~~~~~~~~~~~~~~~~~~~~~~~~~~~~~~~~~~~~~~~~~~~~~~~~~~~~~~~~~
2024-03-22T15:55:16.654897+0545 - [Info]: Query has been executed successfully: 
CREATE TABLE IF NOT EXISTS TEMP_CHANNEL_LOC_LU(
                    LOC_ID INT,
                    CHANNEL_ID INT
                    )
2024-03-22T15:55:16.654897+0545 - ~~~~~~~~~~~~~~~~~~~~~~~~~~~~~~~~~~~~~~~~~~~~~~~~~~~~~~~~~~~~~~~~~~~~~~~~~~~~~~~~~~~~~~~~~~~~~~~~~~~~
2024-03-22T15:55:16.656118+0545 - [Info]: If table already exists then truncating temp table: TEMP_CHANNEL_LOC_LU
2024-03-22T15:55:16.656118+0545 - ~~~~~~~~~~~~~~~~~~~~~~~~~~~~~~~~~~~~~~~~~~~~~~~~~~~~~~~~~~~~~~~~~~~~~~~~~~~~~~~~~~~~~~~~~~~~~~~~~~~~
2024-03-22T15:55:16.881825+0545 - [Info]: Query has been executed successfully: TRUNCATE TEMP_CHANNEL_LOC_LU
2024-03-22T15:55:16.881825+0545 - ~~~~~~~~~~~~~~~~~~~~~~~~~~~~~~~~~~~~~~~~~~~~~~~~~~~~~~~~~~~~~~~~~~~~~~~~~~~~~~~~~~~~~~~~~~~~~~~~~~~~
2024-03-22T15:55:17.222343+0545 - [Info]: Query has been executed successfully: INSERT INTO TEMP_CHANNEL_LOC_LU (select * from V_CHANNEL_LOC)
2024-03-22T15:55:17.222343+0545 - ~~~~~~~~~~~~~~~~~~~~~~~~~~~~~~~~~~~~~~~~~~~~~~~~~~~~~~~~~~~~~~~~~~~~~~~~~~~~~~~~~~~~~~~~~~~~~~~~~~~~
2024-03-22T15:55:17.223347+0545 - [Info]: Creating Target Table: DWH_CHANNEL_LOC_LU
2024-03-22T15:55:17.223347+0545 - ~~~~~~~~~~~~~~~~~~~~~~~~~~~~~~~~~~~~~~~~~~~~~~~~~~~~~~~~~~~~~~~~~~~~~~~~~~~~~~~~~~~~~~~~~~~~~~~~~~~~
2024-03-22T15:55:17.314558+0545 - [Info]: Query has been executed successfully: 
CREATE TABLE IF NOT EXISTS DWH_CHANNEL_LOC_LU(
                    CHANNEL_LOC_KEY INT,
                    LOC_ID INT,
                    CHANNEL_ID INT,
                    REC_START_TS TIMESTAMP_LTZ,
                    REC_END_TS TIMESTAMP_LTZ,
                    REC_CLOSE_FLG BOOLEAN
                    )
2024-03-22T15:55:17.314558+0545 - ~~~~~~~~~~~~~~~~~~~~~~~~~~~~~~~~~~~~~~~~~~~~~~~~~~~~~~~~~~~~~~~~~~~~~~~~~~~~~~~~~~~~~~~~~~~~~~~~~~~~
2024-03-22T15:55:17.315603+0545 - [Info]: Updating and Inserting Target Table: DWH_CHANNEL_LOC_LU under SCD Type-1 Approach
2024-03-22T15:55:17.315603+0545 - ~~~~~~~~~~~~~~~~~~~~~~~~~~~~~~~~~~~~~~~~~~~~~~~~~~~~~~~~~~~~~~~~~~~~~~~~~~~~~~~~~~~~~~~~~~~~~~~~~~~~
2024-03-22T15:55:17.869500+0545 - [Error]: Query could not be executed with error: 100090 (42P18): Duplicate row detected during DML action
Row Values: [42, 1, 40, 1711094364843000000, 7258147199999999000, 0]
2024-03-22T15:55:17.870494+0545 - ~~~~~~~~~~~~~~~~~~~~~~~~~~~~~~~~~~~~~~~~~~~~~~~~~~~~~~~~~~~~~~~~~~~~~~~~~~~~~~~~~~~~~~~~~~~~~~~~~~~~
2024-03-22T15:55:17.870494+0545 - [Info]: Closing Inactives of: DWH_CHANNEL_LOC_LU under SCD Type-1 Approach
2024-03-22T15:55:17.870494+0545 - ~~~~~~~~~~~~~~~~~~~~~~~~~~~~~~~~~~~~~~~~~~~~~~~~~~~~~~~~~~~~~~~~~~~~~~~~~~~~~~~~~~~~~~~~~~~~~~~~~~~~
2024-03-22T15:55:18.056094+0545 - [Info]: Query has been executed successfully: 
            UPDATE DWH_CHANNEL_LOC_LU
            SET REC_CLOSE_FLG = TRUE,
            REC_END_TS = CURRENT_TIMESTAMP
            WHERE CHANNEL_ID NOT IN
            (SELECT DISTINCT CHANNEL_ID FROM TEMP_CHANNEL_LOC_LU)
            
2024-03-22T15:55:18.056956+0545 - ~~~~~~~~~~~~~~~~~~~~~~~~~~~~~~~~~~~~~~~~~~~~~~~~~~~~~~~~~~~~~~~~~~~~~~~~~~~~~~~~~~~~~~~~~~~~~~~~~~~~
2024-03-22T15:55:18.056956+0545 - [Info]: ETL of Table: DWH_CHANNEL_LOC_LU  has been completed successfully!!!
2024-03-22T15:55:18.057959+0545 - ~~~~~~~~~~~~~~~~~~~~~~~~~~~~~~~~~~~~~~~~~~~~~~~~~~~~~~~~~~~~~~~~~~~~~~~~~~~~~~~~~~~~~~~~~~~~~~~~~~~~
2024-03-22T15:55:18.208828+0545 - [Info]: Connection has been closed successfully
2024-03-22T15:55:18.209795+0545 - ~~~~~~~~~~~~~~~~~~~~~~~~~~~~~~~~~~~~~~~~~~~~~~~~~~~~~~~~~~~~~~~~~~~~~~~~~~~~~~~~~~~~~~~~~~~~~~~~~~~~
