2024-05-06T09:36:08.631347+0545 - [Info]: ########################## Operations in DWH_CHANNEL_LOC_LU Table ##########################
2024-05-06T09:36:08.633344+0545 - ~~~~~~~~~~~~~~~~~~~~~~~~~~~~~~~~~~~~~~~~~~~~~~~~~~~~~~~~~~~~~~~~~~~~~~~~~~~~~~~~~~~~~~~~~~~~~~~~~~~~
2024-05-06T09:36:09.396380+0545 - [Info]: Snowflake has been connected successfully
2024-05-06T09:36:09.396380+0545 - ~~~~~~~~~~~~~~~~~~~~~~~~~~~~~~~~~~~~~~~~~~~~~~~~~~~~~~~~~~~~~~~~~~~~~~~~~~~~~~~~~~~~~~~~~~~~~~~~~~~~
2024-05-06T09:36:09.397376+0545 - [Info]: Creating Temp Table: TEMP_CHANNEL_LOC_LU
2024-05-06T09:36:09.398375+0545 - ~~~~~~~~~~~~~~~~~~~~~~~~~~~~~~~~~~~~~~~~~~~~~~~~~~~~~~~~~~~~~~~~~~~~~~~~~~~~~~~~~~~~~~~~~~~~~~~~~~~~
2024-05-06T09:36:09.493148+0545 - [Error]: Query could not be executed with error: 090106 (22000): Cannot perform CREATE TABLE. This session does not have a current schema. Call 'USE SCHEMA', or use a qualified name.
2024-05-06T09:36:09.494135+0545 - ~~~~~~~~~~~~~~~~~~~~~~~~~~~~~~~~~~~~~~~~~~~~~~~~~~~~~~~~~~~~~~~~~~~~~~~~~~~~~~~~~~~~~~~~~~~~~~~~~~~~
2024-05-06T09:36:09.494135+0545 - [Info]: If table already exists then truncating temp table: TEMP_CHANNEL_LOC_LU
2024-05-06T09:36:09.494135+0545 - ~~~~~~~~~~~~~~~~~~~~~~~~~~~~~~~~~~~~~~~~~~~~~~~~~~~~~~~~~~~~~~~~~~~~~~~~~~~~~~~~~~~~~~~~~~~~~~~~~~~~
2024-05-06T09:36:09.588858+0545 - [Error]: Query could not be executed with error: 090106 (22000): Cannot perform TRUNCATE. This session does not have a current schema. Call 'USE SCHEMA', or use a qualified name.
2024-05-06T09:36:09.589861+0545 - ~~~~~~~~~~~~~~~~~~~~~~~~~~~~~~~~~~~~~~~~~~~~~~~~~~~~~~~~~~~~~~~~~~~~~~~~~~~~~~~~~~~~~~~~~~~~~~~~~~~~
2024-05-06T09:36:09.674718+0545 - [Error]: Query could not be executed with error: 002003 (42S02): SQL compilation error:
Object 'V_CHANNEL_LOC' does not exist or not authorized.
2024-05-06T09:36:09.674718+0545 - ~~~~~~~~~~~~~~~~~~~~~~~~~~~~~~~~~~~~~~~~~~~~~~~~~~~~~~~~~~~~~~~~~~~~~~~~~~~~~~~~~~~~~~~~~~~~~~~~~~~~
2024-05-06T09:36:09.674718+0545 - [Info]: Creating Target Table: DWH_CHANNEL_LOC_LU
2024-05-06T09:36:09.674718+0545 - ~~~~~~~~~~~~~~~~~~~~~~~~~~~~~~~~~~~~~~~~~~~~~~~~~~~~~~~~~~~~~~~~~~~~~~~~~~~~~~~~~~~~~~~~~~~~~~~~~~~~
2024-05-06T09:36:09.761427+0545 - [Error]: Query could not be executed with error: 090106 (22000): Cannot perform CREATE TABLE. This session does not have a current schema. Call 'USE SCHEMA', or use a qualified name.
2024-05-06T09:36:09.762434+0545 - ~~~~~~~~~~~~~~~~~~~~~~~~~~~~~~~~~~~~~~~~~~~~~~~~~~~~~~~~~~~~~~~~~~~~~~~~~~~~~~~~~~~~~~~~~~~~~~~~~~~~
2024-05-06T09:36:09.762434+0545 - [Info]: Updating and Inserting Target Table: DWH_CHANNEL_LOC_LU under SCD Type-1 Approach
2024-05-06T09:36:09.762434+0545 - ~~~~~~~~~~~~~~~~~~~~~~~~~~~~~~~~~~~~~~~~~~~~~~~~~~~~~~~~~~~~~~~~~~~~~~~~~~~~~~~~~~~~~~~~~~~~~~~~~~~~
2024-05-06T09:36:09.857105+0545 - [Error]: Query could not be executed with error: 002003 (42S02): SQL compilation error:
Object 'TEMP_CHANNEL_LOC_LU' does not exist or not authorized.
2024-05-06T09:36:09.858101+0545 - ~~~~~~~~~~~~~~~~~~~~~~~~~~~~~~~~~~~~~~~~~~~~~~~~~~~~~~~~~~~~~~~~~~~~~~~~~~~~~~~~~~~~~~~~~~~~~~~~~~~~
2024-05-06T09:36:09.858101+0545 - [Info]: Closing Inactives of: DWH_CHANNEL_LOC_LU under SCD Type-1 Approach
2024-05-06T09:36:09.858101+0545 - ~~~~~~~~~~~~~~~~~~~~~~~~~~~~~~~~~~~~~~~~~~~~~~~~~~~~~~~~~~~~~~~~~~~~~~~~~~~~~~~~~~~~~~~~~~~~~~~~~~~~
2024-05-06T09:36:09.946805+0545 - [Error]: Query could not be executed with error: 002003 (42S02): SQL compilation error:
Object 'DWH_CHANNEL_LOC_LU' does not exist or not authorized.
2024-05-06T09:36:09.946805+0545 - ~~~~~~~~~~~~~~~~~~~~~~~~~~~~~~~~~~~~~~~~~~~~~~~~~~~~~~~~~~~~~~~~~~~~~~~~~~~~~~~~~~~~~~~~~~~~~~~~~~~~
2024-05-06T09:36:09.946805+0545 - [Info]: ETL of Table: DWH_CHANNEL_LOC_LU  has been completed successfully!!!
2024-05-06T09:36:09.946805+0545 - ~~~~~~~~~~~~~~~~~~~~~~~~~~~~~~~~~~~~~~~~~~~~~~~~~~~~~~~~~~~~~~~~~~~~~~~~~~~~~~~~~~~~~~~~~~~~~~~~~~~~
2024-05-06T09:36:10.085801+0545 - [Info]: Connection has been closed successfully
2024-05-06T09:36:10.085801+0545 - ~~~~~~~~~~~~~~~~~~~~~~~~~~~~~~~~~~~~~~~~~~~~~~~~~~~~~~~~~~~~~~~~~~~~~~~~~~~~~~~~~~~~~~~~~~~~~~~~~~~~
