2024-07-18T09:08:33.604093+0545 - [Info]: ####### CONNECTION --> Starting ORACLE Jobs #######
2024-07-18T09:08:33.604093+0545 - ~~~~~~~~~~~~~~~~~~~~~~~~~~~~~~~~~~~~~~~~~~~~~~~~~~~~~~~~~~~~~~~~~~~~~~~~~~~~~~~~~~~~~~~~~~~~~~~~~~~~
2024-07-18T09:08:33.809219+0545 - [Info]: Connection has been established sucessfully
2024-07-18T09:08:33.810994+0545 - ~~~~~~~~~~~~~~~~~~~~~~~~~~~~~~~~~~~~~~~~~~~~~~~~~~~~~~~~~~~~~~~~~~~~~~~~~~~~~~~~~~~~~~~~~~~~~~~~~~~~
2024-07-18T09:08:33.824152+0545 - [Info]: Fetching ALL data SUCCESSFUL
2024-07-18T09:08:33.824152+0545 - ~~~~~~~~~~~~~~~~~~~~~~~~~~~~~~~~~~~~~~~~~~~~~~~~~~~~~~~~~~~~~~~~~~~~~~~~~~~~~~~~~~~~~~~~~~~~~~~~~~~~
2024-07-18T09:08:33.827233+0545 - [Info]: Column Fetching has been SUCCESSFUL
2024-07-18T09:08:33.827233+0545 - ~~~~~~~~~~~~~~~~~~~~~~~~~~~~~~~~~~~~~~~~~~~~~~~~~~~~~~~~~~~~~~~~~~~~~~~~~~~~~~~~~~~~~~~~~~~~~~~~~~~~
2024-07-18T09:08:33.829267+0545 - [Info]: ####### CONNECTION --> Starting SNOWFLAKE Jobs #######
2024-07-18T09:08:33.830266+0545 - ~~~~~~~~~~~~~~~~~~~~~~~~~~~~~~~~~~~~~~~~~~~~~~~~~~~~~~~~~~~~~~~~~~~~~~~~~~~~~~~~~~~~~~~~~~~~~~~~~~~~
2024-07-18T09:08:34.669514+0545 - [Info]: Snowflake has been connected successfully
2024-07-18T09:08:34.669514+0545 - ~~~~~~~~~~~~~~~~~~~~~~~~~~~~~~~~~~~~~~~~~~~~~~~~~~~~~~~~~~~~~~~~~~~~~~~~~~~~~~~~~~~~~~~~~~~~~~~~~~~~
2024-07-18T09:08:34.781785+0545 - [Info]: Query has been executed successfully: 
    CREATE STAGE IF NOT EXISTS RAW_STAGE
    COMMENT = 'Internal Stage for storing CSV files of raw data from Oracle'
    
2024-07-18T09:08:34.781785+0545 - ~~~~~~~~~~~~~~~~~~~~~~~~~~~~~~~~~~~~~~~~~~~~~~~~~~~~~~~~~~~~~~~~~~~~~~~~~~~~~~~~~~~~~~~~~~~~~~~~~~~~
2024-07-18T09:08:35.744367+0545 - [Info]: Query has been executed successfully: PUT file://C:/Users/shusant.sapkota/ETLProject/pythonProject/dump/raw/v_channel_loc/raw_v_channel_loc_full_data_from_oracle.csv @RAW_STAGE/V_CHANNEL_LOC_RAW AUTO_COMPRESS = FALSE OVERWRITE=TRUE
2024-07-18T09:08:35.744367+0545 - ~~~~~~~~~~~~~~~~~~~~~~~~~~~~~~~~~~~~~~~~~~~~~~~~~~~~~~~~~~~~~~~~~~~~~~~~~~~~~~~~~~~~~~~~~~~~~~~~~~~~
2024-07-18T09:08:35.901536+0545 - [Info]: Query has been executed successfully: 
                    CREATE TABLE IF NOT EXISTS V_CHANNEL_LOC (
                      LOC_ID INT,
                      CHANNEL_ID INT
                    )
2024-07-18T09:08:35.902091+0545 - ~~~~~~~~~~~~~~~~~~~~~~~~~~~~~~~~~~~~~~~~~~~~~~~~~~~~~~~~~~~~~~~~~~~~~~~~~~~~~~~~~~~~~~~~~~~~~~~~~~~~
2024-07-18T09:08:36.043666+0545 - [Info]: Query has been executed successfully: TRUNCATE V_CHANNEL_LOC
2024-07-18T09:08:36.043666+0545 - ~~~~~~~~~~~~~~~~~~~~~~~~~~~~~~~~~~~~~~~~~~~~~~~~~~~~~~~~~~~~~~~~~~~~~~~~~~~~~~~~~~~~~~~~~~~~~~~~~~~~
2024-07-18T09:08:36.516687+0545 - [Info]: Query has been executed successfully: COPY INTO V_CHANNEL_LOC FROM @RAW_STAGE/V_CHANNEL_LOC_RAW/raw_v_channel_loc_full_data_from_oracle.csv FILE_FORMAT = (FIELD_DELIMITER = ',' SKIP_HEADER=1)
2024-07-18T09:08:36.517245+0545 - ~~~~~~~~~~~~~~~~~~~~~~~~~~~~~~~~~~~~~~~~~~~~~~~~~~~~~~~~~~~~~~~~~~~~~~~~~~~~~~~~~~~~~~~~~~~~~~~~~~~~
2024-07-18T09:08:36.526418+0545 - [Info]: Connection has been closed successfully
2024-07-18T09:08:36.527876+0545 - ~~~~~~~~~~~~~~~~~~~~~~~~~~~~~~~~~~~~~~~~~~~~~~~~~~~~~~~~~~~~~~~~~~~~~~~~~~~~~~~~~~~~~~~~~~~~~~~~~~~~
