2024-05-06T11:17:55.825598+0545 - [Info]: ####### CONNECTION --> Starting ORACLE Jobs #######
2024-05-06T11:17:55.826541+0545 - ~~~~~~~~~~~~~~~~~~~~~~~~~~~~~~~~~~~~~~~~~~~~~~~~~~~~~~~~~~~~~~~~~~~~~~~~~~~~~~~~~~~~~~~~~~~~~~~~~~~~
2024-05-06T11:17:56.025769+0545 - [Info]: Connection has been established sucessfully
2024-05-06T11:17:56.027285+0545 - ~~~~~~~~~~~~~~~~~~~~~~~~~~~~~~~~~~~~~~~~~~~~~~~~~~~~~~~~~~~~~~~~~~~~~~~~~~~~~~~~~~~~~~~~~~~~~~~~~~~~
2024-05-06T11:17:56.037174+0545 - [Info]: Fetching ALL data SUCCESSFUL
2024-05-06T11:17:56.037174+0545 - ~~~~~~~~~~~~~~~~~~~~~~~~~~~~~~~~~~~~~~~~~~~~~~~~~~~~~~~~~~~~~~~~~~~~~~~~~~~~~~~~~~~~~~~~~~~~~~~~~~~~
2024-05-06T11:17:56.038364+0545 - [Info]: Column Fetching has been SUCCESSFUL
2024-05-06T11:17:56.039171+0545 - ~~~~~~~~~~~~~~~~~~~~~~~~~~~~~~~~~~~~~~~~~~~~~~~~~~~~~~~~~~~~~~~~~~~~~~~~~~~~~~~~~~~~~~~~~~~~~~~~~~~~
2024-05-06T11:17:56.040215+0545 - [Info]: ####### CONNECTION --> Starting SNOWFLAKE Jobs #######
2024-05-06T11:17:56.040215+0545 - ~~~~~~~~~~~~~~~~~~~~~~~~~~~~~~~~~~~~~~~~~~~~~~~~~~~~~~~~~~~~~~~~~~~~~~~~~~~~~~~~~~~~~~~~~~~~~~~~~~~~
2024-05-06T11:17:57.174043+0545 - [Info]: Snowflake has been connected successfully
2024-05-06T11:17:57.174043+0545 - ~~~~~~~~~~~~~~~~~~~~~~~~~~~~~~~~~~~~~~~~~~~~~~~~~~~~~~~~~~~~~~~~~~~~~~~~~~~~~~~~~~~~~~~~~~~~~~~~~~~~
2024-05-06T11:17:57.300996+0545 - [Info]: Query has been executed successfully: 
    CREATE STAGE IF NOT EXISTS RAW_STAGE
    COMMENT = 'Internal Stage for storing CSV files of raw data from Oracle'
    
2024-05-06T11:17:57.301521+0545 - ~~~~~~~~~~~~~~~~~~~~~~~~~~~~~~~~~~~~~~~~~~~~~~~~~~~~~~~~~~~~~~~~~~~~~~~~~~~~~~~~~~~~~~~~~~~~~~~~~~~~
2024-05-06T11:17:58.568842+0545 - [Info]: Query has been executed successfully: PUT file://C:/Users/shusant.sapkota/ETLProject/pythonProject/dump/raw/v_channel_loc/raw_v_channel_loc_full_data_from_oracle.csv @RAW_STAGE/V_CHANNEL_LOC_RAW AUTO_COMPRESS = FALSE OVERWRITE=TRUE
2024-05-06T11:17:58.569837+0545 - ~~~~~~~~~~~~~~~~~~~~~~~~~~~~~~~~~~~~~~~~~~~~~~~~~~~~~~~~~~~~~~~~~~~~~~~~~~~~~~~~~~~~~~~~~~~~~~~~~~~~
2024-05-06T11:17:58.718844+0545 - [Info]: Query has been executed successfully: 
                    CREATE TABLE IF NOT EXISTS V_CHANNEL_LOC (
                      LOC_ID INT,
                      CHANNEL_ID INT
                    )
2024-05-06T11:17:58.719992+0545 - ~~~~~~~~~~~~~~~~~~~~~~~~~~~~~~~~~~~~~~~~~~~~~~~~~~~~~~~~~~~~~~~~~~~~~~~~~~~~~~~~~~~~~~~~~~~~~~~~~~~~
2024-05-06T11:17:58.881572+0545 - [Info]: Query has been executed successfully: TRUNCATE V_CHANNEL_LOC
2024-05-06T11:17:58.882609+0545 - ~~~~~~~~~~~~~~~~~~~~~~~~~~~~~~~~~~~~~~~~~~~~~~~~~~~~~~~~~~~~~~~~~~~~~~~~~~~~~~~~~~~~~~~~~~~~~~~~~~~~
2024-05-06T11:17:59.695031+0545 - [Info]: Query has been executed successfully: COPY INTO V_CHANNEL_LOC FROM @RAW_STAGE/V_CHANNEL_LOC_RAW/raw_v_channel_loc_full_data_from_oracle.csv FILE_FORMAT = (FIELD_DELIMITER = ',' SKIP_HEADER=1)
2024-05-06T11:17:59.696009+0545 - ~~~~~~~~~~~~~~~~~~~~~~~~~~~~~~~~~~~~~~~~~~~~~~~~~~~~~~~~~~~~~~~~~~~~~~~~~~~~~~~~~~~~~~~~~~~~~~~~~~~~
2024-05-06T11:17:59.756337+0545 - [Info]: Connection has been closed successfully
2024-05-06T11:17:59.757057+0545 - ~~~~~~~~~~~~~~~~~~~~~~~~~~~~~~~~~~~~~~~~~~~~~~~~~~~~~~~~~~~~~~~~~~~~~~~~~~~~~~~~~~~~~~~~~~~~~~~~~~~~
