2024-05-02T09:35:55.752792+0545 - [Info]: ####### CONNECTION --> Starting ORACLE Jobs #######
2024-05-02T09:35:55.752792+0545 - ~~~~~~~~~~~~~~~~~~~~~~~~~~~~~~~~~~~~~~~~~~~~~~~~~~~~~~~~~~~~~~~~~~~~~~~~~~~~~~~~~~~~~~~~~~~~~~~~~~~~
2024-05-02T09:35:56.139226+0545 - [Info]: Connection has been established sucessfully
2024-05-02T09:35:56.140122+0545 - ~~~~~~~~~~~~~~~~~~~~~~~~~~~~~~~~~~~~~~~~~~~~~~~~~~~~~~~~~~~~~~~~~~~~~~~~~~~~~~~~~~~~~~~~~~~~~~~~~~~~
2024-05-02T09:35:56.176992+0545 - [Info]: Fetching ALL data SUCCESSFUL
2024-05-02T09:35:56.176992+0545 - ~~~~~~~~~~~~~~~~~~~~~~~~~~~~~~~~~~~~~~~~~~~~~~~~~~~~~~~~~~~~~~~~~~~~~~~~~~~~~~~~~~~~~~~~~~~~~~~~~~~~
2024-05-02T09:35:56.177962+0545 - [Info]: Column Fetching has been SUCCESSFUL
2024-05-02T09:35:56.177962+0545 - ~~~~~~~~~~~~~~~~~~~~~~~~~~~~~~~~~~~~~~~~~~~~~~~~~~~~~~~~~~~~~~~~~~~~~~~~~~~~~~~~~~~~~~~~~~~~~~~~~~~~
2024-05-02T09:35:56.180902+0545 - [Info]: ####### CONNECTION --> Starting SNOWFLAKE Jobs #######
2024-05-02T09:35:56.181898+0545 - ~~~~~~~~~~~~~~~~~~~~~~~~~~~~~~~~~~~~~~~~~~~~~~~~~~~~~~~~~~~~~~~~~~~~~~~~~~~~~~~~~~~~~~~~~~~~~~~~~~~~
2024-05-02T09:35:58.073992+0545 - [Info]: Snowflake has been connected successfully
2024-05-02T09:35:58.074991+0545 - ~~~~~~~~~~~~~~~~~~~~~~~~~~~~~~~~~~~~~~~~~~~~~~~~~~~~~~~~~~~~~~~~~~~~~~~~~~~~~~~~~~~~~~~~~~~~~~~~~~~~
2024-05-02T09:35:58.189540+0545 - [Info]: Query has been executed successfully: 
    CREATE STAGE IF NOT EXISTS RAW_STAGE
    COMMENT = 'Internal Stage for storing CSV files of raw data from Oracle'
    
2024-05-02T09:35:58.189540+0545 - ~~~~~~~~~~~~~~~~~~~~~~~~~~~~~~~~~~~~~~~~~~~~~~~~~~~~~~~~~~~~~~~~~~~~~~~~~~~~~~~~~~~~~~~~~~~~~~~~~~~~
2024-05-02T09:35:59.793151+0545 - [Info]: Query has been executed successfully: PUT file://C:/Users/shusant.sapkota/ETLProject/pythonProject/dump/raw/v_channel_loc/raw_v_channel_loc_full_data_from_oracle.csv @RAW_STAGE/V_CHANNEL_LOC_RAW AUTO_COMPRESS = FALSE OVERWRITE=TRUE
2024-05-02T09:35:59.794146+0545 - ~~~~~~~~~~~~~~~~~~~~~~~~~~~~~~~~~~~~~~~~~~~~~~~~~~~~~~~~~~~~~~~~~~~~~~~~~~~~~~~~~~~~~~~~~~~~~~~~~~~~
2024-05-02T09:35:59.942786+0545 - [Info]: Query has been executed successfully: 
                    CREATE TABLE IF NOT EXISTS V_CHANNEL_LOC (
                      LOC_ID INT,
                      CHANNEL_ID INT
                    )
2024-05-02T09:35:59.943674+0545 - ~~~~~~~~~~~~~~~~~~~~~~~~~~~~~~~~~~~~~~~~~~~~~~~~~~~~~~~~~~~~~~~~~~~~~~~~~~~~~~~~~~~~~~~~~~~~~~~~~~~~
2024-05-02T09:36:00.080611+0545 - [Info]: Query has been executed successfully: TRUNCATE V_CHANNEL_LOC
2024-05-02T09:36:00.081464+0545 - ~~~~~~~~~~~~~~~~~~~~~~~~~~~~~~~~~~~~~~~~~~~~~~~~~~~~~~~~~~~~~~~~~~~~~~~~~~~~~~~~~~~~~~~~~~~~~~~~~~~~
2024-05-02T09:36:02.150751+0545 - [Info]: Query has been executed successfully: COPY INTO V_CHANNEL_LOC FROM @RAW_STAGE/V_CHANNEL_LOC_RAW/raw_v_channel_loc_full_data_from_oracle.csv FILE_FORMAT = (FIELD_DELIMITER = ',' SKIP_HEADER=1)
2024-05-02T09:36:02.150751+0545 - ~~~~~~~~~~~~~~~~~~~~~~~~~~~~~~~~~~~~~~~~~~~~~~~~~~~~~~~~~~~~~~~~~~~~~~~~~~~~~~~~~~~~~~~~~~~~~~~~~~~~
2024-05-02T09:36:02.160582+0545 - [Info]: Connection has been closed successfully
2024-05-02T09:36:02.161408+0545 - ~~~~~~~~~~~~~~~~~~~~~~~~~~~~~~~~~~~~~~~~~~~~~~~~~~~~~~~~~~~~~~~~~~~~~~~~~~~~~~~~~~~~~~~~~~~~~~~~~~~~
